# JRE version: Java(TM) SE Runtime Environment (8.0_25-b18) (build 1.8.0_25-b18)
# Java VM: Java HotSpot(TM) 64-Bit Server VM (25.25-b02 mixed mode windows-amd64 compressed oops)
Heap:
 PSYoungGen      total 65024K, used 29694K [0x00000000f5580000, 0x00000000f9d00000, 0x0000000100000000)
  eden space 57856K, 51% used [0x00000000f5580000,0x00000000f727f918,0x00000000f8e00000)
  from space 7168K, 0% used [0x00000000f9600000,0x00000000f9600000,0x00000000f9d00000)
  to   space 7680K, 0% used [0x00000000f8e00000,0x00000000f8e00000,0x00000000f9580000)
 ParOldGen       total 107520K, used 26735K [0x00000000e0000000, 0x00000000e6900000, 0x00000000f5580000)
  object space 107520K, 24% used [0x00000000e0000000,0x00000000e1a1bd48,0x00000000e6900000)
 Metaspace       used 74398K, capacity 80038K, committed 80344K, reserved 1118208K
  class space    used 9373K, capacity 11152K, committed 11264K, reserved 1048576K
GC Heap History (10 events):
Event: 1537.828 GC heap before
{Heap before GC invocations=61 (full 27):
 PSYoungGen      total 65536K, used 448K [0x00000000f5580000, 0x00000000f9f00000, 0x0000000100000000)
  eden space 57856K, 0% used [0x00000000f5580000,0x00000000f5580000,0x00000000f8e00000)
  from space 7680K, 5% used [0x00000000f9780000,0x00000000f97f0000,0x00000000f9f00000)
  to   space 8704K, 0% used [0x00000000f8e00000,0x00000000f8e00000,0x00000000f9680000)
 ParOldGen       total 107520K, used 26734K [0x00000000e0000000, 0x00000000e6900000, 0x00000000f5580000)
  object space 107520K, 24% used [0x00000000e0000000,0x00000000e1a1b9c0,0x00000000e6900000)
 Metaspace       used 73263K, capacity 78848K, committed 79064K, reserved 1118208K
  class space    used 9241K, capacity 10991K, committed 11008K, reserved 1048576K
Event: 1537.913 GC heap after
Heap after GC invocations=61 (full 27):
 PSYoungGen      total 65536K, used 0K [0x00000000f5580000, 0x00000000f9f00000, 0x0000000100000000)
  eden space 57856K, 0% used [0x00000000f5580000,0x00000000f5580000,0x00000000f8e00000)
  from space 7680K, 0% used [0x00000000f9780000,0x00000000f9780000,0x00000000f9f00000)
  to   space 8704K, 0% used [0x00000000f8e00000,0x00000000f8e00000,0x00000000f9680000)
 ParOldGen       total 107520K, used 26852K [0x00000000e0000000, 0x00000000e6900000, 0x00000000f5580000)
  object space 107520K, 24% used [0x00000000e0000000,0x00000000e1a39220,0x00000000e6900000)
 Metaspace       used 73263K, capacity 78848K, committed 79064K, reserved 1118208K
  class space    used 9241K, capacity 10991K, committed 11008K, reserved 1048576K
}
Event: 1597.834 GC heap before
{Heap before GC invocations=62 (full 27):
 PSYoungGen      total 65536K, used 2988K [0x00000000f5580000, 0x00000000f9f00000, 0x0000000100000000)
  eden space 57856K, 5% used [0x00000000f5580000,0x00000000f586b2a0,0x00000000f8e00000)
  from space 7680K, 0% used [0x00000000f9780000,0x00000000f9780000,0x00000000f9f00000)
  to   space 8704K, 0% used [0x00000000f8e00000,0x00000000f8e00000,0x00000000f9680000)
 ParOldGen       total 107520K, used 26852K [0x00000000e0000000, 0x00000000e6900000, 0x00000000f5580000)
  object space 107520K, 24% used [0x00000000e0000000,0x00000000e1a39220,0x00000000e6900000)
 Metaspace       used 73264K, capacity 78848K, committed 79064K, reserved 1118208K
  class space    used 9241K, capacity 10991K, committed 11008K, reserved 1048576K
Event: 1597.840 GC heap after
Heap after GC invocations=62 (full 27):
 PSYoungGen      total 58368K, used 224K [0x00000000f5580000, 0x00000000f9e00000, 0x0000000100000000)
  eden space 57856K, 0% used [0x00000000f5580000,0x00000000f5580000,0x00000000f8e00000)
  from space 512K, 43% used [0x00000000f8e00000,0x00000000f8e38000,0x00000000f8e80000)
  to   space 8192K, 0% used [0x00000000f9600000,0x00000000f9600000,0x00000000f9e00000)
 ParOldGen       total 107520K, used 26852K [0x00000000e0000000, 0x00000000e6900000, 0x00000000f5580000)
  object space 107520K, 24% used [0x00000000e0000000,0x00000000e1a39220,0x00000000e6900000)
 Metaspace       used 73264K, capacity 78848K, committed 79064K, reserved 1118208K
  class space    used 9241K, capacity 10991K, committed 11008K, reserved 1048576K
}
Event: 1597.840 GC heap before
{Heap before GC invocations=63 (full 28):
 PSYoungGen      total 58368K, used 224K [0x00000000f5580000, 0x00000000f9e00000, 0x0000000100000000)
  eden space 57856K, 0% used [0x00000000f5580000,0x00000000f5580000,0x00000000f8e00000)
  from space 512K, 43% used [0x00000000f8e00000,0x00000000f8e38000,0x00000000f8e80000)
  to   space 8192K, 0% used [0x00000000f9600000,0x00000000f9600000,0x00000000f9e00000)
 ParOldGen       total 107520K, used 26852K [0x00000000e0000000, 0x00000000e6900000, 0x00000000f5580000)
  object space 107520K, 24% used [0x00000000e0000000,0x00000000e1a39220,0x00000000e6900000)
 Metaspace       used 73264K, capacity 78848K, committed 79064K, reserved 1118208K
  class space    used 9241K, capacity 10991K, committed 11008K, reserved 1048576K
Event: 1597.960 GC heap after
Heap after GC invocations=63 (full 28):
 PSYoungGen      total 58368K, used 0K [0x00000000f5580000, 0x00000000f9e00000, 0x0000000100000000)
  eden space 57856K, 0% used [0x00000000f5580000,0x00000000f5580000,0x00000000f8e00000)
  from space 512K, 0% used [0x00000000f8e00000,0x00000000f8e00000,0x00000000f8e80000)
  to   space 8192K, 0% used [0x00000000f9600000,0x00000000f9600000,0x00000000f9e00000)
 ParOldGen       total 107520K, used 26735K [0x00000000e0000000, 0x00000000e6900000, 0x00000000f5580000)
  object space 107520K, 24% used [0x00000000e0000000,0x00000000e1a1bd48,0x00000000e6900000)
 Metaspace       used 73264K, capacity 78848K, committed 79064K, reserved 1118208K
  class space    used 9241K, capacity 10991K, committed 11008K, reserved 1048576K
}
Event: 1657.833 GC heap before
{Heap before GC invocations=64 (full 28):
 PSYoungGen      total 58368K, used 3483K [0x00000000f5580000, 0x00000000f9e00000, 0x0000000100000000)
  eden space 57856K, 6% used [0x00000000f5580000,0x00000000f58e6fc8,0x00000000f8e00000)
  from space 512K, 0% used [0x00000000f8e00000,0x00000000f8e00000,0x00000000f8e80000)
  to   space 8192K, 0% used [0x00000000f9600000,0x00000000f9600000,0x00000000f9e00000)
 ParOldGen       total 107520K, used 26735K [0x00000000e0000000, 0x00000000e6900000, 0x00000000f5580000)
  object space 107520K, 24% used [0x00000000e0000000,0x00000000e1a1bd48,0x00000000e6900000)
 Metaspace       used 73264K, capacity 78848K, committed 79064K, reserved 1118208K
  class space    used 9241K, capacity 10991K, committed 11008K, reserved 1048576K
Event: 1657.836 GC heap after
Heap after GC invocations=64 (full 28):
 PSYoungGen      total 65024K, used 288K [0x00000000f5580000, 0x00000000f9d00000, 0x0000000100000000)
  eden space 57856K, 0% used [0x00000000f5580000,0x00000000f5580000,0x00000000f8e00000)
  from space 7168K, 4% used [0x00000000f9600000,0x00000000f9648000,0x00000000f9d00000)
  to   space 7680K, 0% used [0x00000000f8e00000,0x00000000f8e00000,0x00000000f9580000)
 ParOldGen       total 107520K, used 26735K [0x00000000e0000000, 0x00000000e6900000, 0x00000000f5580000)
  object space 107520K, 24% used [0x00000000e0000000,0x00000000e1a1bd48,0x00000000e6900000)
 Metaspace       used 73264K, capacity 78848K, committed 79064K, reserved 1118208K
  class space    used 9241K, capacity 10991K, committed 11008K, reserved 1048576K
}
Event: 1657.836 GC heap before
{Heap before GC invocations=65 (full 29):
 PSYoungGen      total 65024K, used 288K [0x00000000f5580000, 0x00000000f9d00000, 0x0000000100000000)
  eden space 57856K, 0% used [0x00000000f5580000,0x00000000f5580000,0x00000000f8e00000)
  from space 7168K, 4% used [0x00000000f9600000,0x00000000f9648000,0x00000000f9d00000)
  to   space 7680K, 0% used [0x00000000f8e00000,0x00000000f8e00000,0x00000000f9580000)
 ParOldGen       total 107520K, used 26735K [0x00000000e0000000, 0x00000000e6900000, 0x00000000f5580000)
  object space 107520K, 24% used [0x00000000e0000000,0x00000000e1a1bd48,0x00000000e6900000)
 Metaspace       used 73264K, capacity 78848K, committed 79064K, reserved 1118208K
  class space    used 9241K, capacity 10991K, committed 11008K, reserved 1048576K
Event: 1657.924 GC heap after
Heap after GC invocations=65 (full 29):
 PSYoungGen      total 65024K, used 0K [0x00000000f5580000, 0x00000000f9d00000, 0x0000000100000000)
  eden space 57856K, 0% used [0x00000000f5580000,0x00000000f5580000,0x00000000f8e00000)
  from space 7168K, 0% used [0x00000000f9600000,0x00000000f9600000,0x00000000f9d00000)
  to   space 7680K, 0% used [0x00000000f8e00000,0x00000000f8e00000,0x00000000f9580000)
 ParOldGen       total 107520K, used 26735K [0x00000000e0000000, 0x00000000e6900000, 0x00000000f5580000)
  object space 107520K, 24% used [0x00000000e0000000,0x00000000e1a1bd48,0x00000000e6900000)
 Metaspace       used 73264K, capacity 78848K, committed 79064K, reserved 1118208K
  class space    used 9241K, capacity 10991K, committed 11008K, reserved 1048576K
}

