# JRE version: Java(TM) SE Runtime Environment (8.0_25-b18) (build 1.8.0_25-b18)
# Java VM: Java HotSpot(TM) 64-Bit Server VM (25.25-b02 mixed mode windows-amd64 compressed oops)
Heap:
 PSYoungGen      total 86016K, used 47761K [0x00000000f5580000, 0x00000000fbc00000, 0x0000000100000000)
  eden space 77312K, 50% used [0x00000000f5580000,0x00000000f7bc07b8,0x00000000fa100000)
  from space 8704K, 98% used [0x00000000fa300000,0x00000000fab64008,0x00000000fab80000)
  to   space 13824K, 0% used [0x00000000fae80000,0x00000000fae80000,0x00000000fbc00000)
 ParOldGen       total 90112K, used 30630K [0x00000000e0000000, 0x00000000e5800000, 0x00000000f5580000)
  object space 90112K, 33% used [0x00000000e0000000,0x00000000e1de9898,0x00000000e5800000)
 Metaspace       used 86139K, capacity 92328K, committed 92632K, reserved 1130496K
  class space    used 10463K, capacity 12380K, committed 12504K, reserved 1048576K
GC Heap History (10 events):
Event: 2866.501 GC heap before
{Heap before GC invocations=48 (full 15):
 PSYoungGen      total 98304K, used 93664K [0x00000000f5580000, 0x00000000fc400000, 0x0000000100000000)
  eden space 88576K, 100% used [0x00000000f5580000,0x00000000fac00000,0x00000000fac00000)
  from space 9728K, 52% used [0x00000000fba80000,0x00000000fbf78338,0x00000000fc400000)
  to   space 12288K, 0% used [0x00000000fac00000,0x00000000fac00000,0x00000000fb800000)
 ParOldGen       total 90112K, used 30590K [0x00000000e0000000, 0x00000000e5800000, 0x00000000f5580000)
  object space 90112K, 33% used [0x00000000e0000000,0x00000000e1ddf898,0x00000000e5800000)
 Metaspace       used 81298K, capacity 86966K, committed 87256K, reserved 1124352K
  class space    used 9921K, capacity 11666K, committed 11736K, reserved 1048576K
Event: 2866.505 GC heap after
Heap after GC invocations=48 (full 15):
 PSYoungGen      total 90624K, used 4565K [0x00000000f5580000, 0x00000000fbf80000, 0x0000000100000000)
  eden space 86016K, 0% used [0x00000000f5580000,0x00000000f5580000,0x00000000fa980000)
  from space 4608K, 99% used [0x00000000fac00000,0x00000000fb0757d0,0x00000000fb080000)
  to   space 11264K, 0% used [0x00000000fb480000,0x00000000fb480000,0x00000000fbf80000)
 ParOldGen       total 90112K, used 30598K [0x00000000e0000000, 0x00000000e5800000, 0x00000000f5580000)
  object space 90112K, 33% used [0x00000000e0000000,0x00000000e1de1898,0x00000000e5800000)
 Metaspace       used 81298K, capacity 86966K, committed 87256K, reserved 1124352K
  class space    used 9921K, capacity 11666K, committed 11736K, reserved 1048576K
}
Event: 3273.180 GC heap before
{Heap before GC invocations=49 (full 15):
 PSYoungGen      total 90624K, used 90581K [0x00000000f5580000, 0x00000000fbf80000, 0x0000000100000000)
  eden space 86016K, 100% used [0x00000000f5580000,0x00000000fa980000,0x00000000fa980000)
  from space 4608K, 99% used [0x00000000fac00000,0x00000000fb0757d0,0x00000000fb080000)
  to   space 11264K, 0% used [0x00000000fb480000,0x00000000fb480000,0x00000000fbf80000)
 ParOldGen       total 90112K, used 30598K [0x00000000e0000000, 0x00000000e5800000, 0x00000000f5580000)
  object space 90112K, 33% used [0x00000000e0000000,0x00000000e1de1898,0x00000000e5800000)
 Metaspace       used 81558K, capacity 87238K, committed 87512K, reserved 1124352K
  class space    used 9938K, capacity 11669K, committed 11736K, reserved 1048576K
Event: 3273.186 GC heap after
Heap after GC invocations=49 (full 15):
 PSYoungGen      total 92160K, used 5594K [0x00000000f5580000, 0x00000000fbd00000, 0x0000000100000000)
  eden space 83456K, 0% used [0x00000000f5580000,0x00000000f5580000,0x00000000fa700000)
  from space 8704K, 64% used [0x00000000fb480000,0x00000000fb9f6ac8,0x00000000fbd00000)
  to   space 11264K, 0% used [0x00000000fa700000,0x00000000fa700000,0x00000000fb200000)
 ParOldGen       total 90112K, used 30606K [0x00000000e0000000, 0x00000000e5800000, 0x00000000f5580000)
  object space 90112K, 33% used [0x00000000e0000000,0x00000000e1de3898,0x00000000e5800000)
 Metaspace       used 81558K, capacity 87238K, committed 87512K, reserved 1124352K
  class space    used 9938K, capacity 11669K, committed 11736K, reserved 1048576K
}
Event: 3557.227 GC heap before
{Heap before GC invocations=50 (full 15):
 PSYoungGen      total 92160K, used 89039K [0x00000000f5580000, 0x00000000fbd00000, 0x0000000100000000)
  eden space 83456K, 99% used [0x00000000f5580000,0x00000000fa6fd330,0x00000000fa700000)
  from space 8704K, 64% used [0x00000000fb480000,0x00000000fb9f6ac8,0x00000000fbd00000)
  to   space 11264K, 0% used [0x00000000fa700000,0x00000000fa700000,0x00000000fb200000)
 ParOldGen       total 90112K, used 30606K [0x00000000e0000000, 0x00000000e5800000, 0x00000000f5580000)
  object space 90112K, 33% used [0x00000000e0000000,0x00000000e1de3898,0x00000000e5800000)
 Metaspace       used 84367K, capacity 90438K, committed 90584K, reserved 1128448K
  class space    used 10314K, capacity 12137K, committed 12248K, reserved 1048576K
Event: 3557.235 GC heap after
Heap after GC invocations=50 (full 15):
 PSYoungGen      total 91648K, used 9847K [0x00000000f5580000, 0x00000000fbe00000, 0x0000000100000000)
  eden space 81408K, 0% used [0x00000000f5580000,0x00000000f5580000,0x00000000fa500000)
  from space 10240K, 96% used [0x00000000fa700000,0x00000000fb09de90,0x00000000fb100000)
  to   space 12800K, 0% used [0x00000000fb180000,0x00000000fb180000,0x00000000fbe00000)
 ParOldGen       total 90112K, used 30614K [0x00000000e0000000, 0x00000000e5800000, 0x00000000f5580000)
  object space 90112K, 33% used [0x00000000e0000000,0x00000000e1de5898,0x00000000e5800000)
 Metaspace       used 84367K, capacity 90438K, committed 90584K, reserved 1128448K
  class space    used 10314K, capacity 12137K, committed 12248K, reserved 1048576K
}
Event: 3680.864 GC heap before
{Heap before GC invocations=51 (full 15):
 PSYoungGen      total 91648K, used 91255K [0x00000000f5580000, 0x00000000fbe00000, 0x0000000100000000)
  eden space 81408K, 100% used [0x00000000f5580000,0x00000000fa500000,0x00000000fa500000)
  from space 10240K, 96% used [0x00000000fa700000,0x00000000fb09de90,0x00000000fb100000)
  to   space 12800K, 0% used [0x00000000fb180000,0x00000000fb180000,0x00000000fbe00000)
 ParOldGen       total 90112K, used 30614K [0x00000000e0000000, 0x00000000e5800000, 0x00000000f5580000)
  object space 90112K, 33% used [0x00000000e0000000,0x00000000e1de5898,0x00000000e5800000)
 Metaspace       used 85141K, capacity 91340K, committed 91608K, reserved 1128448K
  class space    used 10380K, capacity 12243K, committed 12248K, reserved 1048576K
Event: 3680.874 GC heap after
Heap after GC invocations=51 (full 15):
 PSYoungGen      total 91136K, used 9048K [0x00000000f5580000, 0x00000000fbd00000, 0x0000000100000000)
  eden space 79360K, 0% used [0x00000000f5580000,0x00000000f5580000,0x00000000fa300000)
  from space 11776K, 76% used [0x00000000fb180000,0x00000000fba56380,0x00000000fbd00000)
  to   space 13312K, 0% used [0x00000000fa300000,0x00000000fa300000,0x00000000fb000000)
 ParOldGen       total 90112K, used 30622K [0x00000000e0000000, 0x00000000e5800000, 0x00000000f5580000)
  object space 90112K, 33% used [0x00000000e0000000,0x00000000e1de7898,0x00000000e5800000)
 Metaspace       used 85141K, capacity 91340K, committed 91608K, reserved 1128448K
  class space    used 10380K, capacity 12243K, committed 12248K, reserved 1048576K
}
Event: 3742.227 GC heap before
{Heap before GC invocations=52 (full 15):
 PSYoungGen      total 91136K, used 88408K [0x00000000f5580000, 0x00000000fbd00000, 0x0000000100000000)
  eden space 79360K, 100% used [0x00000000f5580000,0x00000000fa300000,0x00000000fa300000)
  from space 11776K, 76% used [0x00000000fb180000,0x00000000fba56380,0x00000000fbd00000)
  to   space 13312K, 0% used [0x00000000fa300000,0x00000000fa300000,0x00000000fb000000)
 ParOldGen       total 90112K, used 30622K [0x00000000e0000000, 0x00000000e5800000, 0x00000000f5580000)
  object space 90112K, 33% used [0x00000000e0000000,0x00000000e1de7898,0x00000000e5800000)
 Metaspace       used 85452K, capacity 91708K, committed 91992K, reserved 1128448K
  class space    used 10388K, capacity 12281K, committed 12376K, reserved 1048576K
Event: 3742.235 GC heap after
Heap after GC invocations=52 (full 15):
 PSYoungGen      total 86016K, used 8592K [0x00000000f5580000, 0x00000000fbc00000, 0x0000000100000000)
  eden space 77312K, 0% used [0x00000000f5580000,0x00000000f5580000,0x00000000fa100000)
  from space 8704K, 98% used [0x00000000fa300000,0x00000000fab64008,0x00000000fab80000)
  to   space 13824K, 0% used [0x00000000fae80000,0x00000000fae80000,0x00000000fbc00000)
 ParOldGen       total 90112K, used 30630K [0x00000000e0000000, 0x00000000e5800000, 0x00000000f5580000)
  object space 90112K, 33% used [0x00000000e0000000,0x00000000e1de9898,0x00000000e5800000)
 Metaspace       used 85452K, capacity 91708K, committed 91992K, reserved 1128448K
  class space    used 10388K, capacity 12281K, committed 12376K, reserved 1048576K
}

