# JRE version: Java(TM) SE Runtime Environment (8.0_25-b18) (build 1.8.0_25-b18)
# Java VM: Java HotSpot(TM) 64-Bit Server VM (25.25-b02 mixed mode windows-amd64 compressed oops)
Heap:
 PSYoungGen      total 99328K, used 18828K [0x00000000f5580000, 0x00000000fcb80000, 0x0000000100000000)
  eden space 78848K, 23% used [0x00000000f5580000,0x00000000f67e3148,0x00000000fa280000)
  from space 20480K, 0% used [0x00000000fb780000,0x00000000fb780000,0x00000000fcb80000)
  to   space 20992K, 0% used [0x00000000fa280000,0x00000000fa280000,0x00000000fb700000)
 ParOldGen       total 81920K, used 35890K [0x00000000e0000000, 0x00000000e5000000, 0x00000000f5580000)
  object space 81920K, 43% used [0x00000000e0000000,0x00000000e230ca18,0x00000000e5000000)
 Metaspace       used 76152K, capacity 81950K, committed 82008K, reserved 1120256K
  class space    used 9568K, capacity 11377K, committed 11392K, reserved 1048576K
GC Heap History (10 events):
Event: 18.359 GC heap before
{Heap before GC invocations=14 (full 3):
 PSYoungGen      total 76800K, used 1168K [0x00000000f5580000, 0x00000000fc080000, 0x0000000100000000)
  eden space 58880K, 0% used [0x00000000f5580000,0x00000000f5580000,0x00000000f8f00000)
  from space 17920K, 6% used [0x00000000f8f00000,0x00000000f9024020,0x00000000fa080000)
  to   space 18432K, 0% used [0x00000000fae80000,0x00000000fae80000,0x00000000fc080000)
 ParOldGen       total 58880K, used 28790K [0x00000000e0000000, 0x00000000e3980000, 0x00000000f5580000)
  object space 58880K, 48% used [0x00000000e0000000,0x00000000e1c1da90,0x00000000e3980000)
 Metaspace       used 54341K, capacity 58888K, committed 59028K, reserved 1099776K
  class space    used 6834K, capacity 8191K, committed 8192K, reserved 1048576K
Event: 18.606 GC heap after
Heap after GC invocations=14 (full 3):
 PSYoungGen      total 76800K, used 0K [0x00000000f5580000, 0x00000000fc080000, 0x0000000100000000)
  eden space 58880K, 0% used [0x00000000f5580000,0x00000000f5580000,0x00000000f8f00000)
  from space 17920K, 0% used [0x00000000f8f00000,0x00000000f8f00000,0x00000000fa080000)
  to   space 18432K, 0% used [0x00000000fae80000,0x00000000fae80000,0x00000000fc080000)
 ParOldGen       total 81920K, used 26577K [0x00000000e0000000, 0x00000000e5000000, 0x00000000f5580000)
  object space 81920K, 32% used [0x00000000e0000000,0x00000000e19f4468,0x00000000e5000000)
 Metaspace       used 54341K, capacity 58888K, committed 59028K, reserved 1099776K
  class space    used 6834K, capacity 8191K, committed 8192K, reserved 1048576K
}
Event: 49.743 GC heap before
{Heap before GC invocations=15 (full 3):
 PSYoungGen      total 76800K, used 58880K [0x00000000f5580000, 0x00000000fc080000, 0x0000000100000000)
  eden space 58880K, 100% used [0x00000000f5580000,0x00000000f8f00000,0x00000000f8f00000)
  from space 17920K, 0% used [0x00000000f8f00000,0x00000000f8f00000,0x00000000fa080000)
  to   space 18432K, 0% used [0x00000000fae80000,0x00000000fae80000,0x00000000fc080000)
 ParOldGen       total 81920K, used 26577K [0x00000000e0000000, 0x00000000e5000000, 0x00000000f5580000)
  object space 81920K, 32% used [0x00000000e0000000,0x00000000e19f4468,0x00000000e5000000)
 Metaspace       used 62083K, capacity 67438K, committed 67672K, reserved 1107968K
  class space    used 7771K, capacity 9514K, committed 9600K, reserved 1048576K
Event: 49.752 GC heap after
Heap after GC invocations=15 (full 3):
 PSYoungGen      total 83968K, used 10425K [0x00000000f5580000, 0x00000000fbd00000, 0x0000000100000000)
  eden space 69120K, 0% used [0x00000000f5580000,0x00000000f5580000,0x00000000f9900000)
  from space 14848K, 70% used [0x00000000fae80000,0x00000000fb8ae628,0x00000000fbd00000)
  to   space 18432K, 0% used [0x00000000f9900000,0x00000000f9900000,0x00000000fab00000)
 ParOldGen       total 81920K, used 26585K [0x00000000e0000000, 0x00000000e5000000, 0x00000000f5580000)
  object space 81920K, 32% used [0x00000000e0000000,0x00000000e19f6468,0x00000000e5000000)
 Metaspace       used 62083K, capacity 67438K, committed 67672K, reserved 1107968K
  class space    used 7771K, capacity 9514K, committed 9600K, reserved 1048576K
}
Event: 68.323 GC heap before
{Heap before GC invocations=16 (full 3):
 PSYoungGen      total 83968K, used 79545K [0x00000000f5580000, 0x00000000fbd00000, 0x0000000100000000)
  eden space 69120K, 100% used [0x00000000f5580000,0x00000000f9900000,0x00000000f9900000)
  from space 14848K, 70% used [0x00000000fae80000,0x00000000fb8ae628,0x00000000fbd00000)
  to   space 18432K, 0% used [0x00000000f9900000,0x00000000f9900000,0x00000000fab00000)
 ParOldGen       total 81920K, used 26585K [0x00000000e0000000, 0x00000000e5000000, 0x00000000f5580000)
  object space 81920K, 32% used [0x00000000e0000000,0x00000000e19f6468,0x00000000e5000000)
 Metaspace       used 73330K, capacity 78940K, committed 79192K, reserved 1118208K
  class space    used 9323K, capacity 11084K, committed 11136K, reserved 1048576K
Event: 68.336 GC heap after
Heap after GC invocations=16 (full 3):
 PSYoungGen      total 87552K, used 18430K [0x00000000f5580000, 0x00000000fcc80000, 0x0000000100000000)
  eden space 69120K, 0% used [0x00000000f5580000,0x00000000f5580000,0x00000000f9900000)
  from space 18432K, 99% used [0x00000000f9900000,0x00000000faaffbc8,0x00000000fab00000)
  to   space 21504K, 0% used [0x00000000fb780000,0x00000000fb780000,0x00000000fcc80000)
 ParOldGen       total 81920K, used 27820K [0x00000000e0000000, 0x00000000e5000000, 0x00000000f5580000)
  object space 81920K, 33% used [0x00000000e0000000,0x00000000e1b2b0d0,0x00000000e5000000)
 Metaspace       used 73330K, capacity 78940K, committed 79192K, reserved 1118208K
  class space    used 9323K, capacity 11084K, committed 11136K, reserved 1048576K
}
Event: 92.869 GC heap before
{Heap before GC invocations=17 (full 3):
 PSYoungGen      total 87552K, used 49234K [0x00000000f5580000, 0x00000000fcc80000, 0x0000000100000000)
  eden space 69120K, 44% used [0x00000000f5580000,0x00000000f7395008,0x00000000f9900000)
  from space 18432K, 99% used [0x00000000f9900000,0x00000000faaffbc8,0x00000000fab00000)
  to   space 21504K, 0% used [0x00000000fb780000,0x00000000fb780000,0x00000000fcc80000)
 ParOldGen       total 81920K, used 27820K [0x00000000e0000000, 0x00000000e5000000, 0x00000000f5580000)
  object space 81920K, 33% used [0x00000000e0000000,0x00000000e1b2b0d0,0x00000000e5000000)
 Metaspace       used 74947K, capacity 80698K, committed 80856K, reserved 1118208K
  class space    used 9438K, capacity 11217K, committed 11264K, reserved 1048576K
Event: 92.877 GC heap after
Heap after GC invocations=17 (full 3):
 PSYoungGen      total 99328K, used 7106K [0x00000000f5580000, 0x00000000fcb80000, 0x0000000100000000)
  eden space 78848K, 0% used [0x00000000f5580000,0x00000000f5580000,0x00000000fa280000)
  from space 20480K, 34% used [0x00000000fb780000,0x00000000fbe70898,0x00000000fcb80000)
  to   space 20992K, 0% used [0x00000000fa280000,0x00000000fa280000,0x00000000fb700000)
 ParOldGen       total 81920K, used 31421K [0x00000000e0000000, 0x00000000e5000000, 0x00000000f5580000)
  object space 81920K, 38% used [0x00000000e0000000,0x00000000e1eaf560,0x00000000e5000000)
 Metaspace       used 74947K, capacity 80698K, committed 80856K, reserved 1118208K
  class space    used 9438K, capacity 11217K, committed 11264K, reserved 1048576K
}
Event: 92.877 GC heap before
{Heap before GC invocations=18 (full 4):
 PSYoungGen      total 99328K, used 7106K [0x00000000f5580000, 0x00000000fcb80000, 0x0000000100000000)
  eden space 78848K, 0% used [0x00000000f5580000,0x00000000f5580000,0x00000000fa280000)
  from space 20480K, 34% used [0x00000000fb780000,0x00000000fbe70898,0x00000000fcb80000)
  to   space 20992K, 0% used [0x00000000fa280000,0x00000000fa280000,0x00000000fb700000)
 ParOldGen       total 81920K, used 31421K [0x00000000e0000000, 0x00000000e5000000, 0x00000000f5580000)
  object space 81920K, 38% used [0x00000000e0000000,0x00000000e1eaf560,0x00000000e5000000)
 Metaspace       used 74947K, capacity 80698K, committed 80856K, reserved 1118208K
  class space    used 9438K, capacity 11217K, committed 11264K, reserved 1048576K
Event: 93.186 GC heap after
Heap after GC invocations=18 (full 4):
 PSYoungGen      total 99328K, used 0K [0x00000000f5580000, 0x00000000fcb80000, 0x0000000100000000)
  eden space 78848K, 0% used [0x00000000f5580000,0x00000000f5580000,0x00000000fa280000)
  from space 20480K, 0% used [0x00000000fb780000,0x00000000fb780000,0x00000000fcb80000)
  to   space 20992K, 0% used [0x00000000fa280000,0x00000000fa280000,0x00000000fb700000)
 ParOldGen       total 81920K, used 35890K [0x00000000e0000000, 0x00000000e5000000, 0x00000000f5580000)
  object space 81920K, 43% used [0x00000000e0000000,0x00000000e230ca18,0x00000000e5000000)
 Metaspace       used 74947K, capacity 80698K, committed 80856K, reserved 1118208K
  class space    used 9438K, capacity 11217K, committed 11264K, reserved 1048576K
}

