# JRE version: Java(TM) SE Runtime Environment (8.0_25-b18) (build 1.8.0_25-b18)
# Java VM: Java HotSpot(TM) 64-Bit Server VM (25.25-b02 mixed mode windows-amd64 compressed oops)
Heap:
 PSYoungGen      total 100352K, used 33664K [0x00000000f5580000, 0x00000000fce00000, 0x0000000100000000)
  eden space 79360K, 21% used [0x00000000f5580000,0x00000000f666fc20,0x00000000fa300000)
  from space 20992K, 77% used [0x00000000fb980000,0x00000000fc970718,0x00000000fce00000)
  to   space 22016K, 0% used [0x00000000fa300000,0x00000000fa300000,0x00000000fb880000)
 ParOldGen       total 84992K, used 35766K [0x00000000e0000000, 0x00000000e5300000, 0x00000000f5580000)
  object space 84992K, 42% used [0x00000000e0000000,0x00000000e22ed9e8,0x00000000e5300000)
 Metaspace       used 75696K, capacity 80800K, committed 81112K, reserved 1120256K
  class space    used 9530K, capacity 11173K, committed 11224K, reserved 1048576K
GC Heap History (10 events):
Event: 16.448 GC heap before
{Heap before GC invocations=11 (full 2):
 PSYoungGen      total 66560K, used 53248K [0x00000000f5580000, 0x00000000fa680000, 0x0000000100000000)
  eden space 53248K, 100% used [0x00000000f5580000,0x00000000f8980000,0x00000000f8980000)
  from space 13312K, 0% used [0x00000000f9680000,0x00000000f9680000,0x00000000fa380000)
  to   space 13312K, 0% used [0x00000000f8980000,0x00000000f8980000,0x00000000f9680000)
 ParOldGen       total 55808K, used 17695K [0x00000000e0000000, 0x00000000e3680000, 0x00000000f5580000)
  object space 55808K, 31% used [0x00000000e0000000,0x00000000e1147fa0,0x00000000e3680000)
 Metaspace       used 44930K, capacity 48774K, committed 48984K, reserved 1091584K
  class space    used 5474K, capacity 6648K, committed 6744K, reserved 1048576K
Event: 16.467 GC heap after
Heap after GC invocations=11 (full 2):
 PSYoungGen      total 66560K, used 13308K [0x00000000f5580000, 0x00000000fbb00000, 0x0000000100000000)
  eden space 53248K, 0% used [0x00000000f5580000,0x00000000f5580000,0x00000000f8980000)
  from space 13312K, 99% used [0x00000000f8980000,0x00000000f967f078,0x00000000f9680000)
  to   space 15872K, 0% used [0x00000000fab80000,0x00000000fab80000,0x00000000fbb00000)
 ParOldGen       total 55808K, used 19840K [0x00000000e0000000, 0x00000000e3680000, 0x00000000f5580000)
  object space 55808K, 35% used [0x00000000e0000000,0x00000000e1360060,0x00000000e3680000)
 Metaspace       used 44930K, capacity 48774K, committed 48984K, reserved 1091584K
  class space    used 5474K, capacity 6648K, committed 6744K, reserved 1048576K
}
Event: 17.980 GC heap before
{Heap before GC invocations=12 (full 2):
 PSYoungGen      total 66560K, used 63620K [0x00000000f5580000, 0x00000000fbb00000, 0x0000000100000000)
  eden space 53248K, 94% used [0x00000000f5580000,0x00000000f86a20a8,0x00000000f8980000)
  from space 13312K, 99% used [0x00000000f8980000,0x00000000f967f078,0x00000000f9680000)
  to   space 15872K, 0% used [0x00000000fab80000,0x00000000fab80000,0x00000000fbb00000)
 ParOldGen       total 55808K, used 19840K [0x00000000e0000000, 0x00000000e3680000, 0x00000000f5580000)
  object space 55808K, 35% used [0x00000000e0000000,0x00000000e1360060,0x00000000e3680000)
 Metaspace       used 54764K, capacity 58968K, committed 59028K, reserved 1099776K
  class space    used 6779K, capacity 8117K, committed 8152K, reserved 1048576K
Event: 17.994 GC heap after
Heap after GC invocations=12 (full 2):
 PSYoungGen      total 84480K, used 15842K [0x00000000f5580000, 0x00000000fc080000, 0x0000000100000000)
  eden space 68608K, 0% used [0x00000000f5580000,0x00000000f5580000,0x00000000f9880000)
  from space 15872K, 99% used [0x00000000fab80000,0x00000000fbaf8ac0,0x00000000fbb00000)
  to   space 19456K, 0% used [0x00000000f9880000,0x00000000f9880000,0x00000000fab80000)
 ParOldGen       total 55808K, used 23157K [0x00000000e0000000, 0x00000000e3680000, 0x00000000f5580000)
  object space 55808K, 41% used [0x00000000e0000000,0x00000000e169d758,0x00000000e3680000)
 Metaspace       used 54764K, capacity 58968K, committed 59028K, reserved 1099776K
  class space    used 6779K, capacity 8117K, committed 8152K, reserved 1048576K
}
Event: 17.994 GC heap before
{Heap before GC invocations=13 (full 3):
 PSYoungGen      total 84480K, used 15842K [0x00000000f5580000, 0x00000000fc080000, 0x0000000100000000)
  eden space 68608K, 0% used [0x00000000f5580000,0x00000000f5580000,0x00000000f9880000)
  from space 15872K, 99% used [0x00000000fab80000,0x00000000fbaf8ac0,0x00000000fbb00000)
  to   space 19456K, 0% used [0x00000000f9880000,0x00000000f9880000,0x00000000fab80000)
 ParOldGen       total 55808K, used 23157K [0x00000000e0000000, 0x00000000e3680000, 0x00000000f5580000)
  object space 55808K, 41% used [0x00000000e0000000,0x00000000e169d758,0x00000000e3680000)
 Metaspace       used 54764K, capacity 58968K, committed 59028K, reserved 1099776K
  class space    used 6779K, capacity 8117K, committed 8152K, reserved 1048576K
Event: 18.256 GC heap after
Heap after GC invocations=13 (full 3):
 PSYoungGen      total 84480K, used 0K [0x00000000f5580000, 0x00000000fc080000, 0x0000000100000000)
  eden space 68608K, 0% used [0x00000000f5580000,0x00000000f5580000,0x00000000f9880000)
  from space 15872K, 0% used [0x00000000fab80000,0x00000000fab80000,0x00000000fbb00000)
  to   space 19456K, 0% used [0x00000000f9880000,0x00000000f9880000,0x00000000fab80000)
 ParOldGen       total 84992K, used 35750K [0x00000000e0000000, 0x00000000e5300000, 0x00000000f5580000)
  object space 84992K, 42% used [0x00000000e0000000,0x00000000e22e99e8,0x00000000e5300000)
 Metaspace       used 54764K, capacity 58968K, committed 59028K, reserved 1099776K
  class space    used 6779K, capacity 8117K, committed 8152K, reserved 1048576K
}
Event: 23.579 GC heap before
{Heap before GC invocations=14 (full 3):
 PSYoungGen      total 84480K, used 68608K [0x00000000f5580000, 0x00000000fc080000, 0x0000000100000000)
  eden space 68608K, 100% used [0x00000000f5580000,0x00000000f9880000,0x00000000f9880000)
  from space 15872K, 0% used [0x00000000fab80000,0x00000000fab80000,0x00000000fbb00000)
  to   space 19456K, 0% used [0x00000000f9880000,0x00000000f9880000,0x00000000fab80000)
 ParOldGen       total 84992K, used 35750K [0x00000000e0000000, 0x00000000e5300000, 0x00000000f5580000)
  object space 84992K, 42% used [0x00000000e0000000,0x00000000e22e99e8,0x00000000e5300000)
 Metaspace       used 67056K, capacity 71708K, committed 71896K, reserved 1112064K
  class space    used 8493K, capacity 9863K, committed 9944K, reserved 1048576K
Event: 23.593 GC heap after
Heap after GC invocations=14 (full 3):
 PSYoungGen      total 88064K, used 16867K [0x00000000f5580000, 0x00000000fce00000, 0x0000000100000000)
  eden space 68608K, 0% used [0x00000000f5580000,0x00000000f5580000,0x00000000f9880000)
  from space 19456K, 86% used [0x00000000f9880000,0x00000000fa8f8d20,0x00000000fab80000)
  to   space 20992K, 0% used [0x00000000fb980000,0x00000000fb980000,0x00000000fce00000)
 ParOldGen       total 84992K, used 35758K [0x00000000e0000000, 0x00000000e5300000, 0x00000000f5580000)
  object space 84992K, 42% used [0x00000000e0000000,0x00000000e22eb9e8,0x00000000e5300000)
 Metaspace       used 67056K, capacity 71708K, committed 71896K, reserved 1112064K
  class space    used 8493K, capacity 9863K, committed 9944K, reserved 1048576K
}
Event: 67.261 GC heap before
{Heap before GC invocations=15 (full 3):
 PSYoungGen      total 88064K, used 85475K [0x00000000f5580000, 0x00000000fce00000, 0x0000000100000000)
  eden space 68608K, 100% used [0x00000000f5580000,0x00000000f9880000,0x00000000f9880000)
  from space 19456K, 86% used [0x00000000f9880000,0x00000000fa8f8d20,0x00000000fab80000)
  to   space 20992K, 0% used [0x00000000fb980000,0x00000000fb980000,0x00000000fce00000)
 ParOldGen       total 84992K, used 35758K [0x00000000e0000000, 0x00000000e5300000, 0x00000000f5580000)
  object space 84992K, 42% used [0x00000000e0000000,0x00000000e22eb9e8,0x00000000e5300000)
 Metaspace       used 74775K, capacity 79914K, committed 79960K, reserved 1118208K
  class space    used 9434K, capacity 11074K, committed 11096K, reserved 1048576K
Event: 67.275 GC heap after
Heap after GC invocations=15 (full 3):
 PSYoungGen      total 100352K, used 16321K [0x00000000f5580000, 0x00000000fce00000, 0x0000000100000000)
  eden space 79360K, 0% used [0x00000000f5580000,0x00000000f5580000,0x00000000fa300000)
  from space 20992K, 77% used [0x00000000fb980000,0x00000000fc970718,0x00000000fce00000)
  to   space 22016K, 0% used [0x00000000fa300000,0x00000000fa300000,0x00000000fb880000)
 ParOldGen       total 84992K, used 35766K [0x00000000e0000000, 0x00000000e5300000, 0x00000000f5580000)
  object space 84992K, 42% used [0x00000000e0000000,0x00000000e22ed9e8,0x00000000e5300000)
 Metaspace       used 74775K, capacity 79914K, committed 79960K, reserved 1118208K
  class space    used 9434K, capacity 11074K, committed 11096K, reserved 1048576K
}

