# JRE version: Java(TM) SE Runtime Environment (8.0_25-b18) (build 1.8.0_25-b18)
# Java VM: Java HotSpot(TM) 64-Bit Server VM (25.25-b02 mixed mode windows-amd64 compressed oops)
Heap:
 PSYoungGen      total 98304K, used 49325K [0x00000000f5580000, 0x00000000fcd00000, 0x0000000100000000)
  eden space 77312K, 63% used [0x00000000f5580000,0x00000000f85ab5c8,0x00000000fa100000)
  from space 20992K, 0% used [0x00000000fb680000,0x00000000fb680000,0x00000000fcb00000)
  to   space 22016K, 0% used [0x00000000fa100000,0x00000000fa100000,0x00000000fb680000)
 ParOldGen       total 84992K, used 42032K [0x00000000e0000000, 0x00000000e5300000, 0x00000000f5580000)
  object space 84992K, 49% used [0x00000000e0000000,0x00000000e290c348,0x00000000e5300000)
 Metaspace       used 77983K, capacity 83580K, committed 83800K, reserved 1122304K
  class space    used 9764K, capacity 11504K, committed 11608K, reserved 1048576K
GC Heap History (10 events):
Event: 13.617 GC heap before
{Heap before GC invocations=14 (full 3):
 PSYoungGen      total 78336K, used 1194K [0x00000000f5580000, 0x00000000fc600000, 0x0000000100000000)
  eden space 59392K, 0% used [0x00000000f5580000,0x00000000f5580000,0x00000000f8f80000)
  from space 18944K, 6% used [0x00000000f8f80000,0x00000000f90aa8e8,0x00000000fa200000)
  to   space 19456K, 0% used [0x00000000fb300000,0x00000000fb300000,0x00000000fc600000)
 ParOldGen       total 58368K, used 31787K [0x00000000e0000000, 0x00000000e3900000, 0x00000000f5580000)
  object space 58368K, 54% used [0x00000000e0000000,0x00000000e1f0ac08,0x00000000e3900000)
 Metaspace       used 54697K, capacity 58992K, committed 59028K, reserved 1099776K
  class space    used 6773K, capacity 8125K, committed 8152K, reserved 1048576K
Event: 13.834 GC heap after
Heap after GC invocations=14 (full 3):
 PSYoungGen      total 78336K, used 0K [0x00000000f5580000, 0x00000000fc600000, 0x0000000100000000)
  eden space 59392K, 0% used [0x00000000f5580000,0x00000000f5580000,0x00000000f8f80000)
  from space 18944K, 0% used [0x00000000f8f80000,0x00000000f8f80000,0x00000000fa200000)
  to   space 19456K, 0% used [0x00000000fb300000,0x00000000fb300000,0x00000000fc600000)
 ParOldGen       total 84992K, used 28436K [0x00000000e0000000, 0x00000000e5300000, 0x00000000f5580000)
  object space 84992K, 33% used [0x00000000e0000000,0x00000000e1bc50a0,0x00000000e5300000)
 Metaspace       used 54697K, capacity 58992K, committed 59028K, reserved 1099776K
  class space    used 6773K, capacity 8125K, committed 8152K, reserved 1048576K
}
Event: 20.417 GC heap before
{Heap before GC invocations=15 (full 3):
 PSYoungGen      total 78336K, used 59364K [0x00000000f5580000, 0x00000000fc600000, 0x0000000100000000)
  eden space 59392K, 99% used [0x00000000f5580000,0x00000000f8f79220,0x00000000f8f80000)
  from space 18944K, 0% used [0x00000000f8f80000,0x00000000f8f80000,0x00000000fa200000)
  to   space 19456K, 0% used [0x00000000fb300000,0x00000000fb300000,0x00000000fc600000)
 ParOldGen       total 84992K, used 28436K [0x00000000e0000000, 0x00000000e5300000, 0x00000000f5580000)
  object space 84992K, 33% used [0x00000000e0000000,0x00000000e1bc50a0,0x00000000e5300000)
 Metaspace       used 65195K, capacity 70354K, committed 70488K, reserved 1110016K
  class space    used 8196K, capacity 9758K, committed 9816K, reserved 1048576K
Event: 20.428 GC heap after
Heap after GC invocations=15 (full 3):
 PSYoungGen      total 83456K, used 13781K [0x00000000f5580000, 0x00000000fc100000, 0x0000000100000000)
  eden space 69120K, 0% used [0x00000000f5580000,0x00000000f5580000,0x00000000f9900000)
  from space 14336K, 96% used [0x00000000fb300000,0x00000000fc0757a0,0x00000000fc100000)
  to   space 20480K, 0% used [0x00000000f9900000,0x00000000f9900000,0x00000000fad00000)
 ParOldGen       total 84992K, used 28444K [0x00000000e0000000, 0x00000000e5300000, 0x00000000f5580000)
  object space 84992K, 33% used [0x00000000e0000000,0x00000000e1bc70a0,0x00000000e5300000)
 Metaspace       used 65195K, capacity 70354K, committed 70488K, reserved 1110016K
  class space    used 8196K, capacity 9758K, committed 9816K, reserved 1048576K
}
Event: 59.688 GC heap before
{Heap before GC invocations=16 (full 3):
 PSYoungGen      total 83456K, used 82892K [0x00000000f5580000, 0x00000000fc100000, 0x0000000100000000)
  eden space 69120K, 99% used [0x00000000f5580000,0x00000000f98fd968,0x00000000f9900000)
  from space 14336K, 96% used [0x00000000fb300000,0x00000000fc0757a0,0x00000000fc100000)
  to   space 20480K, 0% used [0x00000000f9900000,0x00000000f9900000,0x00000000fad00000)
 ParOldGen       total 84992K, used 28444K [0x00000000e0000000, 0x00000000e5300000, 0x00000000f5580000)
  object space 84992K, 33% used [0x00000000e0000000,0x00000000e1bc70a0,0x00000000e5300000)
 Metaspace       used 70779K, capacity 76210K, committed 76376K, reserved 1116160K
  class space    used 8915K, capacity 10573K, committed 10584K, reserved 1048576K
Event: 59.697 GC heap after
Heap after GC invocations=16 (full 3):
 PSYoungGen      total 89600K, used 13602K [0x00000000f5580000, 0x00000000fcb00000, 0x0000000100000000)
  eden space 69120K, 0% used [0x00000000f5580000,0x00000000f5580000,0x00000000f9900000)
  from space 20480K, 66% used [0x00000000f9900000,0x00000000fa648a18,0x00000000fad00000)
  to   space 20992K, 0% used [0x00000000fb680000,0x00000000fb680000,0x00000000fcb00000)
 ParOldGen       total 84992K, used 28452K [0x00000000e0000000, 0x00000000e5300000, 0x00000000f5580000)
  object space 84992K, 33% used [0x00000000e0000000,0x00000000e1bc90a0,0x00000000e5300000)
 Metaspace       used 70779K, capacity 76210K, committed 76376K, reserved 1116160K
  class space    used 8915K, capacity 10573K, committed 10584K, reserved 1048576K
}
Event: 85.942 GC heap before
{Heap before GC invocations=17 (full 3):
 PSYoungGen      total 89600K, used 78949K [0x00000000f5580000, 0x00000000fcb00000, 0x0000000100000000)
  eden space 69120K, 94% used [0x00000000f5580000,0x00000000f9550ce0,0x00000000f9900000)
  from space 20480K, 66% used [0x00000000f9900000,0x00000000fa648a18,0x00000000fad00000)
  to   space 20992K, 0% used [0x00000000fb680000,0x00000000fb680000,0x00000000fcb00000)
 ParOldGen       total 84992K, used 28452K [0x00000000e0000000, 0x00000000e5300000, 0x00000000f5580000)
  object space 84992K, 33% used [0x00000000e0000000,0x00000000e1bc90a0,0x00000000e5300000)
 Metaspace       used 76121K, capacity 81614K, committed 81752K, reserved 1120256K
  class space    used 9548K, capacity 11276K, committed 11352K, reserved 1048576K
Event: 85.953 GC heap after
Heap after GC invocations=17 (full 3):
 PSYoungGen      total 98304K, used 15475K [0x00000000f5580000, 0x00000000fcd00000, 0x0000000100000000)
  eden space 77312K, 0% used [0x00000000f5580000,0x00000000f5580000,0x00000000fa100000)
  from space 20992K, 73% used [0x00000000fb680000,0x00000000fc59cd10,0x00000000fcb00000)
  to   space 22016K, 0% used [0x00000000fa100000,0x00000000fa100000,0x00000000fb680000)
 ParOldGen       total 84992K, used 28460K [0x00000000e0000000, 0x00000000e5300000, 0x00000000f5580000)
  object space 84992K, 33% used [0x00000000e0000000,0x00000000e1bcb0a0,0x00000000e5300000)
 Metaspace       used 76121K, capacity 81614K, committed 81752K, reserved 1120256K
  class space    used 9548K, capacity 11276K, committed 11352K, reserved 1048576K
}
Event: 85.953 GC heap before
{Heap before GC invocations=18 (full 4):
 PSYoungGen      total 98304K, used 15475K [0x00000000f5580000, 0x00000000fcd00000, 0x0000000100000000)
  eden space 77312K, 0% used [0x00000000f5580000,0x00000000f5580000,0x00000000fa100000)
  from space 20992K, 73% used [0x00000000fb680000,0x00000000fc59cd10,0x00000000fcb00000)
  to   space 22016K, 0% used [0x00000000fa100000,0x00000000fa100000,0x00000000fb680000)
 ParOldGen       total 84992K, used 28460K [0x00000000e0000000, 0x00000000e5300000, 0x00000000f5580000)
  object space 84992K, 33% used [0x00000000e0000000,0x00000000e1bcb0a0,0x00000000e5300000)
 Metaspace       used 76121K, capacity 81614K, committed 81752K, reserved 1120256K
  class space    used 9548K, capacity 11276K, committed 11352K, reserved 1048576K
Event: 86.286 GC heap after
Heap after GC invocations=18 (full 4):
 PSYoungGen      total 98304K, used 0K [0x00000000f5580000, 0x00000000fcd00000, 0x0000000100000000)
  eden space 77312K, 0% used [0x00000000f5580000,0x00000000f5580000,0x00000000fa100000)
  from space 20992K, 0% used [0x00000000fb680000,0x00000000fb680000,0x00000000fcb00000)
  to   space 22016K, 0% used [0x00000000fa100000,0x00000000fa100000,0x00000000fb680000)
 ParOldGen       total 84992K, used 42032K [0x00000000e0000000, 0x00000000e5300000, 0x00000000f5580000)
  object space 84992K, 49% used [0x00000000e0000000,0x00000000e290c348,0x00000000e5300000)
 Metaspace       used 76121K, capacity 81614K, committed 81752K, reserved 1120256K
  class space    used 9548K, capacity 11276K, committed 11352K, reserved 1048576K
}

