# JRE version: Java(TM) SE Runtime Environment (8.0_25-b18) (build 1.8.0_25-b18)
# Java VM: Java HotSpot(TM) 64-Bit Server VM (25.25-b02 mixed mode windows-amd64 compressed oops)
Heap:
 PSYoungGen      total 92160K, used 77205K [0x00000000f5580000, 0x00000000fc080000, 0x0000000100000000)
  eden space 80896K, 93% used [0x00000000f5580000,0x00000000f9f3ba08,0x00000000fa480000)
  from space 11264K, 15% used [0x00000000fb580000,0x00000000fb729c60,0x00000000fc080000)
  to   space 14336K, 0% used [0x00000000fa480000,0x00000000fa480000,0x00000000fb280000)
 ParOldGen       total 104960K, used 33297K [0x00000000e0000000, 0x00000000e6680000, 0x00000000f5580000)
  object space 104960K, 31% used [0x00000000e0000000,0x00000000e2084770,0x00000000e6680000)
 Metaspace       used 85008K, capacity 91180K, committed 91480K, reserved 1128448K
  class space    used 10412K, capacity 12295K, committed 12376K, reserved 1048576K
GC Heap History (10 events):
Event: 697.200 GC heap before
{Heap before GC invocations=36 (full 11):
 PSYoungGen      total 83456K, used 1033K [0x00000000f5580000, 0x00000000fc580000, 0x0000000100000000)
  eden space 81920K, 0% used [0x00000000f5580000,0x00000000f5580000,0x00000000fa580000)
  from space 1536K, 67% used [0x00000000fa580000,0x00000000fa682610,0x00000000fa700000)
  to   space 16384K, 0% used [0x00000000fb580000,0x00000000fb580000,0x00000000fc580000)
 ParOldGen       total 104960K, used 30825K [0x00000000e0000000, 0x00000000e6680000, 0x00000000f5580000)
  object space 104960K, 29% used [0x00000000e0000000,0x00000000e1e1a7f8,0x00000000e6680000)
 Metaspace       used 80756K, capacity 86496K, committed 86744K, reserved 1124352K
  class space    used 9921K, capacity 11637K, committed 11736K, reserved 1048576K
Event: 697.563 GC heap after
Heap after GC invocations=36 (full 11):
 PSYoungGen      total 83456K, used 0K [0x00000000f5580000, 0x00000000fc580000, 0x0000000100000000)
  eden space 81920K, 0% used [0x00000000f5580000,0x00000000f5580000,0x00000000fa580000)
  from space 1536K, 0% used [0x00000000fa580000,0x00000000fa580000,0x00000000fa700000)
  to   space 16384K, 0% used [0x00000000fb580000,0x00000000fb580000,0x00000000fc580000)
 ParOldGen       total 104960K, used 30858K [0x00000000e0000000, 0x00000000e6680000, 0x00000000f5580000)
  object space 104960K, 29% used [0x00000000e0000000,0x00000000e1e22b70,0x00000000e6680000)
 Metaspace       used 80752K, capacity 86490K, committed 86744K, reserved 1124352K
  class space    used 9920K, capacity 11636K, committed 11736K, reserved 1048576K
}
Event: 780.731 GC heap before
{Heap before GC invocations=37 (full 11):
 PSYoungGen      total 83456K, used 81920K [0x00000000f5580000, 0x00000000fc580000, 0x0000000100000000)
  eden space 81920K, 100% used [0x00000000f5580000,0x00000000fa580000,0x00000000fa580000)
  from space 1536K, 0% used [0x00000000fa580000,0x00000000fa580000,0x00000000fa700000)
  to   space 16384K, 0% used [0x00000000fb580000,0x00000000fb580000,0x00000000fc580000)
 ParOldGen       total 104960K, used 30858K [0x00000000e0000000, 0x00000000e6680000, 0x00000000f5580000)
  object space 104960K, 29% used [0x00000000e0000000,0x00000000e1e22b70,0x00000000e6680000)
 Metaspace       used 83783K, capacity 89822K, committed 89944K, reserved 1126400K
  class space    used 10312K, capacity 12098K, committed 12120K, reserved 1048576K
Event: 780.746 GC heap after
Heap after GC invocations=37 (full 11):
 PSYoungGen      total 98816K, used 5971K [0x00000000f5580000, 0x00000000fc500000, 0x0000000100000000)
  eden space 82944K, 0% used [0x00000000f5580000,0x00000000f5580000,0x00000000fa680000)
  from space 15872K, 37% used [0x00000000fb580000,0x00000000fbb54dd0,0x00000000fc500000)
  to   space 15360K, 0% used [0x00000000fa680000,0x00000000fa680000,0x00000000fb580000)
 ParOldGen       total 104960K, used 30866K [0x00000000e0000000, 0x00000000e6680000, 0x00000000f5580000)
  object space 104960K, 29% used [0x00000000e0000000,0x00000000e1e24b70,0x00000000e6680000)
 Metaspace       used 83783K, capacity 89822K, committed 89944K, reserved 1126400K
  class space    used 10312K, capacity 12098K, committed 12120K, reserved 1048576K
}
Event: 798.460 GC heap before
{Heap before GC invocations=38 (full 11):
 PSYoungGen      total 98816K, used 10657K [0x00000000f5580000, 0x00000000fc500000, 0x0000000100000000)
  eden space 82944K, 5% used [0x00000000f5580000,0x00000000f5a13948,0x00000000fa680000)
  from space 15872K, 37% used [0x00000000fb580000,0x00000000fbb54dd0,0x00000000fc500000)
  to   space 15360K, 0% used [0x00000000fa680000,0x00000000fa680000,0x00000000fb580000)
 ParOldGen       total 104960K, used 30866K [0x00000000e0000000, 0x00000000e6680000, 0x00000000f5580000)
  object space 104960K, 29% used [0x00000000e0000000,0x00000000e1e24b70,0x00000000e6680000)
 Metaspace       used 83829K, capacity 90050K, committed 90328K, reserved 1128448K
  class space    used 10318K, capacity 12134K, committed 12248K, reserved 1048576K
Event: 798.470 GC heap after
Heap after GC invocations=38 (full 11):
 PSYoungGen      total 98304K, used 3438K [0x00000000f5580000, 0x00000000fc400000, 0x0000000100000000)
  eden space 82944K, 0% used [0x00000000f5580000,0x00000000f5580000,0x00000000fa680000)
  from space 15360K, 22% used [0x00000000fa680000,0x00000000fa9db8f0,0x00000000fb580000)
  to   space 14848K, 0% used [0x00000000fb580000,0x00000000fb580000,0x00000000fc400000)
 ParOldGen       total 104960K, used 30874K [0x00000000e0000000, 0x00000000e6680000, 0x00000000f5580000)
  object space 104960K, 29% used [0x00000000e0000000,0x00000000e1e26b70,0x00000000e6680000)
 Metaspace       used 83829K, capacity 90050K, committed 90328K, reserved 1128448K
  class space    used 10318K, capacity 12134K, committed 12248K, reserved 1048576K
}
Event: 798.470 GC heap before
{Heap before GC invocations=39 (full 12):
 PSYoungGen      total 98304K, used 3438K [0x00000000f5580000, 0x00000000fc400000, 0x0000000100000000)
  eden space 82944K, 0% used [0x00000000f5580000,0x00000000f5580000,0x00000000fa680000)
  from space 15360K, 22% used [0x00000000fa680000,0x00000000fa9db8f0,0x00000000fb580000)
  to   space 14848K, 0% used [0x00000000fb580000,0x00000000fb580000,0x00000000fc400000)
 ParOldGen       total 104960K, used 30874K [0x00000000e0000000, 0x00000000e6680000, 0x00000000f5580000)
  object space 104960K, 29% used [0x00000000e0000000,0x00000000e1e26b70,0x00000000e6680000)
 Metaspace       used 83829K, capacity 90050K, committed 90328K, reserved 1128448K
  class space    used 10318K, capacity 12134K, committed 12248K, reserved 1048576K
Event: 798.835 GC heap after
Heap after GC invocations=39 (full 12):
 PSYoungGen      total 98304K, used 0K [0x00000000f5580000, 0x00000000fc400000, 0x0000000100000000)
  eden space 82944K, 0% used [0x00000000f5580000,0x00000000f5580000,0x00000000fa680000)
  from space 15360K, 0% used [0x00000000fa680000,0x00000000fa680000,0x00000000fb580000)
  to   space 14848K, 0% used [0x00000000fb580000,0x00000000fb580000,0x00000000fc400000)
 ParOldGen       total 104960K, used 33289K [0x00000000e0000000, 0x00000000e6680000, 0x00000000f5580000)
  object space 104960K, 31% used [0x00000000e0000000,0x00000000e2082770,0x00000000e6680000)
 Metaspace       used 83825K, capacity 90044K, committed 90328K, reserved 1128448K
  class space    used 10317K, capacity 12133K, committed 12248K, reserved 1048576K
}
Event: 943.027 GC heap before
{Heap before GC invocations=40 (full 12):
 PSYoungGen      total 98304K, used 82944K [0x00000000f5580000, 0x00000000fc400000, 0x0000000100000000)
  eden space 82944K, 100% used [0x00000000f5580000,0x00000000fa680000,0x00000000fa680000)
  from space 15360K, 0% used [0x00000000fa680000,0x00000000fa680000,0x00000000fb580000)
  to   space 14848K, 0% used [0x00000000fb580000,0x00000000fb580000,0x00000000fc400000)
 ParOldGen       total 104960K, used 33289K [0x00000000e0000000, 0x00000000e6680000, 0x00000000f5580000)
  object space 104960K, 31% used [0x00000000e0000000,0x00000000e2082770,0x00000000e6680000)
 Metaspace       used 84136K, capacity 90370K, committed 90584K, reserved 1128448K
  class space    used 10335K, capacity 12134K, committed 12248K, reserved 1048576K
Event: 943.037 GC heap after
Heap after GC invocations=40 (full 12):
 PSYoungGen      total 92160K, used 1703K [0x00000000f5580000, 0x00000000fc080000, 0x0000000100000000)
  eden space 80896K, 0% used [0x00000000f5580000,0x00000000f5580000,0x00000000fa480000)
  from space 11264K, 15% used [0x00000000fb580000,0x00000000fb729c60,0x00000000fc080000)
  to   space 14336K, 0% used [0x00000000fa480000,0x00000000fa480000,0x00000000fb280000)
 ParOldGen       total 104960K, used 33297K [0x00000000e0000000, 0x00000000e6680000, 0x00000000f5580000)
  object space 104960K, 31% used [0x00000000e0000000,0x00000000e2084770,0x00000000e6680000)
 Metaspace       used 84136K, capacity 90370K, committed 90584K, reserved 1128448K
  class space    used 10335K, capacity 12134K, committed 12248K, reserved 1048576K
}

