# JRE version: Java(TM) SE Runtime Environment (8.0_25-b18) (build 1.8.0_25-b18)
# Java VM: Java HotSpot(TM) 64-Bit Server VM (25.25-b02 mixed mode windows-amd64 compressed oops)
Heap:
 PSYoungGen      total 99840K, used 39977K [0x00000000f5580000, 0x00000000fcf00000, 0x0000000100000000)
  eden space 81408K, 38% used [0x00000000f5580000,0x00000000f7409d80,0x00000000fa500000)
  from space 18432K, 47% used [0x00000000fbd00000,0x00000000fc5809f0,0x00000000fcf00000)
  to   space 21504K, 0% used [0x00000000fa500000,0x00000000fa500000,0x00000000fba00000)
 ParOldGen       total 84480K, used 42942K [0x00000000e0000000, 0x00000000e5280000, 0x00000000f5580000)
  object space 84480K, 50% used [0x00000000e0000000,0x00000000e29efb50,0x00000000e5280000)
 Metaspace       used 76497K, capacity 81878K, committed 82008K, reserved 1120256K
  class space    used 9574K, capacity 11304K, committed 11352K, reserved 1048576K
GC Heap History (10 events):
Event: 13.804 GC heap before
{Heap before GC invocations=13 (full 2):
 PSYoungGen      total 75264K, used 21397K [0x00000000f5580000, 0x00000000fb700000, 0x0000000100000000)
  eden space 59904K, 10% used [0x00000000f5580000,0x00000000f5b66be8,0x00000000f9000000)
  from space 15360K, 99% used [0x00000000fa280000,0x00000000fb17e878,0x00000000fb180000)
  to   space 18944K, 0% used [0x00000000f9000000,0x00000000f9000000,0x00000000fa280000)
 ParOldGen       total 58880K, used 22417K [0x00000000e0000000, 0x00000000e3980000, 0x00000000f5580000)
  object space 58880K, 38% used [0x00000000e0000000,0x00000000e15e45c8,0x00000000e3980000)
 Metaspace       used 54737K, capacity 58936K, committed 59028K, reserved 1099776K
  class space    used 6771K, capacity 8085K, committed 8152K, reserved 1048576K
Event: 13.813 GC heap after
Heap after GC invocations=13 (full 2):
 PSYoungGen      total 78848K, used 1093K [0x00000000f5580000, 0x00000000fc880000, 0x0000000100000000)
  eden space 59904K, 0% used [0x00000000f5580000,0x00000000f5580000,0x00000000f9000000)
  from space 18944K, 5% used [0x00000000f9000000,0x00000000f9111678,0x00000000fa280000)
  to   space 19456K, 0% used [0x00000000fb580000,0x00000000fb580000,0x00000000fc880000)
 ParOldGen       total 58880K, used 32709K [0x00000000e0000000, 0x00000000e3980000, 0x00000000f5580000)
  object space 58880K, 55% used [0x00000000e0000000,0x00000000e1ff1590,0x00000000e3980000)
 Metaspace       used 54737K, capacity 58936K, committed 59028K, reserved 1099776K
  class space    used 6771K, capacity 8085K, committed 8152K, reserved 1048576K
}
Event: 13.813 GC heap before
{Heap before GC invocations=14 (full 3):
 PSYoungGen      total 78848K, used 1093K [0x00000000f5580000, 0x00000000fc880000, 0x0000000100000000)
  eden space 59904K, 0% used [0x00000000f5580000,0x00000000f5580000,0x00000000f9000000)
  from space 18944K, 5% used [0x00000000f9000000,0x00000000f9111678,0x00000000fa280000)
  to   space 19456K, 0% used [0x00000000fb580000,0x00000000fb580000,0x00000000fc880000)
 ParOldGen       total 58880K, used 32709K [0x00000000e0000000, 0x00000000e3980000, 0x00000000f5580000)
  object space 58880K, 55% used [0x00000000e0000000,0x00000000e1ff1590,0x00000000e3980000)
 Metaspace       used 54737K, capacity 58936K, committed 59028K, reserved 1099776K
  class space    used 6771K, capacity 8085K, committed 8152K, reserved 1048576K
Event: 14.054 GC heap after
Heap after GC invocations=14 (full 3):
 PSYoungGen      total 78848K, used 0K [0x00000000f5580000, 0x00000000fc880000, 0x0000000100000000)
  eden space 59904K, 0% used [0x00000000f5580000,0x00000000f5580000,0x00000000f9000000)
  from space 18944K, 0% used [0x00000000f9000000,0x00000000f9000000,0x00000000fa280000)
  to   space 19456K, 0% used [0x00000000fb580000,0x00000000fb580000,0x00000000fc880000)
 ParOldGen       total 84480K, used 28395K [0x00000000e0000000, 0x00000000e5280000, 0x00000000f5580000)
  object space 84480K, 33% used [0x00000000e0000000,0x00000000e1bbad48,0x00000000e5280000)
 Metaspace       used 54737K, capacity 58936K, committed 59028K, reserved 1099776K
  class space    used 6771K, capacity 8085K, committed 8152K, reserved 1048576K
}
Event: 14.444 GC heap before
{Heap before GC invocations=15 (full 3):
 PSYoungGen      total 78848K, used 59904K [0x00000000f5580000, 0x00000000fc880000, 0x0000000100000000)
  eden space 59904K, 100% used [0x00000000f5580000,0x00000000f9000000,0x00000000f9000000)
  from space 18944K, 0% used [0x00000000f9000000,0x00000000f9000000,0x00000000fa280000)
  to   space 19456K, 0% used [0x00000000fb580000,0x00000000fb580000,0x00000000fc880000)
 ParOldGen       total 84480K, used 28395K [0x00000000e0000000, 0x00000000e5280000, 0x00000000f5580000)
  object space 84480K, 33% used [0x00000000e0000000,0x00000000e1bbad48,0x00000000e5280000)
 Metaspace       used 58017K, capacity 62174K, committed 62424K, reserved 1103872K
  class space    used 7261K, capacity 8606K, committed 8664K, reserved 1048576K
Event: 14.452 GC heap after
Heap after GC invocations=15 (full 3):
 PSYoungGen      total 82944K, used 9665K [0x00000000f5580000, 0x00000000fc080000, 0x0000000100000000)
  eden space 71680K, 0% used [0x00000000f5580000,0x00000000f5580000,0x00000000f9b80000)
  from space 11264K, 85% used [0x00000000fb580000,0x00000000fbef05c8,0x00000000fc080000)
  to   space 18944K, 0% used [0x00000000f9b80000,0x00000000f9b80000,0x00000000fae00000)
 ParOldGen       total 84480K, used 28403K [0x00000000e0000000, 0x00000000e5280000, 0x00000000f5580000)
  object space 84480K, 33% used [0x00000000e0000000,0x00000000e1bbcd48,0x00000000e5280000)
 Metaspace       used 58017K, capacity 62174K, committed 62424K, reserved 1103872K
  class space    used 7261K, capacity 8606K, committed 8664K, reserved 1048576K
}
Event: 28.728 GC heap before
{Heap before GC invocations=16 (full 3):
 PSYoungGen      total 82944K, used 81345K [0x00000000f5580000, 0x00000000fc080000, 0x0000000100000000)
  eden space 71680K, 100% used [0x00000000f5580000,0x00000000f9b80000,0x00000000f9b80000)
  from space 11264K, 85% used [0x00000000fb580000,0x00000000fbef05c8,0x00000000fc080000)
  to   space 18944K, 0% used [0x00000000f9b80000,0x00000000f9b80000,0x00000000fae00000)
 ParOldGen       total 84480K, used 28403K [0x00000000e0000000, 0x00000000e5280000, 0x00000000f5580000)
  object space 84480K, 33% used [0x00000000e0000000,0x00000000e1bbcd48,0x00000000e5280000)
 Metaspace       used 69169K, capacity 74412K, committed 74712K, reserved 1114112K
  class space    used 8728K, capacity 10383K, committed 10456K, reserved 1048576K
Event: 28.741 GC heap after
Heap after GC invocations=16 (full 3):
 PSYoungGen      total 90624K, used 18940K [0x00000000f5580000, 0x00000000fd300000, 0x0000000100000000)
  eden space 71680K, 0% used [0x00000000f5580000,0x00000000f5580000,0x00000000f9b80000)
  from space 18944K, 99% used [0x00000000f9b80000,0x00000000fadff1b0,0x00000000fae00000)
  to   space 22528K, 0% used [0x00000000fbd00000,0x00000000fbd00000,0x00000000fd300000)
 ParOldGen       total 84480K, used 31130K [0x00000000e0000000, 0x00000000e5280000, 0x00000000f5580000)
  object space 84480K, 36% used [0x00000000e0000000,0x00000000e1e669c8,0x00000000e5280000)
 Metaspace       used 69169K, capacity 74412K, committed 74712K, reserved 1114112K
  class space    used 8728K, capacity 10383K, committed 10456K, reserved 1048576K
}
Event: 85.567 GC heap before
{Heap before GC invocations=17 (full 3):
 PSYoungGen      total 90624K, used 90620K [0x00000000f5580000, 0x00000000fd300000, 0x0000000100000000)
  eden space 71680K, 100% used [0x00000000f5580000,0x00000000f9b80000,0x00000000f9b80000)
  from space 18944K, 99% used [0x00000000f9b80000,0x00000000fadff1b0,0x00000000fae00000)
  to   space 22528K, 0% used [0x00000000fbd00000,0x00000000fbd00000,0x00000000fd300000)
 ParOldGen       total 84480K, used 31130K [0x00000000e0000000, 0x00000000e5280000, 0x00000000f5580000)
  object space 84480K, 36% used [0x00000000e0000000,0x00000000e1e669c8,0x00000000e5280000)
 Metaspace       used 75019K, capacity 80518K, committed 80600K, reserved 1118208K
  class space    used 9397K, capacity 11172K, committed 11224K, reserved 1048576K
Event: 85.580 GC heap after
Heap after GC invocations=17 (full 3):
 PSYoungGen      total 99840K, used 8706K [0x00000000f5580000, 0x00000000fcf00000, 0x0000000100000000)
  eden space 81408K, 0% used [0x00000000f5580000,0x00000000f5580000,0x00000000fa500000)
  from space 18432K, 47% used [0x00000000fbd00000,0x00000000fc5809f0,0x00000000fcf00000)
  to   space 21504K, 0% used [0x00000000fa500000,0x00000000fa500000,0x00000000fba00000)
 ParOldGen       total 84480K, used 42942K [0x00000000e0000000, 0x00000000e5280000, 0x00000000f5580000)
  object space 84480K, 50% used [0x00000000e0000000,0x00000000e29efb50,0x00000000e5280000)
 Metaspace       used 75019K, capacity 80518K, committed 80600K, reserved 1118208K
  class space    used 9397K, capacity 11172K, committed 11224K, reserved 1048576K
}

