# JRE version: Java(TM) SE Runtime Environment (8.0_25-b18) (build 1.8.0_25-b18)
# Java VM: Java HotSpot(TM) 64-Bit Server VM (25.25-b02 mixed mode windows-amd64 compressed oops)
Heap:
 PSYoungGen      total 78336K, used 21221K [0x00000000f5580000, 0x00000000fb800000, 0x0000000100000000)
  eden space 57344K, 18% used [0x00000000f5580000,0x00000000f5fc2878,0x00000000f8d80000)
  from space 20992K, 51% used [0x00000000f8d80000,0x00000000f97f6f60,0x00000000fa200000)
  to   space 19968K, 0% used [0x00000000fa480000,0x00000000fa480000,0x00000000fb800000)
 ParOldGen       total 112640K, used 30699K [0x00000000e0000000, 0x00000000e6e00000, 0x00000000f5580000)
  object space 112640K, 27% used [0x00000000e0000000,0x00000000e1dfad70,0x00000000e6e00000)
 Metaspace       used 75002K, capacity 81196K, committed 81496K, reserved 1120256K
  class space    used 9394K, capacity 11288K, committed 11352K, reserved 1048576K
GC Heap History (10 events):
Event: 5.176 GC heap before
{Heap before GC invocations=12 (full 3):
 PSYoungGen      total 65536K, used 13679K [0x00000000f5580000, 0x00000000fb280000, 0x0000000100000000)
  eden space 46592K, 0% used [0x00000000f5580000,0x00000000f5580000,0x00000000f8300000)
  from space 18944K, 72% used [0x00000000f8300000,0x00000000f905bca0,0x00000000f9580000)
  to   space 19968K, 0% used [0x00000000f9f00000,0x00000000f9f00000,0x00000000fb280000)
 ParOldGen       total 86528K, used 27161K [0x00000000e0000000, 0x00000000e5480000, 0x00000000f5580000)
  object space 86528K, 31% used [0x00000000e0000000,0x00000000e1a86760,0x00000000e5480000)
 Metaspace       used 54674K, capacity 58838K, committed 59028K, reserved 1099776K
  class space    used 6771K, capacity 8068K, committed 8152K, reserved 1048576K
Event: 5.331 GC heap after
Heap after GC invocations=12 (full 3):
 PSYoungGen      total 65536K, used 0K [0x00000000f5580000, 0x00000000fb280000, 0x0000000100000000)
  eden space 46592K, 0% used [0x00000000f5580000,0x00000000f5580000,0x00000000f8300000)
  from space 18944K, 0% used [0x00000000f8300000,0x00000000f8300000,0x00000000f9580000)
  to   space 19968K, 0% used [0x00000000f9f00000,0x00000000f9f00000,0x00000000fb280000)
 ParOldGen       total 112640K, used 30667K [0x00000000e0000000, 0x00000000e6e00000, 0x00000000f5580000)
  object space 112640K, 27% used [0x00000000e0000000,0x00000000e1df2d70,0x00000000e6e00000)
 Metaspace       used 54674K, capacity 58838K, committed 59028K, reserved 1099776K
  class space    used 6771K, capacity 8068K, committed 8152K, reserved 1048576K
}
Event: 8.056 GC heap before
{Heap before GC invocations=13 (full 3):
 PSYoungGen      total 65536K, used 46592K [0x00000000f5580000, 0x00000000fb280000, 0x0000000100000000)
  eden space 46592K, 100% used [0x00000000f5580000,0x00000000f8300000,0x00000000f8300000)
  from space 18944K, 0% used [0x00000000f8300000,0x00000000f8300000,0x00000000f9580000)
  to   space 19968K, 0% used [0x00000000f9f00000,0x00000000f9f00000,0x00000000fb280000)
 ParOldGen       total 112640K, used 30667K [0x00000000e0000000, 0x00000000e6e00000, 0x00000000f5580000)
  object space 112640K, 27% used [0x00000000e0000000,0x00000000e1df2d70,0x00000000e6e00000)
 Metaspace       used 62393K, capacity 67140K, committed 67416K, reserved 1107968K
  class space    used 7821K, capacity 9198K, committed 9304K, reserved 1048576K
Event: 8.065 GC heap after
Heap after GC invocations=13 (full 3):
 PSYoungGen      total 69120K, used 11818K [0x00000000f5580000, 0x00000000faf00000, 0x0000000100000000)
  eden space 52736K, 0% used [0x00000000f5580000,0x00000000f5580000,0x00000000f8900000)
  from space 16384K, 72% used [0x00000000f9f00000,0x00000000faa8aa60,0x00000000faf00000)
  to   space 19456K, 0% used [0x00000000f8900000,0x00000000f8900000,0x00000000f9c00000)
 ParOldGen       total 112640K, used 30675K [0x00000000e0000000, 0x00000000e6e00000, 0x00000000f5580000)
  object space 112640K, 27% used [0x00000000e0000000,0x00000000e1df4d70,0x00000000e6e00000)
 Metaspace       used 62393K, capacity 67140K, committed 67416K, reserved 1107968K
  class space    used 7821K, capacity 9198K, committed 9304K, reserved 1048576K
}
Event: 23.054 GC heap before
{Heap before GC invocations=14 (full 3):
 PSYoungGen      total 69120K, used 64554K [0x00000000f5580000, 0x00000000faf00000, 0x0000000100000000)
  eden space 52736K, 99% used [0x00000000f5580000,0x00000000f88ffe90,0x00000000f8900000)
  from space 16384K, 72% used [0x00000000f9f00000,0x00000000faa8aa60,0x00000000faf00000)
  to   space 19456K, 0% used [0x00000000f8900000,0x00000000f8900000,0x00000000f9c00000)
 ParOldGen       total 112640K, used 30675K [0x00000000e0000000, 0x00000000e6e00000, 0x00000000f5580000)
  object space 112640K, 27% used [0x00000000e0000000,0x00000000e1df4d70,0x00000000e6e00000)
 Metaspace       used 70414K, capacity 75824K, committed 75864K, reserved 1114112K
  class space    used 8893K, capacity 10557K, committed 10584K, reserved 1048576K
Event: 23.063 GC heap after
Heap after GC invocations=14 (full 3):
 PSYoungGen      total 72192K, used 15651K [0x00000000f5580000, 0x00000000fb680000, 0x0000000100000000)
  eden space 52736K, 0% used [0x00000000f5580000,0x00000000f5580000,0x00000000f8900000)
  from space 19456K, 80% used [0x00000000f8900000,0x00000000f9848cb0,0x00000000f9c00000)
  to   space 20480K, 0% used [0x00000000fa280000,0x00000000fa280000,0x00000000fb680000)
 ParOldGen       total 112640K, used 30683K [0x00000000e0000000, 0x00000000e6e00000, 0x00000000f5580000)
  object space 112640K, 27% used [0x00000000e0000000,0x00000000e1df6d70,0x00000000e6e00000)
 Metaspace       used 70414K, capacity 75824K, committed 75864K, reserved 1114112K
  class space    used 8893K, capacity 10557K, committed 10584K, reserved 1048576K
}
Event: 93.951 GC heap before
{Heap before GC invocations=15 (full 3):
 PSYoungGen      total 72192K, used 68386K [0x00000000f5580000, 0x00000000fb680000, 0x0000000100000000)
  eden space 52736K, 99% used [0x00000000f5580000,0x00000000f88ffc60,0x00000000f8900000)
  from space 19456K, 80% used [0x00000000f8900000,0x00000000f9848cb0,0x00000000f9c00000)
  to   space 20480K, 0% used [0x00000000fa280000,0x00000000fa280000,0x00000000fb680000)
 ParOldGen       total 112640K, used 30683K [0x00000000e0000000, 0x00000000e6e00000, 0x00000000f5580000)
  object space 112640K, 27% used [0x00000000e0000000,0x00000000e1df6d70,0x00000000e6e00000)
 Metaspace       used 73288K, capacity 79186K, committed 79448K, reserved 1118208K
  class space    used 9247K, capacity 11051K, committed 11096K, reserved 1048576K
Event: 93.960 GC heap after
Heap after GC invocations=15 (full 3):
 PSYoungGen      total 77824K, used 13893K [0x00000000f5580000, 0x00000000fb680000, 0x0000000100000000)
  eden space 57344K, 0% used [0x00000000f5580000,0x00000000f5580000,0x00000000f8d80000)
  from space 20480K, 67% used [0x00000000fa280000,0x00000000fb011650,0x00000000fb680000)
  to   space 20992K, 0% used [0x00000000f8d80000,0x00000000f8d80000,0x00000000fa200000)
 ParOldGen       total 112640K, used 30691K [0x00000000e0000000, 0x00000000e6e00000, 0x00000000f5580000)
  object space 112640K, 27% used [0x00000000e0000000,0x00000000e1df8d70,0x00000000e6e00000)
 Metaspace       used 73288K, capacity 79186K, committed 79448K, reserved 1118208K
  class space    used 9247K, capacity 11051K, committed 11096K, reserved 1048576K
}
Event: 195.082 GC heap before
{Heap before GC invocations=16 (full 3):
 PSYoungGen      total 77824K, used 71237K [0x00000000f5580000, 0x00000000fb680000, 0x0000000100000000)
  eden space 57344K, 100% used [0x00000000f5580000,0x00000000f8d80000,0x00000000f8d80000)
  from space 20480K, 67% used [0x00000000fa280000,0x00000000fb011650,0x00000000fb680000)
  to   space 20992K, 0% used [0x00000000f8d80000,0x00000000f8d80000,0x00000000fa200000)
 ParOldGen       total 112640K, used 30691K [0x00000000e0000000, 0x00000000e6e00000, 0x00000000f5580000)
  object space 112640K, 27% used [0x00000000e0000000,0x00000000e1df8d70,0x00000000e6e00000)
 Metaspace       used 74221K, capacity 80364K, committed 80600K, reserved 1118208K
  class space    used 9321K, capacity 11224K, committed 11224K, reserved 1048576K
Event: 195.097 GC heap after
Heap after GC invocations=16 (full 3):
 PSYoungGen      total 78336K, used 10715K [0x00000000f5580000, 0x00000000fb800000, 0x0000000100000000)
  eden space 57344K, 0% used [0x00000000f5580000,0x00000000f5580000,0x00000000f8d80000)
  from space 20992K, 51% used [0x00000000f8d80000,0x00000000f97f6f60,0x00000000fa200000)
  to   space 19968K, 0% used [0x00000000fa480000,0x00000000fa480000,0x00000000fb800000)
 ParOldGen       total 112640K, used 30699K [0x00000000e0000000, 0x00000000e6e00000, 0x00000000f5580000)
  object space 112640K, 27% used [0x00000000e0000000,0x00000000e1dfad70,0x00000000e6e00000)
 Metaspace       used 74221K, capacity 80364K, committed 80600K, reserved 1118208K
  class space    used 9321K, capacity 11224K, committed 11224K, reserved 1048576K
}

