# JRE version: Java(TM) SE Runtime Environment (8.0_25-b18) (build 1.8.0_25-b18)
# Java VM: Java HotSpot(TM) 64-Bit Server VM (25.25-b02 mixed mode windows-amd64 compressed oops)
Heap:
 PSYoungGen      total 38912K, used 8578K [0x00000000f5580000, 0x00000000f8280000, 0x0000000100000000)
  eden space 36864K, 18% used [0x00000000f5580000,0x00000000f5c03df0,0x00000000f7980000)
  from space 2048K, 93% used [0x00000000f7a00000,0x00000000f7bdcb08,0x00000000f7c00000)
  to   space 4608K, 0% used [0x00000000f7e00000,0x00000000f7e00000,0x00000000f8280000)
 ParOldGen       total 107520K, used 55719K [0x00000000e0000000, 0x00000000e6900000, 0x00000000f5580000)
  object space 107520K, 51% used [0x00000000e0000000,0x00000000e3669fe0,0x00000000e6900000)
 Metaspace       used 89264K, capacity 95540K, committed 95832K, reserved 1132544K
  class space    used 10642K, capacity 12624K, committed 12632K, reserved 1048576K
GC Heap History (10 events):
Event: 2775.576 GC heap before
{Heap before GC invocations=77 (full 8):
 PSYoungGen      total 43520K, used 41767K [0x00000000f5580000, 0x00000000f8500000, 0x0000000100000000)
  eden space 39424K, 100% used [0x00000000f5580000,0x00000000f7c00000,0x00000000f7c00000)
  from space 4096K, 57% used [0x00000000f8100000,0x00000000f8349c90,0x00000000f8500000)
  to   space 4608K, 0% used [0x00000000f7c00000,0x00000000f7c00000,0x00000000f8080000)
 ParOldGen       total 107520K, used 55455K [0x00000000e0000000, 0x00000000e6900000, 0x00000000f5580000)
  object space 107520K, 51% used [0x00000000e0000000,0x00000000e3627fe0,0x00000000e6900000)
 Metaspace       used 88298K, capacity 94370K, committed 94808K, reserved 1132544K
  class space    used 10542K, capacity 12517K, committed 12632K, reserved 1048576K
Event: 2775.583 GC heap after
Heap after GC invocations=77 (full 8):
 PSYoungGen      total 41984K, used 2714K [0x00000000f5580000, 0x00000000f8480000, 0x0000000100000000)
  eden space 38912K, 0% used [0x00000000f5580000,0x00000000f5580000,0x00000000f7b80000)
  from space 3072K, 88% used [0x00000000f7c00000,0x00000000f7ea6aa0,0x00000000f7f00000)
  to   space 4608K, 0% used [0x00000000f8000000,0x00000000f8000000,0x00000000f8480000)
 ParOldGen       total 107520K, used 55495K [0x00000000e0000000, 0x00000000e6900000, 0x00000000f5580000)
  object space 107520K, 51% used [0x00000000e0000000,0x00000000e3631fe0,0x00000000e6900000)
 Metaspace       used 88298K, capacity 94370K, committed 94808K, reserved 1132544K
  class space    used 10542K, capacity 12517K, committed 12632K, reserved 1048576K
}
Event: 2831.427 GC heap before
{Heap before GC invocations=78 (full 8):
 PSYoungGen      total 41984K, used 41626K [0x00000000f5580000, 0x00000000f8480000, 0x0000000100000000)
  eden space 38912K, 100% used [0x00000000f5580000,0x00000000f7b80000,0x00000000f7b80000)
  from space 3072K, 88% used [0x00000000f7c00000,0x00000000f7ea6aa0,0x00000000f7f00000)
  to   space 4608K, 0% used [0x00000000f8000000,0x00000000f8000000,0x00000000f8480000)
 ParOldGen       total 107520K, used 55495K [0x00000000e0000000, 0x00000000e6900000, 0x00000000f5580000)
  object space 107520K, 51% used [0x00000000e0000000,0x00000000e3631fe0,0x00000000e6900000)
 Metaspace       used 88507K, capacity 94652K, committed 95064K, reserved 1132544K
  class space    used 10565K, capacity 12523K, committed 12632K, reserved 1048576K
Event: 2831.435 GC heap after
Heap after GC invocations=78 (full 8):
 PSYoungGen      total 43008K, used 3099K [0x00000000f5580000, 0x00000000f8500000, 0x0000000100000000)
  eden space 38400K, 0% used [0x00000000f5580000,0x00000000f5580000,0x00000000f7b00000)
  from space 4608K, 67% used [0x00000000f8000000,0x00000000f8306e38,0x00000000f8480000)
  to   space 5120K, 0% used [0x00000000f7b00000,0x00000000f7b00000,0x00000000f8000000)
 ParOldGen       total 107520K, used 55543K [0x00000000e0000000, 0x00000000e6900000, 0x00000000f5580000)
  object space 107520K, 51% used [0x00000000e0000000,0x00000000e363dfe0,0x00000000e6900000)
 Metaspace       used 88507K, capacity 94652K, committed 95064K, reserved 1132544K
  class space    used 10565K, capacity 12523K, committed 12632K, reserved 1048576K
}
Event: 2852.607 GC heap before
{Heap before GC invocations=79 (full 8):
 PSYoungGen      total 43008K, used 41499K [0x00000000f5580000, 0x00000000f8500000, 0x0000000100000000)
  eden space 38400K, 100% used [0x00000000f5580000,0x00000000f7b00000,0x00000000f7b00000)
  from space 4608K, 67% used [0x00000000f8000000,0x00000000f8306e38,0x00000000f8480000)
  to   space 5120K, 0% used [0x00000000f7b00000,0x00000000f7b00000,0x00000000f8000000)
 ParOldGen       total 107520K, used 55543K [0x00000000e0000000, 0x00000000e6900000, 0x00000000f5580000)
  object space 107520K, 51% used [0x00000000e0000000,0x00000000e363dfe0,0x00000000e6900000)
 Metaspace       used 88549K, capacity 94780K, committed 95064K, reserved 1132544K
  class space    used 10566K, capacity 12523K, committed 12632K, reserved 1048576K
Event: 2852.613 GC heap after
Heap after GC invocations=79 (full 8):
 PSYoungGen      total 40960K, used 2878K [0x00000000f5580000, 0x00000000f8480000, 0x0000000100000000)
  eden space 37888K, 0% used [0x00000000f5580000,0x00000000f5580000,0x00000000f7a80000)
  from space 3072K, 93% used [0x00000000f7b00000,0x00000000f7dcf9d0,0x00000000f7e00000)
  to   space 5120K, 0% used [0x00000000f7f80000,0x00000000f7f80000,0x00000000f8480000)
 ParOldGen       total 107520K, used 55631K [0x00000000e0000000, 0x00000000e6900000, 0x00000000f5580000)
  object space 107520K, 51% used [0x00000000e0000000,0x00000000e3653fe0,0x00000000e6900000)
 Metaspace       used 88549K, capacity 94780K, committed 95064K, reserved 1132544K
  class space    used 10566K, capacity 12523K, committed 12632K, reserved 1048576K
}
Event: 2908.169 GC heap before
{Heap before GC invocations=80 (full 8):
 PSYoungGen      total 40960K, used 40766K [0x00000000f5580000, 0x00000000f8480000, 0x0000000100000000)
  eden space 37888K, 100% used [0x00000000f5580000,0x00000000f7a80000,0x00000000f7a80000)
  from space 3072K, 93% used [0x00000000f7b00000,0x00000000f7dcf9d0,0x00000000f7e00000)
  to   space 5120K, 0% used [0x00000000f7f80000,0x00000000f7f80000,0x00000000f8480000)
 ParOldGen       total 107520K, used 55631K [0x00000000e0000000, 0x00000000e6900000, 0x00000000f5580000)
  object space 107520K, 51% used [0x00000000e0000000,0x00000000e3653fe0,0x00000000e6900000)
 Metaspace       used 88601K, capacity 94858K, committed 95320K, reserved 1132544K
  class space    used 10568K, capacity 12527K, committed 12632K, reserved 1048576K
Event: 2908.175 GC heap after
Heap after GC invocations=80 (full 8):
 PSYoungGen      total 41984K, used 3086K [0x00000000f5580000, 0x00000000f8400000, 0x0000000100000000)
  eden space 37376K, 0% used [0x00000000f5580000,0x00000000f5580000,0x00000000f7a00000)
  from space 4608K, 66% used [0x00000000f7f80000,0x00000000f8283a00,0x00000000f8400000)
  to   space 5120K, 0% used [0x00000000f7a00000,0x00000000f7a00000,0x00000000f7f00000)
 ParOldGen       total 107520K, used 55671K [0x00000000e0000000, 0x00000000e6900000, 0x00000000f5580000)
  object space 107520K, 51% used [0x00000000e0000000,0x00000000e365dfe0,0x00000000e6900000)
 Metaspace       used 88601K, capacity 94858K, committed 95320K, reserved 1132544K
  class space    used 10568K, capacity 12527K, committed 12632K, reserved 1048576K
}
Event: 2952.688 GC heap before
{Heap before GC invocations=81 (full 8):
 PSYoungGen      total 41984K, used 40462K [0x00000000f5580000, 0x00000000f8400000, 0x0000000100000000)
  eden space 37376K, 100% used [0x00000000f5580000,0x00000000f7a00000,0x00000000f7a00000)
  from space 4608K, 66% used [0x00000000f7f80000,0x00000000f8283a00,0x00000000f8400000)
  to   space 5120K, 0% used [0x00000000f7a00000,0x00000000f7a00000,0x00000000f7f00000)
 ParOldGen       total 107520K, used 55671K [0x00000000e0000000, 0x00000000e6900000, 0x00000000f5580000)
  object space 107520K, 51% used [0x00000000e0000000,0x00000000e365dfe0,0x00000000e6900000)
 Metaspace       used 88951K, capacity 95408K, committed 95576K, reserved 1132544K
  class space    used 10611K, capacity 12624K, committed 12632K, reserved 1048576K
Event: 2952.698 GC heap after
Heap after GC invocations=81 (full 8):
 PSYoungGen      total 38912K, used 1906K [0x00000000f5580000, 0x00000000f8280000, 0x0000000100000000)
  eden space 36864K, 0% used [0x00000000f5580000,0x00000000f5580000,0x00000000f7980000)
  from space 2048K, 93% used [0x00000000f7a00000,0x00000000f7bdcb08,0x00000000f7c00000)
  to   space 4608K, 0% used [0x00000000f7e00000,0x00000000f7e00000,0x00000000f8280000)
 ParOldGen       total 107520K, used 55719K [0x00000000e0000000, 0x00000000e6900000, 0x00000000f5580000)
  object space 107520K, 51% used [0x00000000e0000000,0x00000000e3669fe0,0x00000000e6900000)
 Metaspace       used 88951K, capacity 95408K, committed 95576K, reserved 1132544K
  class space    used 10611K, capacity 12624K, committed 12632K, reserved 1048576K
}

