# JRE version: Java(TM) SE Runtime Environment (8.0_25-b18) (build 1.8.0_25-b18)
# Java VM: Java HotSpot(TM) 64-Bit Server VM (25.25-b02 mixed mode windows-amd64 compressed oops)
Heap:
 PSYoungGen      total 75776K, used 66126K [0x00000000f5580000, 0x00000000fb580000, 0x0000000100000000)
  eden space 64512K, 89% used [0x00000000f5580000,0x00000000f8daccc8,0x00000000f9480000)
  from space 11264K, 76% used [0x00000000faa80000,0x00000000fb2e6e80,0x00000000fb580000)
  to   space 16896K, 0% used [0x00000000f9480000,0x00000000f9480000,0x00000000fa500000)
 ParOldGen       total 105472K, used 38275K [0x00000000e0000000, 0x00000000e6700000, 0x00000000f5580000)
  object space 105472K, 36% used [0x00000000e0000000,0x00000000e2560f98,0x00000000e6700000)
 Metaspace       used 85078K, capacity 91038K, committed 91224K, reserved 1128448K
  class space    used 10445K, capacity 12528K, committed 12632K, reserved 1048576K
GC Heap History (10 events):
Event: 282.087 GC heap before
{Heap before GC invocations=20 (full 4):
 PSYoungGen      total 83968K, used 69034K [0x00000000f5580000, 0x00000000fbf00000, 0x0000000100000000)
  eden space 63488K, 100% used [0x00000000f5580000,0x00000000f9380000,0x00000000f9380000)
  from space 20480K, 27% used [0x00000000f9380000,0x00000000f98eab58,0x00000000fa780000)
  to   space 19968K, 0% used [0x00000000fab80000,0x00000000fab80000,0x00000000fbf00000)
 ParOldGen       total 105472K, used 38235K [0x00000000e0000000, 0x00000000e6700000, 0x00000000f5580000)
  object space 105472K, 36% used [0x00000000e0000000,0x00000000e2556f98,0x00000000e6700000)
 Metaspace       used 81929K, capacity 87696K, committed 87768K, reserved 1124352K
  class space    used 10208K, capacity 12211K, committed 12248K, reserved 1048576K
Event: 282.094 GC heap after
Heap after GC invocations=20 (full 4):
 PSYoungGen      total 74752K, used 7348K [0x00000000f5580000, 0x00000000fb800000, 0x0000000100000000)
  eden space 61952K, 0% used [0x00000000f5580000,0x00000000f5580000,0x00000000f9200000)
  from space 12800K, 57% used [0x00000000fab80000,0x00000000fb2ad0b0,0x00000000fb800000)
  to   space 19456K, 0% used [0x00000000f9200000,0x00000000f9200000,0x00000000fa500000)
 ParOldGen       total 105472K, used 38243K [0x00000000e0000000, 0x00000000e6700000, 0x00000000f5580000)
  object space 105472K, 36% used [0x00000000e0000000,0x00000000e2558f98,0x00000000e6700000)
 Metaspace       used 81929K, capacity 87696K, committed 87768K, reserved 1124352K
  class space    used 10208K, capacity 12211K, committed 12248K, reserved 1048576K
}
Event: 282.781 GC heap before
{Heap before GC invocations=21 (full 4):
 PSYoungGen      total 74752K, used 69300K [0x00000000f5580000, 0x00000000fb800000, 0x0000000100000000)
  eden space 61952K, 100% used [0x00000000f5580000,0x00000000f9200000,0x00000000f9200000)
  from space 12800K, 57% used [0x00000000fab80000,0x00000000fb2ad0b0,0x00000000fb800000)
  to   space 19456K, 0% used [0x00000000f9200000,0x00000000f9200000,0x00000000fa500000)
 ParOldGen       total 105472K, used 38243K [0x00000000e0000000, 0x00000000e6700000, 0x00000000f5580000)
  object space 105472K, 36% used [0x00000000e0000000,0x00000000e2558f98,0x00000000e6700000)
 Metaspace       used 82559K, capacity 88368K, committed 88536K, reserved 1126400K
  class space    used 10246K, capacity 12243K, committed 12248K, reserved 1048576K
Event: 282.789 GC heap after
Heap after GC invocations=21 (full 4):
 PSYoungGen      total 81408K, used 7991K [0x00000000f5580000, 0x00000000fbb00000, 0x0000000100000000)
  eden space 61952K, 0% used [0x00000000f5580000,0x00000000f5580000,0x00000000f9200000)
  from space 19456K, 41% used [0x00000000f9200000,0x00000000f99cde78,0x00000000fa500000)
  to   space 18944K, 0% used [0x00000000fa880000,0x00000000fa880000,0x00000000fbb00000)
 ParOldGen       total 105472K, used 38251K [0x00000000e0000000, 0x00000000e6700000, 0x00000000f5580000)
  object space 105472K, 36% used [0x00000000e0000000,0x00000000e255af98,0x00000000e6700000)
 Metaspace       used 82559K, capacity 88368K, committed 88536K, reserved 1126400K
  class space    used 10246K, capacity 12243K, committed 12248K, reserved 1048576K
}
Event: 283.195 GC heap before
{Heap before GC invocations=22 (full 4):
 PSYoungGen      total 81408K, used 69943K [0x00000000f5580000, 0x00000000fbb00000, 0x0000000100000000)
  eden space 61952K, 100% used [0x00000000f5580000,0x00000000f9200000,0x00000000f9200000)
  from space 19456K, 41% used [0x00000000f9200000,0x00000000f99cde78,0x00000000fa500000)
  to   space 18944K, 0% used [0x00000000fa880000,0x00000000fa880000,0x00000000fbb00000)
 ParOldGen       total 105472K, used 38251K [0x00000000e0000000, 0x00000000e6700000, 0x00000000f5580000)
  object space 105472K, 36% used [0x00000000e0000000,0x00000000e255af98,0x00000000e6700000)
 Metaspace       used 82769K, capacity 88560K, committed 88792K, reserved 1126400K
  class space    used 10253K, capacity 12243K, committed 12248K, reserved 1048576K
Event: 283.203 GC heap after
Heap after GC invocations=22 (full 4):
 PSYoungGen      total 82944K, used 8584K [0x00000000f5580000, 0x00000000fb900000, 0x0000000100000000)
  eden space 66048K, 0% used [0x00000000f5580000,0x00000000f5580000,0x00000000f9600000)
  from space 16896K, 50% used [0x00000000fa880000,0x00000000fb0e2030,0x00000000fb900000)
  to   space 17920K, 0% used [0x00000000f9600000,0x00000000f9600000,0x00000000fa780000)
 ParOldGen       total 105472K, used 38259K [0x00000000e0000000, 0x00000000e6700000, 0x00000000f5580000)
  object space 105472K, 36% used [0x00000000e0000000,0x00000000e255cf98,0x00000000e6700000)
 Metaspace       used 82769K, capacity 88560K, committed 88792K, reserved 1126400K
  class space    used 10253K, capacity 12243K, committed 12248K, reserved 1048576K
}
Event: 343.470 GC heap before
{Heap before GC invocations=23 (full 4):
 PSYoungGen      total 82944K, used 74632K [0x00000000f5580000, 0x00000000fb900000, 0x0000000100000000)
  eden space 66048K, 100% used [0x00000000f5580000,0x00000000f9600000,0x00000000f9600000)
  from space 16896K, 50% used [0x00000000fa880000,0x00000000fb0e2030,0x00000000fb900000)
  to   space 17920K, 0% used [0x00000000f9600000,0x00000000f9600000,0x00000000fa780000)
 ParOldGen       total 105472K, used 38259K [0x00000000e0000000, 0x00000000e6700000, 0x00000000f5580000)
  object space 105472K, 36% used [0x00000000e0000000,0x00000000e255cf98,0x00000000e6700000)
 Metaspace       used 83755K, capacity 89692K, committed 89944K, reserved 1126400K
  class space    used 10339K, capacity 12359K, committed 12376K, reserved 1048576K
Event: 343.477 GC heap after
Heap after GC invocations=23 (full 4):
 PSYoungGen      total 83968K, used 8778K [0x00000000f5580000, 0x00000000fbb80000, 0x0000000100000000)
  eden space 66048K, 0% used [0x00000000f5580000,0x00000000f5580000,0x00000000f9600000)
  from space 17920K, 48% used [0x00000000f9600000,0x00000000f9e92940,0x00000000fa780000)
  to   space 17408K, 0% used [0x00000000faa80000,0x00000000faa80000,0x00000000fbb80000)
 ParOldGen       total 105472K, used 38267K [0x00000000e0000000, 0x00000000e6700000, 0x00000000f5580000)
  object space 105472K, 36% used [0x00000000e0000000,0x00000000e255ef98,0x00000000e6700000)
 Metaspace       used 83755K, capacity 89692K, committed 89944K, reserved 1126400K
  class space    used 10339K, capacity 12359K, committed 12376K, reserved 1048576K
}
Event: 367.334 GC heap before
{Heap before GC invocations=24 (full 4):
 PSYoungGen      total 83968K, used 74826K [0x00000000f5580000, 0x00000000fbb80000, 0x0000000100000000)
  eden space 66048K, 100% used [0x00000000f5580000,0x00000000f9600000,0x00000000f9600000)
  from space 17920K, 48% used [0x00000000f9600000,0x00000000f9e92940,0x00000000fa780000)
  to   space 17408K, 0% used [0x00000000faa80000,0x00000000faa80000,0x00000000fbb80000)
 ParOldGen       total 105472K, used 38267K [0x00000000e0000000, 0x00000000e6700000, 0x00000000f5580000)
  object space 105472K, 36% used [0x00000000e0000000,0x00000000e255ef98,0x00000000e6700000)
 Metaspace       used 84215K, capacity 90424K, committed 90584K, reserved 1128448K
  class space    used 10363K, capacity 12431K, committed 12504K, reserved 1048576K
Event: 367.344 GC heap after
Heap after GC invocations=24 (full 4):
 PSYoungGen      total 75776K, used 8603K [0x00000000f5580000, 0x00000000fb580000, 0x0000000100000000)
  eden space 64512K, 0% used [0x00000000f5580000,0x00000000f5580000,0x00000000f9480000)
  from space 11264K, 76% used [0x00000000faa80000,0x00000000fb2e6e80,0x00000000fb580000)
  to   space 16896K, 0% used [0x00000000f9480000,0x00000000f9480000,0x00000000fa500000)
 ParOldGen       total 105472K, used 38275K [0x00000000e0000000, 0x00000000e6700000, 0x00000000f5580000)
  object space 105472K, 36% used [0x00000000e0000000,0x00000000e2560f98,0x00000000e6700000)
 Metaspace       used 84215K, capacity 90424K, committed 90584K, reserved 1128448K
  class space    used 10363K, capacity 12431K, committed 12504K, reserved 1048576K
}

