# JRE version: Java(TM) SE Runtime Environment (8.0_25-b18) (build 1.8.0_25-b18)
# Java VM: Java HotSpot(TM) 64-Bit Server VM (25.25-b02 mixed mode windows-amd64 compressed oops)
Heap:
 PSYoungGen      total 107520K, used 6092K [0x00000000f5580000, 0x00000000fd600000, 0x0000000100000000)
  eden space 86528K, 0% used [0x00000000f5580000,0x00000000f5653690,0x00000000faa00000)
  from space 20992K, 24% used [0x00000000faa00000,0x00000000faf1fb48,0x00000000fbe80000)
  to   space 20480K, 0% used [0x00000000fc200000,0x00000000fc200000,0x00000000fd600000)
 ParOldGen       total 86528K, used 44695K [0x00000000e0000000, 0x00000000e5480000, 0x00000000f5580000)
  object space 86528K, 51% used [0x00000000e0000000,0x00000000e2ba5e18,0x00000000e5480000)
 Metaspace       used 80398K, capacity 86446K, committed 86616K, reserved 1124352K
  class space    used 9926K, capacity 11844K, committed 11864K, reserved 1048576K
GC Heap History (10 events):
Event: 70.896 GC heap before
{Heap before GC invocations=20 (full 4):
 PSYoungGen      total 104448K, used 15765K [0x00000000f5580000, 0x00000000fd380000, 0x0000000100000000)
  eden space 84480K, 0% used [0x00000000f5580000,0x00000000f5580000,0x00000000fa800000)
  from space 19968K, 78% used [0x00000000fbd00000,0x00000000fcc65728,0x00000000fd080000)
  to   space 21504K, 0% used [0x00000000fa800000,0x00000000fa800000,0x00000000fbd00000)
 ParOldGen       total 86528K, used 28491K [0x00000000e0000000, 0x00000000e5480000, 0x00000000f5580000)
  object space 86528K, 32% used [0x00000000e0000000,0x00000000e1bd2f98,0x00000000e5480000)
 Metaspace       used 73475K, capacity 78784K, committed 78936K, reserved 1118208K
  class space    used 9190K, capacity 10831K, committed 10840K, reserved 1048576K
Event: 71.245 GC heap after
Heap after GC invocations=20 (full 4):
 PSYoungGen      total 104448K, used 0K [0x00000000f5580000, 0x00000000fd380000, 0x0000000100000000)
  eden space 84480K, 0% used [0x00000000f5580000,0x00000000f5580000,0x00000000fa800000)
  from space 19968K, 0% used [0x00000000fbd00000,0x00000000fbd00000,0x00000000fd080000)
  to   space 21504K, 0% used [0x00000000fa800000,0x00000000fa800000,0x00000000fbd00000)
 ParOldGen       total 86528K, used 42752K [0x00000000e0000000, 0x00000000e5480000, 0x00000000f5580000)
  object space 86528K, 49% used [0x00000000e0000000,0x00000000e29c0098,0x00000000e5480000)
 Metaspace       used 73475K, capacity 78784K, committed 78936K, reserved 1118208K
  class space    used 9190K, capacity 10831K, committed 10840K, reserved 1048576K
}
Event: 131.167 GC heap before
{Heap before GC invocations=21 (full 4):
 PSYoungGen      total 104448K, used 67792K [0x00000000f5580000, 0x00000000fd380000, 0x0000000100000000)
  eden space 84480K, 80% used [0x00000000f5580000,0x00000000f97b41a8,0x00000000fa800000)
  from space 19968K, 0% used [0x00000000fbd00000,0x00000000fbd00000,0x00000000fd080000)
  to   space 21504K, 0% used [0x00000000fa800000,0x00000000fa800000,0x00000000fbd00000)
 ParOldGen       total 86528K, used 42752K [0x00000000e0000000, 0x00000000e5480000, 0x00000000f5580000)
  object space 86528K, 49% used [0x00000000e0000000,0x00000000e29c0098,0x00000000e5480000)
 Metaspace       used 75140K, capacity 80710K, committed 80984K, reserved 1120256K
  class space    used 9315K, capacity 10979K, committed 11096K, reserved 1048576K
Event: 131.171 GC heap after
Heap after GC invocations=21 (full 4):
 PSYoungGen      total 105984K, used 3127K [0x00000000f5580000, 0x00000000fd380000, 0x0000000100000000)
  eden space 84480K, 0% used [0x00000000f5580000,0x00000000f5580000,0x00000000fa800000)
  from space 21504K, 14% used [0x00000000fa800000,0x00000000fab0dcb8,0x00000000fbd00000)
  to   space 21504K, 0% used [0x00000000fbe80000,0x00000000fbe80000,0x00000000fd380000)
 ParOldGen       total 86528K, used 42760K [0x00000000e0000000, 0x00000000e5480000, 0x00000000f5580000)
  object space 86528K, 49% used [0x00000000e0000000,0x00000000e29c2098,0x00000000e5480000)
 Metaspace       used 75140K, capacity 80710K, committed 80984K, reserved 1120256K
  class space    used 9315K, capacity 10979K, committed 11096K, reserved 1048576K
}
Event: 131.171 GC heap before
{Heap before GC invocations=22 (full 5):
 PSYoungGen      total 105984K, used 3127K [0x00000000f5580000, 0x00000000fd380000, 0x0000000100000000)
  eden space 84480K, 0% used [0x00000000f5580000,0x00000000f5580000,0x00000000fa800000)
  from space 21504K, 14% used [0x00000000fa800000,0x00000000fab0dcb8,0x00000000fbd00000)
  to   space 21504K, 0% used [0x00000000fbe80000,0x00000000fbe80000,0x00000000fd380000)
 ParOldGen       total 86528K, used 42760K [0x00000000e0000000, 0x00000000e5480000, 0x00000000f5580000)
  object space 86528K, 49% used [0x00000000e0000000,0x00000000e29c2098,0x00000000e5480000)
 Metaspace       used 75140K, capacity 80710K, committed 80984K, reserved 1120256K
  class space    used 9315K, capacity 10979K, committed 11096K, reserved 1048576K
Event: 131.549 GC heap after
Heap after GC invocations=22 (full 5):
 PSYoungGen      total 105984K, used 0K [0x00000000f5580000, 0x00000000fd380000, 0x0000000100000000)
  eden space 84480K, 0% used [0x00000000f5580000,0x00000000f5580000,0x00000000fa800000)
  from space 21504K, 0% used [0x00000000fa800000,0x00000000fa800000,0x00000000fbd00000)
  to   space 21504K, 0% used [0x00000000fbe80000,0x00000000fbe80000,0x00000000fd380000)
 ParOldGen       total 86528K, used 44679K [0x00000000e0000000, 0x00000000e5480000, 0x00000000f5580000)
  object space 86528K, 51% used [0x00000000e0000000,0x00000000e2ba1e18,0x00000000e5480000)
 Metaspace       used 75140K, capacity 80710K, committed 80984K, reserved 1120256K
  class space    used 9315K, capacity 10979K, committed 11096K, reserved 1048576K
}
Event: 190.908 GC heap before
{Heap before GC invocations=23 (full 5):
 PSYoungGen      total 105984K, used 84480K [0x00000000f5580000, 0x00000000fd380000, 0x0000000100000000)
  eden space 84480K, 100% used [0x00000000f5580000,0x00000000fa800000,0x00000000fa800000)
  from space 21504K, 0% used [0x00000000fa800000,0x00000000fa800000,0x00000000fbd00000)
  to   space 21504K, 0% used [0x00000000fbe80000,0x00000000fbe80000,0x00000000fd380000)
 ParOldGen       total 86528K, used 44679K [0x00000000e0000000, 0x00000000e5480000, 0x00000000f5580000)
  object space 86528K, 51% used [0x00000000e0000000,0x00000000e2ba1e18,0x00000000e5480000)
 Metaspace       used 78812K, capacity 84752K, committed 84824K, reserved 1122304K
  class space    used 9773K, capacity 11582K, committed 11608K, reserved 1048576K
Event: 190.915 GC heap after
Heap after GC invocations=23 (full 5):
 PSYoungGen      total 108032K, used 7254K [0x00000000f5580000, 0x00000000fd880000, 0x0000000100000000)
  eden space 86528K, 0% used [0x00000000f5580000,0x00000000f5580000,0x00000000faa00000)
  from space 21504K, 33% used [0x00000000fbe80000,0x00000000fc595a10,0x00000000fd380000)
  to   space 20992K, 0% used [0x00000000faa00000,0x00000000faa00000,0x00000000fbe80000)
 ParOldGen       total 86528K, used 44687K [0x00000000e0000000, 0x00000000e5480000, 0x00000000f5580000)
  object space 86528K, 51% used [0x00000000e0000000,0x00000000e2ba3e18,0x00000000e5480000)
 Metaspace       used 78812K, capacity 84752K, committed 84824K, reserved 1122304K
  class space    used 9773K, capacity 11582K, committed 11608K, reserved 1048576K
}
Event: 240.263 GC heap before
{Heap before GC invocations=24 (full 5):
 PSYoungGen      total 108032K, used 93782K [0x00000000f5580000, 0x00000000fd880000, 0x0000000100000000)
  eden space 86528K, 100% used [0x00000000f5580000,0x00000000faa00000,0x00000000faa00000)
  from space 21504K, 33% used [0x00000000fbe80000,0x00000000fc595a10,0x00000000fd380000)
  to   space 20992K, 0% used [0x00000000faa00000,0x00000000faa00000,0x00000000fbe80000)
 ParOldGen       total 86528K, used 44687K [0x00000000e0000000, 0x00000000e5480000, 0x00000000f5580000)
  object space 86528K, 51% used [0x00000000e0000000,0x00000000e2ba3e18,0x00000000e5480000)
 Metaspace       used 80386K, capacity 86446K, committed 86616K, reserved 1124352K
  class space    used 9925K, capacity 11844K, committed 11864K, reserved 1048576K
Event: 240.269 GC heap after
Heap after GC invocations=24 (full 5):
 PSYoungGen      total 107520K, used 5246K [0x00000000f5580000, 0x00000000fd600000, 0x0000000100000000)
  eden space 86528K, 0% used [0x00000000f5580000,0x00000000f5580000,0x00000000faa00000)
  from space 20992K, 24% used [0x00000000faa00000,0x00000000faf1fb48,0x00000000fbe80000)
  to   space 20480K, 0% used [0x00000000fc200000,0x00000000fc200000,0x00000000fd600000)
 ParOldGen       total 86528K, used 44695K [0x00000000e0000000, 0x00000000e5480000, 0x00000000f5580000)
  object space 86528K, 51% used [0x00000000e0000000,0x00000000e2ba5e18,0x00000000e5480000)
 Metaspace       used 80386K, capacity 86446K, committed 86616K, reserved 1124352K
  class space    used 9925K, capacity 11844K, committed 11864K, reserved 1048576K
}

