# JRE version: Java(TM) SE Runtime Environment (8.0_25-b18) (build 1.8.0_25-b18)
# Java VM: Java HotSpot(TM) 64-Bit Server VM (25.25-b02 mixed mode windows-amd64 compressed oops)
Heap:
 PSYoungGen      total 78848K, used 45861K [0x00000000f5580000, 0x00000000fb880000, 0x0000000100000000)
  eden space 60928K, 61% used [0x00000000f5580000,0x00000000f79e1110,0x00000000f9100000)
  from space 17920K, 48% used [0x00000000fa200000,0x00000000faa68548,0x00000000fb380000)
  to   space 17408K, 0% used [0x00000000f9100000,0x00000000f9100000,0x00000000fa200000)
 ParOldGen       total 103424K, used 29067K [0x00000000e0000000, 0x00000000e6500000, 0x00000000f5580000)
  object space 103424K, 28% used [0x00000000e0000000,0x00000000e1c62c18,0x00000000e6500000)
 Metaspace       used 69599K, capacity 74908K, committed 75096K, reserved 1114112K
  class space    used 8612K, capacity 10316K, committed 10328K, reserved 1048576K
GC Heap History (10 events):
Event: 9.015 GC heap before
{Heap before GC invocations=12 (full 3):
 PSYoungGen      total 72192K, used 11065K [0x00000000f5580000, 0x00000000fb480000, 0x0000000100000000)
  eden space 53760K, 0% used [0x00000000f5580000,0x00000000f5580000,0x00000000f8a00000)
  from space 18432K, 60% used [0x00000000f8a00000,0x00000000f94ce440,0x00000000f9c00000)
  to   space 17920K, 0% used [0x00000000fa300000,0x00000000fa300000,0x00000000fb480000)
 ParOldGen       total 81408K, used 26647K [0x00000000e0000000, 0x00000000e4f80000, 0x00000000f5580000)
  object space 81408K, 32% used [0x00000000e0000000,0x00000000e1a05fc8,0x00000000e4f80000)
 Metaspace       used 54036K, capacity 58970K, committed 59028K, reserved 1099776K
  class space    used 6799K, capacity 8397K, committed 8408K, reserved 1048576K
Event: 9.183 GC heap after
Heap after GC invocations=12 (full 3):
 PSYoungGen      total 72192K, used 0K [0x00000000f5580000, 0x00000000fb480000, 0x0000000100000000)
  eden space 53760K, 0% used [0x00000000f5580000,0x00000000f5580000,0x00000000f8a00000)
  from space 18432K, 0% used [0x00000000f8a00000,0x00000000f8a00000,0x00000000f9c00000)
  to   space 17920K, 0% used [0x00000000fa300000,0x00000000fa300000,0x00000000fb480000)
 ParOldGen       total 103424K, used 27972K [0x00000000e0000000, 0x00000000e6500000, 0x00000000f5580000)
  object space 103424K, 27% used [0x00000000e0000000,0x00000000e1b51210,0x00000000e6500000)
 Metaspace       used 54036K, capacity 58970K, committed 59028K, reserved 1099776K
  class space    used 6799K, capacity 8397K, committed 8408K, reserved 1048576K
}
Event: 35.454 GC heap before
{Heap before GC invocations=13 (full 3):
 PSYoungGen      total 72192K, used 53760K [0x00000000f5580000, 0x00000000fb480000, 0x0000000100000000)
  eden space 53760K, 100% used [0x00000000f5580000,0x00000000f8a00000,0x00000000f8a00000)
  from space 18432K, 0% used [0x00000000f8a00000,0x00000000f8a00000,0x00000000f9c00000)
  to   space 17920K, 0% used [0x00000000fa300000,0x00000000fa300000,0x00000000fb480000)
 ParOldGen       total 103424K, used 27972K [0x00000000e0000000, 0x00000000e6500000, 0x00000000f5580000)
  object space 103424K, 27% used [0x00000000e0000000,0x00000000e1b51210,0x00000000e6500000)
 Metaspace       used 62223K, capacity 67418K, committed 67672K, reserved 1107968K
  class space    used 7749K, capacity 9551K, committed 9560K, reserved 1048576K
Event: 35.463 GC heap after
Heap after GC invocations=13 (full 3):
 PSYoungGen      total 77312K, used 11237K [0x00000000f5580000, 0x00000000fb380000, 0x0000000100000000)
  eden space 60416K, 0% used [0x00000000f5580000,0x00000000f5580000,0x00000000f9080000)
  from space 16896K, 66% used [0x00000000fa300000,0x00000000fadf95a8,0x00000000fb380000)
  to   space 17920K, 0% used [0x00000000f9080000,0x00000000f9080000,0x00000000fa200000)
 ParOldGen       total 103424K, used 27980K [0x00000000e0000000, 0x00000000e6500000, 0x00000000f5580000)
  object space 103424K, 27% used [0x00000000e0000000,0x00000000e1b53210,0x00000000e6500000)
 Metaspace       used 62223K, capacity 67418K, committed 67672K, reserved 1107968K
  class space    used 7749K, capacity 9551K, committed 9560K, reserved 1048576K
}
Event: 62.534 GC heap before
{Heap before GC invocations=14 (full 3):
 PSYoungGen      total 77312K, used 17038K [0x00000000f5580000, 0x00000000fb380000, 0x0000000100000000)
  eden space 60416K, 9% used [0x00000000f5580000,0x00000000f5b2a4b8,0x00000000f9080000)
  from space 16896K, 66% used [0x00000000fa300000,0x00000000fadf95a8,0x00000000fb380000)
  to   space 17920K, 0% used [0x00000000f9080000,0x00000000f9080000,0x00000000fa200000)
 ParOldGen       total 103424K, used 27980K [0x00000000e0000000, 0x00000000e6500000, 0x00000000f5580000)
  object space 103424K, 27% used [0x00000000e0000000,0x00000000e1b53210,0x00000000e6500000)
 Metaspace       used 62381K, capacity 67738K, committed 67928K, reserved 1107968K
  class space    used 7767K, capacity 9551K, committed 9560K, reserved 1048576K
Event: 62.538 GC heap after
Heap after GC invocations=14 (full 3):
 PSYoungGen      total 78336K, used 3808K [0x00000000f5580000, 0x00000000fb380000, 0x0000000100000000)
  eden space 60416K, 0% used [0x00000000f5580000,0x00000000f5580000,0x00000000f9080000)
  from space 17920K, 21% used [0x00000000f9080000,0x00000000f9438000,0x00000000fa200000)
  to   space 17920K, 0% used [0x00000000fa200000,0x00000000fa200000,0x00000000fb380000)
 ParOldGen       total 103424K, used 27988K [0x00000000e0000000, 0x00000000e6500000, 0x00000000f5580000)
  object space 103424K, 27% used [0x00000000e0000000,0x00000000e1b55210,0x00000000e6500000)
 Metaspace       used 62381K, capacity 67738K, committed 67928K, reserved 1107968K
  class space    used 7767K, capacity 9551K, committed 9560K, reserved 1048576K
}
Event: 62.538 GC heap before
{Heap before GC invocations=15 (full 4):
 PSYoungGen      total 78336K, used 3808K [0x00000000f5580000, 0x00000000fb380000, 0x0000000100000000)
  eden space 60416K, 0% used [0x00000000f5580000,0x00000000f5580000,0x00000000f9080000)
  from space 17920K, 21% used [0x00000000f9080000,0x00000000f9438000,0x00000000fa200000)
  to   space 17920K, 0% used [0x00000000fa200000,0x00000000fa200000,0x00000000fb380000)
 ParOldGen       total 103424K, used 27988K [0x00000000e0000000, 0x00000000e6500000, 0x00000000f5580000)
  object space 103424K, 27% used [0x00000000e0000000,0x00000000e1b55210,0x00000000e6500000)
 Metaspace       used 62381K, capacity 67738K, committed 67928K, reserved 1107968K
  class space    used 7767K, capacity 9551K, committed 9560K, reserved 1048576K
Event: 62.810 GC heap after
Heap after GC invocations=15 (full 4):
 PSYoungGen      total 78336K, used 0K [0x00000000f5580000, 0x00000000fb380000, 0x0000000100000000)
  eden space 60416K, 0% used [0x00000000f5580000,0x00000000f5580000,0x00000000f9080000)
  from space 17920K, 0% used [0x00000000f9080000,0x00000000f9080000,0x00000000fa200000)
  to   space 17920K, 0% used [0x00000000fa200000,0x00000000fa200000,0x00000000fb380000)
 ParOldGen       total 103424K, used 29059K [0x00000000e0000000, 0x00000000e6500000, 0x00000000f5580000)
  object space 103424K, 28% used [0x00000000e0000000,0x00000000e1c60c18,0x00000000e6500000)
 Metaspace       used 62381K, capacity 67738K, committed 67928K, reserved 1107968K
  class space    used 7767K, capacity 9551K, committed 9560K, reserved 1048576K
}
Event: 80.807 GC heap before
{Heap before GC invocations=16 (full 4):
 PSYoungGen      total 78336K, used 60416K [0x00000000f5580000, 0x00000000fb380000, 0x0000000100000000)
  eden space 60416K, 100% used [0x00000000f5580000,0x00000000f9080000,0x00000000f9080000)
  from space 17920K, 0% used [0x00000000f9080000,0x00000000f9080000,0x00000000fa200000)
  to   space 17920K, 0% used [0x00000000fa200000,0x00000000fa200000,0x00000000fb380000)
 ParOldGen       total 103424K, used 29059K [0x00000000e0000000, 0x00000000e6500000, 0x00000000f5580000)
  object space 103424K, 28% used [0x00000000e0000000,0x00000000e1c60c18,0x00000000e6500000)
 Metaspace       used 66835K, capacity 72070K, committed 72408K, reserved 1112064K
  class space    used 8288K, capacity 10080K, committed 10200K, reserved 1048576K
Event: 80.816 GC heap after
Heap after GC invocations=16 (full 4):
 PSYoungGen      total 78848K, used 8609K [0x00000000f5580000, 0x00000000fb880000, 0x0000000100000000)
  eden space 60928K, 0% used [0x00000000f5580000,0x00000000f5580000,0x00000000f9100000)
  from space 17920K, 48% used [0x00000000fa200000,0x00000000faa68548,0x00000000fb380000)
  to   space 17408K, 0% used [0x00000000f9100000,0x00000000f9100000,0x00000000fa200000)
 ParOldGen       total 103424K, used 29067K [0x00000000e0000000, 0x00000000e6500000, 0x00000000f5580000)
  object space 103424K, 28% used [0x00000000e0000000,0x00000000e1c62c18,0x00000000e6500000)
 Metaspace       used 66835K, capacity 72070K, committed 72408K, reserved 1112064K
  class space    used 8288K, capacity 10080K, committed 10200K, reserved 1048576K
}

