# JRE version: Java(TM) SE Runtime Environment (8.0_25-b18) (build 1.8.0_25-b18)
# Java VM: Java HotSpot(TM) 64-Bit Server VM (25.25-b02 mixed mode windows-amd64 compressed oops)
Heap:
 PSYoungGen      total 69120K, used 50363K [0x00000000f5580000, 0x00000000fb580000, 0x0000000100000000)
  eden space 51712K, 63% used [0x00000000f5580000,0x00000000f75af9d0,0x00000000f8800000)
  from space 17408K, 99% used [0x00000000f8800000,0x00000000f98ff448,0x00000000f9900000)
  to   space 19456K, 0% used [0x00000000fa280000,0x00000000fa280000,0x00000000fb580000)
 ParOldGen       total 96768K, used 28156K [0x00000000e0000000, 0x00000000e5e80000, 0x00000000f5580000)
  object space 96768K, 29% used [0x00000000e0000000,0x00000000e1b7f320,0x00000000e5e80000)
 Metaspace       used 70793K, capacity 76656K, committed 76760K, reserved 1116160K
  class space    used 8854K, capacity 10688K, committed 10752K, reserved 1048576K
GC Heap History (10 events):
Event: 5.525 GC heap before
{Heap before GC invocations=14 (full 2):
 PSYoungGen      total 51200K, used 16343K [0x00000000f5580000, 0x00000000fa180000, 0x0000000100000000)
  eden space 36864K, 5% used [0x00000000f5580000,0x00000000f577b660,0x00000000f7980000)
  from space 14336K, 99% used [0x00000000f7980000,0x00000000f877a848,0x00000000f8780000)
  to   space 16896K, 0% used [0x00000000f9100000,0x00000000f9100000,0x00000000fa180000)
 ParOldGen       total 70144K, used 20958K [0x00000000e0000000, 0x00000000e4480000, 0x00000000f5580000)
  object space 70144K, 29% used [0x00000000e0000000,0x00000000e1477b00,0x00000000e4480000)
 Metaspace       used 54684K, capacity 58892K, committed 59028K, reserved 1099776K
  class space    used 6774K, capacity 8089K, committed 8192K, reserved 1048576K
Event: 5.534 GC heap after
Heap after GC invocations=14 (full 2):
 PSYoungGen      total 60928K, used 10935K [0x00000000f5580000, 0x00000000fa580000, 0x0000000100000000)
  eden space 44032K, 0% used [0x00000000f5580000,0x00000000f5580000,0x00000000f8080000)
  from space 16896K, 64% used [0x00000000f9100000,0x00000000f9baddd8,0x00000000fa180000)
  to   space 16896K, 0% used [0x00000000f8080000,0x00000000f8080000,0x00000000f9100000)
 ParOldGen       total 70144K, used 20966K [0x00000000e0000000, 0x00000000e4480000, 0x00000000f5580000)
  object space 70144K, 29% used [0x00000000e0000000,0x00000000e1479b00,0x00000000e4480000)
 Metaspace       used 54684K, capacity 58892K, committed 59028K, reserved 1099776K
  class space    used 6774K, capacity 8089K, committed 8192K, reserved 1048576K
}
Event: 5.534 GC heap before
{Heap before GC invocations=15 (full 3):
 PSYoungGen      total 60928K, used 10935K [0x00000000f5580000, 0x00000000fa580000, 0x0000000100000000)
  eden space 44032K, 0% used [0x00000000f5580000,0x00000000f5580000,0x00000000f8080000)
  from space 16896K, 64% used [0x00000000f9100000,0x00000000f9baddd8,0x00000000fa180000)
  to   space 16896K, 0% used [0x00000000f8080000,0x00000000f8080000,0x00000000f9100000)
 ParOldGen       total 70144K, used 20966K [0x00000000e0000000, 0x00000000e4480000, 0x00000000f5580000)
  object space 70144K, 29% used [0x00000000e0000000,0x00000000e1479b00,0x00000000e4480000)
 Metaspace       used 54684K, capacity 58892K, committed 59028K, reserved 1099776K
  class space    used 6774K, capacity 8089K, committed 8192K, reserved 1048576K
Event: 5.752 GC heap after
Heap after GC invocations=15 (full 3):
 PSYoungGen      total 60928K, used 0K [0x00000000f5580000, 0x00000000fa580000, 0x0000000100000000)
  eden space 44032K, 0% used [0x00000000f5580000,0x00000000f5580000,0x00000000f8080000)
  from space 16896K, 0% used [0x00000000f9100000,0x00000000f9100000,0x00000000fa180000)
  to   space 16896K, 0% used [0x00000000f8080000,0x00000000f8080000,0x00000000f9100000)
 ParOldGen       total 96768K, used 27989K [0x00000000e0000000, 0x00000000e5e80000, 0x00000000f5580000)
  object space 96768K, 28% used [0x00000000e0000000,0x00000000e1b554a0,0x00000000e5e80000)
 Metaspace       used 54684K, capacity 58892K, committed 59028K, reserved 1099776K
  class space    used 6774K, capacity 8089K, committed 8192K, reserved 1048576K
}
Event: 6.125 GC heap before
{Heap before GC invocations=16 (full 3):
 PSYoungGen      total 60928K, used 44032K [0x00000000f5580000, 0x00000000fa580000, 0x0000000100000000)
  eden space 44032K, 100% used [0x00000000f5580000,0x00000000f8080000,0x00000000f8080000)
  from space 16896K, 0% used [0x00000000f9100000,0x00000000f9100000,0x00000000fa180000)
  to   space 16896K, 0% used [0x00000000f8080000,0x00000000f8080000,0x00000000f9100000)
 ParOldGen       total 96768K, used 27989K [0x00000000e0000000, 0x00000000e5e80000, 0x00000000f5580000)
  object space 96768K, 28% used [0x00000000e0000000,0x00000000e1b554a0,0x00000000e5e80000)
 Metaspace       used 58594K, capacity 62882K, committed 63064K, reserved 1103872K
  class space    used 7358K, capacity 8713K, committed 8832K, reserved 1048576K
Event: 6.131 GC heap after
Heap after GC invocations=16 (full 3):
 PSYoungGen      total 60928K, used 8576K [0x00000000f5580000, 0x00000000fa980000, 0x0000000100000000)
  eden space 44032K, 0% used [0x00000000f5580000,0x00000000f5580000,0x00000000f8080000)
  from space 16896K, 50% used [0x00000000f8080000,0x00000000f88e0258,0x00000000f9100000)
  to   space 16384K, 0% used [0x00000000f9980000,0x00000000f9980000,0x00000000fa980000)
 ParOldGen       total 96768K, used 27997K [0x00000000e0000000, 0x00000000e5e80000, 0x00000000f5580000)
  object space 96768K, 28% used [0x00000000e0000000,0x00000000e1b574a0,0x00000000e5e80000)
 Metaspace       used 58594K, capacity 62882K, committed 63064K, reserved 1103872K
  class space    used 7358K, capacity 8713K, committed 8832K, reserved 1048576K
}
Event: 8.076 GC heap before
{Heap before GC invocations=17 (full 3):
 PSYoungGen      total 60928K, used 52608K [0x00000000f5580000, 0x00000000fa980000, 0x0000000100000000)
  eden space 44032K, 100% used [0x00000000f5580000,0x00000000f8080000,0x00000000f8080000)
  from space 16896K, 50% used [0x00000000f8080000,0x00000000f88e0258,0x00000000f9100000)
  to   space 16384K, 0% used [0x00000000f9980000,0x00000000f9980000,0x00000000fa980000)
 ParOldGen       total 96768K, used 27997K [0x00000000e0000000, 0x00000000e5e80000, 0x00000000f5580000)
  object space 96768K, 28% used [0x00000000e0000000,0x00000000e1b574a0,0x00000000e5e80000)
 Metaspace       used 62265K, capacity 67342K, committed 67672K, reserved 1107968K
  class space    used 7795K, capacity 9264K, committed 9344K, reserved 1048576K
Event: 8.087 GC heap after
Heap after GC invocations=17 (full 3):
 PSYoungGen      total 68096K, used 13623K [0x00000000f5580000, 0x00000000faa00000, 0x0000000100000000)
  eden space 51712K, 0% used [0x00000000f5580000,0x00000000f5580000,0x00000000f8800000)
  from space 16384K, 83% used [0x00000000f9980000,0x00000000fa6cdd58,0x00000000fa980000)
  to   space 17408K, 0% used [0x00000000f8800000,0x00000000f8800000,0x00000000f9900000)
 ParOldGen       total 96768K, used 28005K [0x00000000e0000000, 0x00000000e5e80000, 0x00000000f5580000)
  object space 96768K, 28% used [0x00000000e0000000,0x00000000e1b594a0,0x00000000e5e80000)
 Metaspace       used 62265K, capacity 67342K, committed 67672K, reserved 1107968K
  class space    used 7795K, capacity 9264K, committed 9344K, reserved 1048576K
}
Event: 38.773 GC heap before
{Heap before GC invocations=18 (full 3):
 PSYoungGen      total 68096K, used 65335K [0x00000000f5580000, 0x00000000faa00000, 0x0000000100000000)
  eden space 51712K, 100% used [0x00000000f5580000,0x00000000f8800000,0x00000000f8800000)
  from space 16384K, 83% used [0x00000000f9980000,0x00000000fa6cdd58,0x00000000fa980000)
  to   space 17408K, 0% used [0x00000000f8800000,0x00000000f8800000,0x00000000f9900000)
 ParOldGen       total 96768K, used 28005K [0x00000000e0000000, 0x00000000e5e80000, 0x00000000f5580000)
  object space 96768K, 28% used [0x00000000e0000000,0x00000000e1b594a0,0x00000000e5e80000)
 Metaspace       used 68412K, capacity 73972K, committed 74072K, reserved 1114112K
  class space    used 8573K, capacity 10355K, committed 10368K, reserved 1048576K
Event: 38.785 GC heap after
Heap after GC invocations=18 (full 3):
 PSYoungGen      total 69120K, used 17405K [0x00000000f5580000, 0x00000000fb580000, 0x0000000100000000)
  eden space 51712K, 0% used [0x00000000f5580000,0x00000000f5580000,0x00000000f8800000)
  from space 17408K, 99% used [0x00000000f8800000,0x00000000f98ff448,0x00000000f9900000)
  to   space 19456K, 0% used [0x00000000fa280000,0x00000000fa280000,0x00000000fb580000)
 ParOldGen       total 96768K, used 28156K [0x00000000e0000000, 0x00000000e5e80000, 0x00000000f5580000)
  object space 96768K, 29% used [0x00000000e0000000,0x00000000e1b7f320,0x00000000e5e80000)
 Metaspace       used 68412K, capacity 73972K, committed 74072K, reserved 1114112K
  class space    used 8573K, capacity 10355K, committed 10368K, reserved 1048576K
}

