# JRE version: Java(TM) SE Runtime Environment (8.0_25-b18) (build 1.8.0_25-b18)
# Java VM: Java HotSpot(TM) 64-Bit Server VM (25.25-b02 mixed mode windows-amd64 compressed oops)
Heap:
 PSYoungGen      total 88064K, used 23481K [0x00000000f5580000, 0x00000000fc600000, 0x0000000100000000)
  eden space 62976K, 37% used [0x00000000f5580000,0x00000000f6c6e5b8,0x00000000f9300000)
  from space 25088K, 0% used [0x00000000f9300000,0x00000000f9300000,0x00000000fab80000)
  to   space 25600K, 0% used [0x00000000fad00000,0x00000000fad00000,0x00000000fc600000)
 ParOldGen       total 107520K, used 44315K [0x00000000e0000000, 0x00000000e6900000, 0x00000000f5580000)
  object space 107520K, 41% used [0x00000000e0000000,0x00000000e2b46f90,0x00000000e6900000)
 Metaspace       used 76293K, capacity 82206K, committed 82520K, reserved 1120256K
  class space    used 9663K, capacity 11539K, committed 11648K, reserved 1048576K
GC Heap History (10 events):
Event: 6.036 GC heap before
{Heap before GC invocations=13 (full 3):
 PSYoungGen      total 70656K, used 51200K [0x00000000f5580000, 0x00000000fb700000, 0x0000000100000000)
  eden space 51200K, 100% used [0x00000000f5580000,0x00000000f8780000,0x00000000f8780000)
  from space 19456K, 0% used [0x00000000f8780000,0x00000000f8780000,0x00000000f9a80000)
  to   space 19968K, 0% used [0x00000000fa380000,0x00000000fa380000,0x00000000fb700000)
 ParOldGen       total 107520K, used 30335K [0x00000000e0000000, 0x00000000e6900000, 0x00000000f5580000)
  object space 107520K, 28% used [0x00000000e0000000,0x00000000e1d9fee8,0x00000000e6900000)
 Metaspace       used 59165K, capacity 63756K, committed 63960K, reserved 1103872K
  class space    used 7409K, capacity 8840K, committed 8960K, reserved 1048576K
Event: 6.049 GC heap after
Heap after GC invocations=13 (full 3):
 PSYoungGen      total 74752K, used 9904K [0x00000000f5580000, 0x00000000fb380000, 0x0000000100000000)
  eden space 58368K, 0% used [0x00000000f5580000,0x00000000f5580000,0x00000000f8e80000)
  from space 16384K, 60% used [0x00000000fa380000,0x00000000fad2c2b0,0x00000000fb380000)
  to   space 18944K, 0% used [0x00000000f8e80000,0x00000000f8e80000,0x00000000fa100000)
 ParOldGen       total 107520K, used 30343K [0x00000000e0000000, 0x00000000e6900000, 0x00000000f5580000)
  object space 107520K, 28% used [0x00000000e0000000,0x00000000e1da1ee8,0x00000000e6900000)
 Metaspace       used 59165K, capacity 63756K, committed 63960K, reserved 1103872K
  class space    used 7409K, capacity 8840K, committed 8960K, reserved 1048576K
}
Event: 11.221 GC heap before
{Heap before GC invocations=14 (full 3):
 PSYoungGen      total 74752K, used 68272K [0x00000000f5580000, 0x00000000fb380000, 0x0000000100000000)
  eden space 58368K, 100% used [0x00000000f5580000,0x00000000f8e80000,0x00000000f8e80000)
  from space 16384K, 60% used [0x00000000fa380000,0x00000000fad2c2b0,0x00000000fb380000)
  to   space 18944K, 0% used [0x00000000f8e80000,0x00000000f8e80000,0x00000000fa100000)
 ParOldGen       total 107520K, used 30343K [0x00000000e0000000, 0x00000000e6900000, 0x00000000f5580000)
  object space 107520K, 28% used [0x00000000e0000000,0x00000000e1da1ee8,0x00000000e6900000)
 Metaspace       used 69133K, capacity 74696K, committed 74968K, reserved 1114112K
  class space    used 8781K, capacity 10473K, committed 10496K, reserved 1048576K
Event: 11.242 GC heap after
Heap after GC invocations=14 (full 3):
 PSYoungGen      total 77312K, used 18936K [0x00000000f5580000, 0x00000000fc180000, 0x0000000100000000)
  eden space 58368K, 0% used [0x00000000f5580000,0x00000000f5580000,0x00000000f8e80000)
  from space 18944K, 99% used [0x00000000f8e80000,0x00000000fa0fe1d0,0x00000000fa100000)
  to   space 22528K, 0% used [0x00000000fab80000,0x00000000fab80000,0x00000000fc180000)
 ParOldGen       total 107520K, used 32894K [0x00000000e0000000, 0x00000000e6900000, 0x00000000f5580000)
  object space 107520K, 30% used [0x00000000e0000000,0x00000000e201f898,0x00000000e6900000)
 Metaspace       used 69133K, capacity 74696K, committed 74968K, reserved 1114112K
  class space    used 8781K, capacity 10473K, committed 10496K, reserved 1048576K
}
Event: 31.425 GC heap before
{Heap before GC invocations=15 (full 3):
 PSYoungGen      total 77312K, used 77304K [0x00000000f5580000, 0x00000000fc180000, 0x0000000100000000)
  eden space 58368K, 100% used [0x00000000f5580000,0x00000000f8e80000,0x00000000f8e80000)
  from space 18944K, 99% used [0x00000000f8e80000,0x00000000fa0fe1d0,0x00000000fa100000)
  to   space 22528K, 0% used [0x00000000fab80000,0x00000000fab80000,0x00000000fc180000)
 ParOldGen       total 107520K, used 32894K [0x00000000e0000000, 0x00000000e6900000, 0x00000000f5580000)
  object space 107520K, 30% used [0x00000000e0000000,0x00000000e201f898,0x00000000e6900000)
 Metaspace       used 74402K, capacity 80196K, committed 80472K, reserved 1118208K
  class space    used 9480K, capacity 11267K, committed 11392K, reserved 1048576K
Event: 31.439 GC heap after
Heap after GC invocations=15 (full 3):
 PSYoungGen      total 85504K, used 20840K [0x00000000f5580000, 0x00000000fc500000, 0x0000000100000000)
  eden space 62976K, 0% used [0x00000000f5580000,0x00000000f5580000,0x00000000f9300000)
  from space 22528K, 92% used [0x00000000fab80000,0x00000000fbfda3f8,0x00000000fc180000)
  to   space 25088K, 0% used [0x00000000f9300000,0x00000000f9300000,0x00000000fab80000)
 ParOldGen       total 107520K, used 32902K [0x00000000e0000000, 0x00000000e6900000, 0x00000000f5580000)
  object space 107520K, 30% used [0x00000000e0000000,0x00000000e2021898,0x00000000e6900000)
 Metaspace       used 74402K, capacity 80196K, committed 80472K, reserved 1118208K
  class space    used 9480K, capacity 11267K, committed 11392K, reserved 1048576K
}
Event: 64.102 GC heap before
{Heap before GC invocations=16 (full 3):
 PSYoungGen      total 85504K, used 61826K [0x00000000f5580000, 0x00000000fc500000, 0x0000000100000000)
  eden space 62976K, 65% used [0x00000000f5580000,0x00000000f7d865b8,0x00000000f9300000)
  from space 22528K, 92% used [0x00000000fab80000,0x00000000fbfda3f8,0x00000000fc180000)
  to   space 25088K, 0% used [0x00000000f9300000,0x00000000f9300000,0x00000000fab80000)
 ParOldGen       total 107520K, used 32902K [0x00000000e0000000, 0x00000000e6900000, 0x00000000f5580000)
  object space 107520K, 30% used [0x00000000e0000000,0x00000000e2021898,0x00000000e6900000)
 Metaspace       used 74946K, capacity 80826K, committed 80984K, reserved 1118208K
  class space    used 9511K, capacity 11315K, committed 11392K, reserved 1048576K
Event: 64.120 GC heap after
Heap after GC invocations=16 (full 3):
 PSYoungGen      total 88064K, used 17420K [0x00000000f5580000, 0x00000000fc600000, 0x0000000100000000)
  eden space 62976K, 0% used [0x00000000f5580000,0x00000000f5580000,0x00000000f9300000)
  from space 25088K, 69% used [0x00000000f9300000,0x00000000fa403288,0x00000000fab80000)
  to   space 25600K, 0% used [0x00000000fad00000,0x00000000fad00000,0x00000000fc600000)
 ParOldGen       total 107520K, used 32910K [0x00000000e0000000, 0x00000000e6900000, 0x00000000f5580000)
  object space 107520K, 30% used [0x00000000e0000000,0x00000000e2023898,0x00000000e6900000)
 Metaspace       used 74946K, capacity 80826K, committed 80984K, reserved 1118208K
  class space    used 9511K, capacity 11315K, committed 11392K, reserved 1048576K
}
Event: 64.120 GC heap before
{Heap before GC invocations=17 (full 4):
 PSYoungGen      total 88064K, used 17420K [0x00000000f5580000, 0x00000000fc600000, 0x0000000100000000)
  eden space 62976K, 0% used [0x00000000f5580000,0x00000000f5580000,0x00000000f9300000)
  from space 25088K, 69% used [0x00000000f9300000,0x00000000fa403288,0x00000000fab80000)
  to   space 25600K, 0% used [0x00000000fad00000,0x00000000fad00000,0x00000000fc600000)
 ParOldGen       total 107520K, used 32910K [0x00000000e0000000, 0x00000000e6900000, 0x00000000f5580000)
  object space 107520K, 30% used [0x00000000e0000000,0x00000000e2023898,0x00000000e6900000)
 Metaspace       used 74946K, capacity 80826K, committed 80984K, reserved 1118208K
  class space    used 9511K, capacity 11315K, committed 11392K, reserved 1048576K
Event: 64.449 GC heap after
Heap after GC invocations=17 (full 4):
 PSYoungGen      total 88064K, used 0K [0x00000000f5580000, 0x00000000fc600000, 0x0000000100000000)
  eden space 62976K, 0% used [0x00000000f5580000,0x00000000f5580000,0x00000000f9300000)
  from space 25088K, 0% used [0x00000000f9300000,0x00000000f9300000,0x00000000fab80000)
  to   space 25600K, 0% used [0x00000000fad00000,0x00000000fad00000,0x00000000fc600000)
 ParOldGen       total 107520K, used 44315K [0x00000000e0000000, 0x00000000e6900000, 0x00000000f5580000)
  object space 107520K, 41% used [0x00000000e0000000,0x00000000e2b46f90,0x00000000e6900000)
 Metaspace       used 74946K, capacity 80826K, committed 80984K, reserved 1118208K
  class space    used 9511K, capacity 11315K, committed 11392K, reserved 1048576K
}

