# JRE version: Java(TM) SE Runtime Environment (8.0_25-b18) (build 1.8.0_25-b18)
# Java VM: Java HotSpot(TM) 64-Bit Server VM (25.25-b02 mixed mode windows-amd64 compressed oops)
Heap:
 PSYoungGen      total 97280K, used 33482K [0x00000000f5580000, 0x00000000fd480000, 0x0000000100000000)
  eden space 78336K, 42% used [0x00000000f5580000,0x00000000f7632960,0x00000000fa200000)
  from space 18944K, 0% used [0x00000000fb380000,0x00000000fb380000,0x00000000fc600000)
  to   space 17920K, 0% used [0x00000000fa200000,0x00000000fa200000,0x00000000fb380000)
 ParOldGen       total 81408K, used 25908K [0x00000000e0000000, 0x00000000e4f80000, 0x00000000f5580000)
  object space 81408K, 31% used [0x00000000e0000000,0x00000000e194d388,0x00000000e4f80000)
 Metaspace       used 59017K, capacity 63884K, committed 64088K, reserved 1103872K
  class space    used 7345K, capacity 8939K, committed 9048K, reserved 1048576K
GC Heap History (10 events):
Event: 3.287 GC heap before
{Heap before GC invocations=9 (full 2):
 PSYoungGen      total 57344K, used 8375K [0x00000000f5580000, 0x00000000fb300000, 0x0000000100000000)
  eden space 43008K, 0% used [0x00000000f5580000,0x00000000f5580000,0x00000000f7f80000)
  from space 14336K, 58% used [0x00000000f7f80000,0x00000000f87adca8,0x00000000f8d80000)
  to   space 13824K, 0% used [0x00000000fa580000,0x00000000fa580000,0x00000000fb300000)
 ParOldGen       total 44032K, used 15526K [0x00000000e0000000, 0x00000000e2b00000, 0x00000000f5580000)
  object space 44032K, 35% used [0x00000000e0000000,0x00000000e0f29888,0x00000000e2b00000)
 Metaspace       used 32529K, capacity 35316K, committed 35416K, reserved 1079296K
  class space    used 3988K, capacity 4869K, committed 4952K, reserved 1048576K
Event: 3.362 GC heap after
Heap after GC invocations=9 (full 2):
 PSYoungGen      total 57344K, used 0K [0x00000000f5580000, 0x00000000fb300000, 0x0000000100000000)
  eden space 43008K, 0% used [0x00000000f5580000,0x00000000f5580000,0x00000000f7f80000)
  from space 14336K, 0% used [0x00000000f7f80000,0x00000000f7f80000,0x00000000f8d80000)
  to   space 13824K, 0% used [0x00000000fa580000,0x00000000fa580000,0x00000000fb300000)
 ParOldGen       total 70144K, used 21119K [0x00000000e0000000, 0x00000000e4480000, 0x00000000f5580000)
  object space 70144K, 30% used [0x00000000e0000000,0x00000000e149fec0,0x00000000e4480000)
 Metaspace       used 32529K, capacity 35316K, committed 35416K, reserved 1079296K
  class space    used 3988K, capacity 4869K, committed 4952K, reserved 1048576K
}
Event: 4.021 GC heap before
{Heap before GC invocations=10 (full 2):
 PSYoungGen      total 57344K, used 43008K [0x00000000f5580000, 0x00000000fb300000, 0x0000000100000000)
  eden space 43008K, 100% used [0x00000000f5580000,0x00000000f7f80000,0x00000000f7f80000)
  from space 14336K, 0% used [0x00000000f7f80000,0x00000000f7f80000,0x00000000f8d80000)
  to   space 13824K, 0% used [0x00000000fa580000,0x00000000fa580000,0x00000000fb300000)
 ParOldGen       total 70144K, used 21119K [0x00000000e0000000, 0x00000000e4480000, 0x00000000f5580000)
  object space 70144K, 30% used [0x00000000e0000000,0x00000000e149fec0,0x00000000e4480000)
 Metaspace       used 39906K, capacity 43572K, committed 43608K, reserved 1087488K
  class space    used 4905K, capacity 5975K, committed 5976K, reserved 1048576K
Event: 4.028 GC heap after
Heap after GC invocations=10 (full 2):
 PSYoungGen      total 72192K, used 9508K [0x00000000f5580000, 0x00000000faf00000, 0x0000000100000000)
  eden space 62464K, 0% used [0x00000000f5580000,0x00000000f5580000,0x00000000f9280000)
  from space 9728K, 97% used [0x00000000fa580000,0x00000000faec92b8,0x00000000faf00000)
  to   space 13824K, 0% used [0x00000000f9400000,0x00000000f9400000,0x00000000fa180000)
 ParOldGen       total 70144K, used 21127K [0x00000000e0000000, 0x00000000e4480000, 0x00000000f5580000)
  object space 70144K, 30% used [0x00000000e0000000,0x00000000e14a1ec0,0x00000000e4480000)
 Metaspace       used 39906K, capacity 43572K, committed 43608K, reserved 1087488K
  class space    used 4905K, capacity 5975K, committed 5976K, reserved 1048576K
}
Event: 7.147 GC heap before
{Heap before GC invocations=11 (full 2):
 PSYoungGen      total 72192K, used 71972K [0x00000000f5580000, 0x00000000faf00000, 0x0000000100000000)
  eden space 62464K, 100% used [0x00000000f5580000,0x00000000f9280000,0x00000000f9280000)
  from space 9728K, 97% used [0x00000000fa580000,0x00000000faec92b8,0x00000000faf00000)
  to   space 13824K, 0% used [0x00000000f9400000,0x00000000f9400000,0x00000000fa180000)
 ParOldGen       total 70144K, used 21127K [0x00000000e0000000, 0x00000000e4480000, 0x00000000f5580000)
  object space 70144K, 30% used [0x00000000e0000000,0x00000000e14a1ec0,0x00000000e4480000)
 Metaspace       used 54164K, capacity 58892K, committed 58968K, reserved 1099776K
  class space    used 6790K, capacity 8235K, committed 8280K, reserved 1048576K
Event: 7.161 GC heap after
Heap after GC invocations=11 (full 2):
 PSYoungGen      total 77824K, used 13821K [0x00000000f5580000, 0x00000000fc600000, 0x0000000100000000)
  eden space 64000K, 0% used [0x00000000f5580000,0x00000000f5580000,0x00000000f9400000)
  from space 13824K, 99% used [0x00000000f9400000,0x00000000fa17f4e8,0x00000000fa180000)
  to   space 18944K, 0% used [0x00000000fb380000,0x00000000fb380000,0x00000000fc600000)
 ParOldGen       total 70144K, used 28395K [0x00000000e0000000, 0x00000000e4480000, 0x00000000f5580000)
  object space 70144K, 40% used [0x00000000e0000000,0x00000000e1bbaf40,0x00000000e4480000)
 Metaspace       used 54164K, capacity 58892K, committed 58968K, reserved 1099776K
  class space    used 6790K, capacity 8235K, committed 8280K, reserved 1048576K
}
Event: 7.172 GC heap before
{Heap before GC invocations=12 (full 2):
 PSYoungGen      total 77824K, used 14154K [0x00000000f5580000, 0x00000000fc600000, 0x0000000100000000)
  eden space 64000K, 0% used [0x00000000f5580000,0x00000000f55d3390,0x00000000f9400000)
  from space 13824K, 99% used [0x00000000f9400000,0x00000000fa17f4e8,0x00000000fa180000)
  to   space 18944K, 0% used [0x00000000fb380000,0x00000000fb380000,0x00000000fc600000)
 ParOldGen       total 70144K, used 28395K [0x00000000e0000000, 0x00000000e4480000, 0x00000000f5580000)
  object space 70144K, 40% used [0x00000000e0000000,0x00000000e1bbaf40,0x00000000e4480000)
 Metaspace       used 54210K, capacity 58924K, committed 58968K, reserved 1099776K
  class space    used 6796K, capacity 8267K, committed 8280K, reserved 1048576K
Event: 7.179 GC heap after
Heap after GC invocations=12 (full 2):
 PSYoungGen      total 97280K, used 9654K [0x00000000f5580000, 0x00000000fd480000, 0x0000000100000000)
  eden space 78336K, 0% used [0x00000000f5580000,0x00000000f5580000,0x00000000fa200000)
  from space 18944K, 50% used [0x00000000fb380000,0x00000000fbced850,0x00000000fc600000)
  to   space 17920K, 0% used [0x00000000fa200000,0x00000000fa200000,0x00000000fb380000)
 ParOldGen       total 70144K, used 28395K [0x00000000e0000000, 0x00000000e4480000, 0x00000000f5580000)
  object space 70144K, 40% used [0x00000000e0000000,0x00000000e1bbaf40,0x00000000e4480000)
 Metaspace       used 54210K, capacity 58924K, committed 58968K, reserved 1099776K
  class space    used 6796K, capacity 8267K, committed 8280K, reserved 1048576K
}
Event: 7.179 GC heap before
{Heap before GC invocations=13 (full 3):
 PSYoungGen      total 97280K, used 9654K [0x00000000f5580000, 0x00000000fd480000, 0x0000000100000000)
  eden space 78336K, 0% used [0x00000000f5580000,0x00000000f5580000,0x00000000fa200000)
  from space 18944K, 50% used [0x00000000fb380000,0x00000000fbced850,0x00000000fc600000)
  to   space 17920K, 0% used [0x00000000fa200000,0x00000000fa200000,0x00000000fb380000)
 ParOldGen       total 70144K, used 28395K [0x00000000e0000000, 0x00000000e4480000, 0x00000000f5580000)
  object space 70144K, 40% used [0x00000000e0000000,0x00000000e1bbaf40,0x00000000e4480000)
 Metaspace       used 54210K, capacity 58924K, committed 58968K, reserved 1099776K
  class space    used 6796K, capacity 8267K, committed 8280K, reserved 1048576K
Event: 7.353 GC heap after
Heap after GC invocations=13 (full 3):
 PSYoungGen      total 97280K, used 0K [0x00000000f5580000, 0x00000000fd480000, 0x0000000100000000)
  eden space 78336K, 0% used [0x00000000f5580000,0x00000000f5580000,0x00000000fa200000)
  from space 18944K, 0% used [0x00000000fb380000,0x00000000fb380000,0x00000000fc600000)
  to   space 17920K, 0% used [0x00000000fa200000,0x00000000fa200000,0x00000000fb380000)
 ParOldGen       total 81408K, used 25908K [0x00000000e0000000, 0x00000000e4f80000, 0x00000000f5580000)
  object space 81408K, 31% used [0x00000000e0000000,0x00000000e194d388,0x00000000e4f80000)
 Metaspace       used 54210K, capacity 58924K, committed 58968K, reserved 1099776K
  class space    used 6796K, capacity 8267K, committed 8280K, reserved 1048576K
}

