# JRE version: Java(TM) SE Runtime Environment (8.0_25-b18) (build 1.8.0_25-b18)
# Java VM: Java HotSpot(TM) 64-Bit Server VM (25.25-b02 mixed mode windows-amd64 compressed oops)
Heap:
 PSYoungGen      total 108032K, used 44237K [0x00000000f5580000, 0x00000000fc880000, 0x0000000100000000)
  eden space 99328K, 44% used [0x00000000f5580000,0x00000000f80b3748,0x00000000fb680000)
  from space 8704K, 0% used [0x00000000fc000000,0x00000000fc000000,0x00000000fc880000)
  to   space 9216K, 0% used [0x00000000fb680000,0x00000000fb680000,0x00000000fbf80000)
 ParOldGen       total 81408K, used 38409K [0x00000000e0000000, 0x00000000e4f80000, 0x00000000f5580000)
  object space 81408K, 47% used [0x00000000e0000000,0x00000000e2582760,0x00000000e4f80000)
 Metaspace       used 84427K, capacity 90878K, committed 91096K, reserved 1128448K
  class space    used 10515K, capacity 12483K, committed 12504K, reserved 1048576K
GC Heap History (10 events):
Event: 1576.445 GC heap before
{Heap before GC invocations=68 (full 28):
 PSYoungGen      total 109568K, used 320K [0x00000000f5580000, 0x00000000fca80000, 0x0000000100000000)
  eden space 99328K, 0% used [0x00000000f5580000,0x00000000f5580000,0x00000000fb680000)
  from space 10240K, 3% used [0x00000000fc080000,0x00000000fc0d0000,0x00000000fca80000)
  to   space 10240K, 0% used [0x00000000fb680000,0x00000000fb680000,0x00000000fc080000)
 ParOldGen       total 81408K, used 38685K [0x00000000e0000000, 0x00000000e4f80000, 0x00000000f5580000)
  object space 81408K, 47% used [0x00000000e0000000,0x00000000e25c76c0,0x00000000e4f80000)
 Metaspace       used 83121K, capacity 89660K, committed 89944K, reserved 1126400K
  class space    used 10367K, capacity 12314K, committed 12376K, reserved 1048576K
Event: 1576.696 GC heap after
Heap after GC invocations=68 (full 28):
 PSYoungGen      total 109568K, used 0K [0x00000000f5580000, 0x00000000fca80000, 0x0000000100000000)
  eden space 99328K, 0% used [0x00000000f5580000,0x00000000f5580000,0x00000000fb680000)
  from space 10240K, 0% used [0x00000000fc080000,0x00000000fc080000,0x00000000fca80000)
  to   space 10240K, 0% used [0x00000000fb680000,0x00000000fb680000,0x00000000fc080000)
 ParOldGen       total 81408K, used 38378K [0x00000000e0000000, 0x00000000e4f80000, 0x00000000f5580000)
  object space 81408K, 47% used [0x00000000e0000000,0x00000000e257a930,0x00000000e4f80000)
 Metaspace       used 83121K, capacity 89660K, committed 89944K, reserved 1126400K
  class space    used 10367K, capacity 12314K, committed 12376K, reserved 1048576K
}
Event: 1642.677 GC heap before
{Heap before GC invocations=69 (full 28):
 PSYoungGen      total 109568K, used 14195K [0x00000000f5580000, 0x00000000fca80000, 0x0000000100000000)
  eden space 99328K, 14% used [0x00000000f5580000,0x00000000f635cce0,0x00000000fb680000)
  from space 10240K, 0% used [0x00000000fc080000,0x00000000fc080000,0x00000000fca80000)
  to   space 10240K, 0% used [0x00000000fb680000,0x00000000fb680000,0x00000000fc080000)
 ParOldGen       total 81408K, used 38378K [0x00000000e0000000, 0x00000000e4f80000, 0x00000000f5580000)
  object space 81408K, 47% used [0x00000000e0000000,0x00000000e257a930,0x00000000e4f80000)
 Metaspace       used 83164K, capacity 89660K, committed 89944K, reserved 1126400K
  class space    used 10367K, capacity 12314K, committed 12376K, reserved 1048576K
Event: 1642.680 GC heap after
Heap after GC invocations=69 (full 28):
 PSYoungGen      total 99840K, used 288K [0x00000000f5580000, 0x00000000fc980000, 0x0000000100000000)
  eden space 99328K, 0% used [0x00000000f5580000,0x00000000f5580000,0x00000000fb680000)
  from space 512K, 56% used [0x00000000fb680000,0x00000000fb6c8000,0x00000000fb700000)
  to   space 9728K, 0% used [0x00000000fc000000,0x00000000fc000000,0x00000000fc980000)
 ParOldGen       total 81408K, used 38386K [0x00000000e0000000, 0x00000000e4f80000, 0x00000000f5580000)
  object space 81408K, 47% used [0x00000000e0000000,0x00000000e257c930,0x00000000e4f80000)
 Metaspace       used 83164K, capacity 89660K, committed 89944K, reserved 1126400K
  class space    used 10367K, capacity 12314K, committed 12376K, reserved 1048576K
}
Event: 1642.680 GC heap before
{Heap before GC invocations=70 (full 29):
 PSYoungGen      total 99840K, used 288K [0x00000000f5580000, 0x00000000fc980000, 0x0000000100000000)
  eden space 99328K, 0% used [0x00000000f5580000,0x00000000f5580000,0x00000000fb680000)
  from space 512K, 56% used [0x00000000fb680000,0x00000000fb6c8000,0x00000000fb700000)
  to   space 9728K, 0% used [0x00000000fc000000,0x00000000fc000000,0x00000000fc980000)
 ParOldGen       total 81408K, used 38386K [0x00000000e0000000, 0x00000000e4f80000, 0x00000000f5580000)
  object space 81408K, 47% used [0x00000000e0000000,0x00000000e257c930,0x00000000e4f80000)
 Metaspace       used 83164K, capacity 89660K, committed 89944K, reserved 1126400K
  class space    used 10367K, capacity 12314K, committed 12376K, reserved 1048576K
Event: 1642.893 GC heap after
Heap after GC invocations=70 (full 29):
 PSYoungGen      total 99840K, used 0K [0x00000000f5580000, 0x00000000fc980000, 0x0000000100000000)
  eden space 99328K, 0% used [0x00000000f5580000,0x00000000f5580000,0x00000000fb680000)
  from space 512K, 0% used [0x00000000fb680000,0x00000000fb680000,0x00000000fb700000)
  to   space 9728K, 0% used [0x00000000fc000000,0x00000000fc000000,0x00000000fc980000)
 ParOldGen       total 81408K, used 38382K [0x00000000e0000000, 0x00000000e4f80000, 0x00000000f5580000)
  object space 81408K, 47% used [0x00000000e0000000,0x00000000e257bae0,0x00000000e4f80000)
 Metaspace       used 83160K, capacity 89654K, committed 89944K, reserved 1126400K
  class space    used 10367K, capacity 12313K, committed 12376K, reserved 1048576K
}
Event: 1702.695 GC heap before
{Heap before GC invocations=71 (full 29):
 PSYoungGen      total 99840K, used 9655K [0x00000000f5580000, 0x00000000fc980000, 0x0000000100000000)
  eden space 99328K, 9% used [0x00000000f5580000,0x00000000f5eedc00,0x00000000fb680000)
  from space 512K, 0% used [0x00000000fb680000,0x00000000fb680000,0x00000000fb700000)
  to   space 9728K, 0% used [0x00000000fc000000,0x00000000fc000000,0x00000000fc980000)
 ParOldGen       total 81408K, used 38382K [0x00000000e0000000, 0x00000000e4f80000, 0x00000000f5580000)
  object space 81408K, 47% used [0x00000000e0000000,0x00000000e257bae0,0x00000000e4f80000)
 Metaspace       used 83170K, capacity 89654K, committed 89944K, reserved 1126400K
  class space    used 10367K, capacity 12313K, committed 12376K, reserved 1048576K
Event: 1702.698 GC heap after
Heap after GC invocations=71 (full 29):
 PSYoungGen      total 108032K, used 288K [0x00000000f5580000, 0x00000000fc880000, 0x0000000100000000)
  eden space 99328K, 0% used [0x00000000f5580000,0x00000000f5580000,0x00000000fb680000)
  from space 8704K, 3% used [0x00000000fc000000,0x00000000fc048000,0x00000000fc880000)
  to   space 9216K, 0% used [0x00000000fb680000,0x00000000fb680000,0x00000000fbf80000)
 ParOldGen       total 81408K, used 38382K [0x00000000e0000000, 0x00000000e4f80000, 0x00000000f5580000)
  object space 81408K, 47% used [0x00000000e0000000,0x00000000e257bae0,0x00000000e4f80000)
 Metaspace       used 83170K, capacity 89654K, committed 89944K, reserved 1126400K
  class space    used 10367K, capacity 12313K, committed 12376K, reserved 1048576K
}
Event: 1702.698 GC heap before
{Heap before GC invocations=72 (full 30):
 PSYoungGen      total 108032K, used 288K [0x00000000f5580000, 0x00000000fc880000, 0x0000000100000000)
  eden space 99328K, 0% used [0x00000000f5580000,0x00000000f5580000,0x00000000fb680000)
  from space 8704K, 3% used [0x00000000fc000000,0x00000000fc048000,0x00000000fc880000)
  to   space 9216K, 0% used [0x00000000fb680000,0x00000000fb680000,0x00000000fbf80000)
 ParOldGen       total 81408K, used 38382K [0x00000000e0000000, 0x00000000e4f80000, 0x00000000f5580000)
  object space 81408K, 47% used [0x00000000e0000000,0x00000000e257bae0,0x00000000e4f80000)
 Metaspace       used 83170K, capacity 89654K, committed 89944K, reserved 1126400K
  class space    used 10367K, capacity 12313K, committed 12376K, reserved 1048576K
Event: 1702.862 GC heap after
Heap after GC invocations=72 (full 30):
 PSYoungGen      total 108032K, used 0K [0x00000000f5580000, 0x00000000fc880000, 0x0000000100000000)
  eden space 99328K, 0% used [0x00000000f5580000,0x00000000f5580000,0x00000000fb680000)
  from space 8704K, 0% used [0x00000000fc000000,0x00000000fc000000,0x00000000fc880000)
  to   space 9216K, 0% used [0x00000000fb680000,0x00000000fb680000,0x00000000fbf80000)
 ParOldGen       total 81408K, used 38409K [0x00000000e0000000, 0x00000000e4f80000, 0x00000000f5580000)
  object space 81408K, 47% used [0x00000000e0000000,0x00000000e2582760,0x00000000e4f80000)
 Metaspace       used 83170K, capacity 89654K, committed 89944K, reserved 1126400K
  class space    used 10367K, capacity 12313K, committed 12376K, reserved 1048576K
}

