# JRE version: Java(TM) SE Runtime Environment (8.0_25-b18) (build 1.8.0_25-b18)
# Java VM: Java HotSpot(TM) 64-Bit Server VM (25.25-b02 mixed mode windows-amd64 compressed oops)
Heap:
 PSYoungGen      total 92672K, used 44432K [0x00000000f5580000, 0x00000000fc800000, 0x0000000100000000)
  eden space 70144K, 38% used [0x00000000f5580000,0x00000000f6fc32f0,0x00000000f9a00000)
  from space 22528K, 77% used [0x00000000fb180000,0x00000000fc2a0f90,0x00000000fc780000)
  to   space 23552K, 0% used [0x00000000f9a00000,0x00000000f9a00000,0x00000000fb100000)
 ParOldGen       total 109568K, used 31666K [0x00000000e0000000, 0x00000000e6b00000, 0x00000000f5580000)
  object space 109568K, 28% used [0x00000000e0000000,0x00000000e1eec970,0x00000000e6b00000)
 Metaspace       used 77388K, capacity 83432K, committed 83672K, reserved 1122304K
  class space    used 9573K, capacity 11486K, committed 11520K, reserved 1048576K
GC Heap History (10 events):
Event: 62.646 GC heap before
{Heap before GC invocations=15 (full 3):
 PSYoungGen      total 75264K, used 67904K [0x00000000f5580000, 0x00000000fb580000, 0x0000000100000000)
  eden space 56832K, 100% used [0x00000000f5580000,0x00000000f8d00000,0x00000000f8d00000)
  from space 18432K, 60% used [0x00000000f8d00000,0x00000000f97d02a8,0x00000000f9f00000)
  to   space 17920K, 0% used [0x00000000fa400000,0x00000000fa400000,0x00000000fb580000)
 ParOldGen       total 109568K, used 30201K [0x00000000e0000000, 0x00000000e6b00000, 0x00000000f5580000)
  object space 109568K, 27% used [0x00000000e0000000,0x00000000e1d7e5f0,0x00000000e6b00000)
 Metaspace       used 67260K, capacity 72616K, committed 72792K, reserved 1112064K
  class space    used 8428K, capacity 10099K, committed 10112K, reserved 1048576K
Event: 62.659 GC heap after
Heap after GC invocations=15 (full 3):
 PSYoungGen      total 79360K, used 12250K [0x00000000f5580000, 0x00000000fb580000, 0x0000000100000000)
  eden space 61440K, 0% used [0x00000000f5580000,0x00000000f5580000,0x00000000f9180000)
  from space 17920K, 68% used [0x00000000fa400000,0x00000000faff6870,0x00000000fb580000)
  to   space 18432K, 0% used [0x00000000f9180000,0x00000000f9180000,0x00000000fa380000)
 ParOldGen       total 109568K, used 30209K [0x00000000e0000000, 0x00000000e6b00000, 0x00000000f5580000)
  object space 109568K, 27% used [0x00000000e0000000,0x00000000e1d805f0,0x00000000e6b00000)
 Metaspace       used 67260K, capacity 72616K, committed 72792K, reserved 1112064K
  class space    used 8428K, capacity 10099K, committed 10112K, reserved 1048576K
}
Event: 85.048 GC heap before
{Heap before GC invocations=16 (full 3):
 PSYoungGen      total 79360K, used 73690K [0x00000000f5580000, 0x00000000fb580000, 0x0000000100000000)
  eden space 61440K, 100% used [0x00000000f5580000,0x00000000f9180000,0x00000000f9180000)
  from space 17920K, 68% used [0x00000000fa400000,0x00000000faff6870,0x00000000fb580000)
  to   space 18432K, 0% used [0x00000000f9180000,0x00000000f9180000,0x00000000fa380000)
 ParOldGen       total 109568K, used 30209K [0x00000000e0000000, 0x00000000e6b00000, 0x00000000f5580000)
  object space 109568K, 27% used [0x00000000e0000000,0x00000000e1d805f0,0x00000000e6b00000)
 Metaspace       used 72592K, capacity 78326K, committed 78552K, reserved 1116160K
  class space    used 9122K, capacity 10964K, committed 11008K, reserved 1048576K
Event: 85.061 GC heap after
Heap after GC invocations=16 (full 3):
 PSYoungGen      total 79872K, used 18424K [0x00000000f5580000, 0x00000000fbe80000, 0x0000000100000000)
  eden space 61440K, 0% used [0x00000000f5580000,0x00000000f5580000,0x00000000f9180000)
  from space 18432K, 99% used [0x00000000f9180000,0x00000000fa37e3e0,0x00000000fa380000)
  to   space 20992K, 0% used [0x00000000faa00000,0x00000000faa00000,0x00000000fbe80000)
 ParOldGen       total 109568K, used 31642K [0x00000000e0000000, 0x00000000e6b00000, 0x00000000f5580000)
  object space 109568K, 28% used [0x00000000e0000000,0x00000000e1ee6970,0x00000000e6b00000)
 Metaspace       used 72592K, capacity 78326K, committed 78552K, reserved 1116160K
  class space    used 9122K, capacity 10964K, committed 11008K, reserved 1048576K
}
Event: 85.892 GC heap before
{Heap before GC invocations=17 (full 3):
 PSYoungGen      total 79872K, used 79864K [0x00000000f5580000, 0x00000000fbe80000, 0x0000000100000000)
  eden space 61440K, 100% used [0x00000000f5580000,0x00000000f9180000,0x00000000f9180000)
  from space 18432K, 99% used [0x00000000f9180000,0x00000000fa37e3e0,0x00000000fa380000)
  to   space 20992K, 0% used [0x00000000faa00000,0x00000000faa00000,0x00000000fbe80000)
 ParOldGen       total 109568K, used 31642K [0x00000000e0000000, 0x00000000e6b00000, 0x00000000f5580000)
  object space 109568K, 28% used [0x00000000e0000000,0x00000000e1ee6970,0x00000000e6b00000)
 Metaspace       used 73692K, capacity 79350K, committed 79704K, reserved 1118208K
  class space    used 9187K, capacity 11028K, committed 11136K, reserved 1048576K
Event: 85.903 GC heap after
Heap after GC invocations=17 (full 3):
 PSYoungGen      total 85504K, used 15861K [0x00000000f5580000, 0x00000000fc180000, 0x0000000100000000)
  eden space 64512K, 0% used [0x00000000f5580000,0x00000000f5580000,0x00000000f9480000)
  from space 20992K, 75% used [0x00000000faa00000,0x00000000fb97d7d8,0x00000000fbe80000)
  to   space 22016K, 0% used [0x00000000f9480000,0x00000000f9480000,0x00000000faa00000)
 ParOldGen       total 109568K, used 31650K [0x00000000e0000000, 0x00000000e6b00000, 0x00000000f5580000)
  object space 109568K, 28% used [0x00000000e0000000,0x00000000e1ee8970,0x00000000e6b00000)
 Metaspace       used 73692K, capacity 79350K, committed 79704K, reserved 1118208K
  class space    used 9187K, capacity 11028K, committed 11136K, reserved 1048576K
}
Event: 86.575 GC heap before
{Heap before GC invocations=18 (full 3):
 PSYoungGen      total 85504K, used 80373K [0x00000000f5580000, 0x00000000fc180000, 0x0000000100000000)
  eden space 64512K, 100% used [0x00000000f5580000,0x00000000f9480000,0x00000000f9480000)
  from space 20992K, 75% used [0x00000000faa00000,0x00000000fb97d7d8,0x00000000fbe80000)
  to   space 22016K, 0% used [0x00000000f9480000,0x00000000f9480000,0x00000000faa00000)
 ParOldGen       total 109568K, used 31650K [0x00000000e0000000, 0x00000000e6b00000, 0x00000000f5580000)
  object space 109568K, 28% used [0x00000000e0000000,0x00000000e1ee8970,0x00000000e6b00000)
 Metaspace       used 74004K, capacity 79734K, committed 79960K, reserved 1118208K
  class space    used 9198K, capacity 11028K, committed 11136K, reserved 1048576K
Event: 86.587 GC heap after
Heap after GC invocations=18 (full 3):
 PSYoungGen      total 86528K, used 16437K [0x00000000f5580000, 0x00000000fc780000, 0x0000000100000000)
  eden space 64512K, 0% used [0x00000000f5580000,0x00000000f5580000,0x00000000f9480000)
  from space 22016K, 74% used [0x00000000f9480000,0x00000000fa48d4f0,0x00000000faa00000)
  to   space 22528K, 0% used [0x00000000fb180000,0x00000000fb180000,0x00000000fc780000)
 ParOldGen       total 109568K, used 31658K [0x00000000e0000000, 0x00000000e6b00000, 0x00000000f5580000)
  object space 109568K, 28% used [0x00000000e0000000,0x00000000e1eea970,0x00000000e6b00000)
 Metaspace       used 74004K, capacity 79734K, committed 79960K, reserved 1118208K
  class space    used 9198K, capacity 11028K, committed 11136K, reserved 1048576K
}
Event: 109.773 GC heap before
{Heap before GC invocations=19 (full 3):
 PSYoungGen      total 86528K, used 80949K [0x00000000f5580000, 0x00000000fc780000, 0x0000000100000000)
  eden space 64512K, 100% used [0x00000000f5580000,0x00000000f9480000,0x00000000f9480000)
  from space 22016K, 74% used [0x00000000f9480000,0x00000000fa48d4f0,0x00000000faa00000)
  to   space 22528K, 0% used [0x00000000fb180000,0x00000000fb180000,0x00000000fc780000)
 ParOldGen       total 109568K, used 31658K [0x00000000e0000000, 0x00000000e6b00000, 0x00000000f5580000)
  object space 109568K, 28% used [0x00000000e0000000,0x00000000e1eea970,0x00000000e6b00000)
 Metaspace       used 76263K, capacity 82236K, committed 82520K, reserved 1120256K
  class space    used 9453K, capacity 11323K, committed 11392K, reserved 1048576K
Event: 109.788 GC heap after
Heap after GC invocations=19 (full 3):
 PSYoungGen      total 92672K, used 17539K [0x00000000f5580000, 0x00000000fc800000, 0x0000000100000000)
  eden space 70144K, 0% used [0x00000000f5580000,0x00000000f5580000,0x00000000f9a00000)
  from space 22528K, 77% used [0x00000000fb180000,0x00000000fc2a0f90,0x00000000fc780000)
  to   space 23552K, 0% used [0x00000000f9a00000,0x00000000f9a00000,0x00000000fb100000)
 ParOldGen       total 109568K, used 31666K [0x00000000e0000000, 0x00000000e6b00000, 0x00000000f5580000)
  object space 109568K, 28% used [0x00000000e0000000,0x00000000e1eec970,0x00000000e6b00000)
 Metaspace       used 76263K, capacity 82236K, committed 82520K, reserved 1120256K
  class space    used 9453K, capacity 11323K, committed 11392K, reserved 1048576K
}

