# JRE version: Java(TM) SE Runtime Environment (8.0_25-b18) (build 1.8.0_25-b18)
# Java VM: Java HotSpot(TM) 64-Bit Server VM (25.25-b02 mixed mode windows-amd64 compressed oops)
Heap:
 PSYoungGen      total 79360K, used 34462K [0x00000000f5580000, 0x00000000fc600000, 0x0000000100000000)
  eden space 65536K, 52% used [0x00000000f5580000,0x00000000f7727bc8,0x00000000f9580000)
  from space 13824K, 0% used [0x00000000f9580000,0x00000000f9580000,0x00000000fa300000)
  to   space 18944K, 0% used [0x00000000fb380000,0x00000000fb380000,0x00000000fc600000)
 ParOldGen       total 101376K, used 36609K [0x00000000e0000000, 0x00000000e6300000, 0x00000000f5580000)
  object space 101376K, 36% used [0x00000000e0000000,0x00000000e23c0420,0x00000000e6300000)
 Metaspace       used 59063K, capacity 63980K, committed 64216K, reserved 1103872K
  class space    used 7342K, capacity 8907K, committed 8920K, reserved 1048576K
GC Heap History (10 events):
Event: 3.333 GC heap before
{Heap before GC invocations=8 (full 1):
 PSYoungGen      total 55808K, used 15228K [0x00000000f5580000, 0x00000000f9e80000, 0x0000000100000000)
  eden space 44032K, 7% used [0x00000000f5580000,0x00000000f58e3688,0x00000000f8080000)
  from space 11776K, 99% used [0x00000000f8e80000,0x00000000f99fb9c8,0x00000000f9a00000)
  to   space 14336K, 0% used [0x00000000f8080000,0x00000000f8080000,0x00000000f8e80000)
 ParOldGen       total 44032K, used 15434K [0x00000000e0000000, 0x00000000e2b00000, 0x00000000f5580000)
  object space 44032K, 35% used [0x00000000e0000000,0x00000000e0f129d0,0x00000000e2b00000)
 Metaspace       used 32527K, capacity 35316K, committed 35416K, reserved 1079296K
  class space    used 3987K, capacity 4869K, committed 4952K, reserved 1048576K
Event: 3.339 GC heap after
Heap after GC invocations=8 (full 1):
 PSYoungGen      total 58368K, used 8440K [0x00000000f5580000, 0x00000000fb480000, 0x0000000100000000)
  eden space 44032K, 0% used [0x00000000f5580000,0x00000000f5580000,0x00000000f8080000)
  from space 14336K, 58% used [0x00000000f8080000,0x00000000f88be1a8,0x00000000f8e80000)
  to   space 13824K, 0% used [0x00000000fa700000,0x00000000fa700000,0x00000000fb480000)
 ParOldGen       total 44032K, used 15434K [0x00000000e0000000, 0x00000000e2b00000, 0x00000000f5580000)
  object space 44032K, 35% used [0x00000000e0000000,0x00000000e0f129d0,0x00000000e2b00000)
 Metaspace       used 32527K, capacity 35316K, committed 35416K, reserved 1079296K
  class space    used 3987K, capacity 4869K, committed 4952K, reserved 1048576K
}
Event: 3.339 GC heap before
{Heap before GC invocations=9 (full 2):
 PSYoungGen      total 58368K, used 8440K [0x00000000f5580000, 0x00000000fb480000, 0x0000000100000000)
  eden space 44032K, 0% used [0x00000000f5580000,0x00000000f5580000,0x00000000f8080000)
  from space 14336K, 58% used [0x00000000f8080000,0x00000000f88be1a8,0x00000000f8e80000)
  to   space 13824K, 0% used [0x00000000fa700000,0x00000000fa700000,0x00000000fb480000)
 ParOldGen       total 44032K, used 15434K [0x00000000e0000000, 0x00000000e2b00000, 0x00000000f5580000)
  object space 44032K, 35% used [0x00000000e0000000,0x00000000e0f129d0,0x00000000e2b00000)
 Metaspace       used 32527K, capacity 35316K, committed 35416K, reserved 1079296K
  class space    used 3987K, capacity 4869K, committed 4952K, reserved 1048576K
Event: 3.423 GC heap after
Heap after GC invocations=9 (full 2):
 PSYoungGen      total 58368K, used 0K [0x00000000f5580000, 0x00000000fb480000, 0x0000000100000000)
  eden space 44032K, 0% used [0x00000000f5580000,0x00000000f5580000,0x00000000f8080000)
  from space 14336K, 0% used [0x00000000f8080000,0x00000000f8080000,0x00000000f8e80000)
  to   space 13824K, 0% used [0x00000000fa700000,0x00000000fa700000,0x00000000fb480000)
 ParOldGen       total 69632K, used 21395K [0x00000000e0000000, 0x00000000e4400000, 0x00000000f5580000)
  object space 69632K, 30% used [0x00000000e0000000,0x00000000e14e4c40,0x00000000e4400000)
 Metaspace       used 32527K, capacity 35316K, committed 35416K, reserved 1079296K
  class space    used 3987K, capacity 4869K, committed 4952K, reserved 1048576K
}
Event: 4.113 GC heap before
{Heap before GC invocations=10 (full 2):
 PSYoungGen      total 58368K, used 44032K [0x00000000f5580000, 0x00000000fb480000, 0x0000000100000000)
  eden space 44032K, 100% used [0x00000000f5580000,0x00000000f8080000,0x00000000f8080000)
  from space 14336K, 0% used [0x00000000f8080000,0x00000000f8080000,0x00000000f8e80000)
  to   space 13824K, 0% used [0x00000000fa700000,0x00000000fa700000,0x00000000fb480000)
 ParOldGen       total 69632K, used 21395K [0x00000000e0000000, 0x00000000e4400000, 0x00000000f5580000)
  object space 69632K, 30% used [0x00000000e0000000,0x00000000e14e4c40,0x00000000e4400000)
 Metaspace       used 39902K, capacity 43508K, committed 43608K, reserved 1087488K
  class space    used 4902K, capacity 5975K, committed 5976K, reserved 1048576K
Event: 4.120 GC heap after
Heap after GC invocations=10 (full 2):
 PSYoungGen      total 72704K, used 9395K [0x00000000f5580000, 0x00000000fb080000, 0x0000000100000000)
  eden space 62976K, 0% used [0x00000000f5580000,0x00000000f5580000,0x00000000f9300000)
  from space 9728K, 96% used [0x00000000fa700000,0x00000000fb02cc30,0x00000000fb080000)
  to   space 13824K, 0% used [0x00000000f9580000,0x00000000f9580000,0x00000000fa300000)
 ParOldGen       total 69632K, used 21403K [0x00000000e0000000, 0x00000000e4400000, 0x00000000f5580000)
  object space 69632K, 30% used [0x00000000e0000000,0x00000000e14e6c40,0x00000000e4400000)
 Metaspace       used 39902K, capacity 43508K, committed 43608K, reserved 1087488K
  class space    used 4902K, capacity 5975K, committed 5976K, reserved 1048576K
}
Event: 7.250 GC heap before
{Heap before GC invocations=11 (full 2):
 PSYoungGen      total 72704K, used 69353K [0x00000000f5580000, 0x00000000fb080000, 0x0000000100000000)
  eden space 62976K, 95% used [0x00000000f5580000,0x00000000f900d878,0x00000000f9300000)
  from space 9728K, 96% used [0x00000000fa700000,0x00000000fb02cc30,0x00000000fb080000)
  to   space 13824K, 0% used [0x00000000f9580000,0x00000000f9580000,0x00000000fa300000)
 ParOldGen       total 69632K, used 21403K [0x00000000e0000000, 0x00000000e4400000, 0x00000000f5580000)
  object space 69632K, 30% used [0x00000000e0000000,0x00000000e14e6c40,0x00000000e4400000)
 Metaspace       used 54050K, capacity 58854K, committed 58968K, reserved 1099776K
  class space    used 6772K, capacity 8202K, committed 8280K, reserved 1048576K
Event: 7.264 GC heap after
Heap after GC invocations=11 (full 2):
 PSYoungGen      total 79360K, used 13812K [0x00000000f5580000, 0x00000000fc600000, 0x0000000100000000)
  eden space 65536K, 0% used [0x00000000f5580000,0x00000000f5580000,0x00000000f9580000)
  from space 13824K, 99% used [0x00000000f9580000,0x00000000fa2fd310,0x00000000fa300000)
  to   space 18944K, 0% used [0x00000000fb380000,0x00000000fb380000,0x00000000fc600000)
 ParOldGen       total 69632K, used 28532K [0x00000000e0000000, 0x00000000e4400000, 0x00000000f5580000)
  object space 69632K, 40% used [0x00000000e0000000,0x00000000e1bdd240,0x00000000e4400000)
 Metaspace       used 54050K, capacity 58854K, committed 58968K, reserved 1099776K
  class space    used 6772K, capacity 8202K, committed 8280K, reserved 1048576K
}
Event: 7.264 GC heap before
{Heap before GC invocations=12 (full 3):
 PSYoungGen      total 79360K, used 13812K [0x00000000f5580000, 0x00000000fc600000, 0x0000000100000000)
  eden space 65536K, 0% used [0x00000000f5580000,0x00000000f5580000,0x00000000f9580000)
  from space 13824K, 99% used [0x00000000f9580000,0x00000000fa2fd310,0x00000000fa300000)
  to   space 18944K, 0% used [0x00000000fb380000,0x00000000fb380000,0x00000000fc600000)
 ParOldGen       total 69632K, used 28532K [0x00000000e0000000, 0x00000000e4400000, 0x00000000f5580000)
  object space 69632K, 40% used [0x00000000e0000000,0x00000000e1bdd240,0x00000000e4400000)
 Metaspace       used 54050K, capacity 58854K, committed 58968K, reserved 1099776K
  class space    used 6772K, capacity 8202K, committed 8280K, reserved 1048576K
Event: 7.412 GC heap after
Heap after GC invocations=12 (full 3):
 PSYoungGen      total 79360K, used 0K [0x00000000f5580000, 0x00000000fc600000, 0x0000000100000000)
  eden space 65536K, 0% used [0x00000000f5580000,0x00000000f5580000,0x00000000f9580000)
  from space 13824K, 0% used [0x00000000f9580000,0x00000000f9580000,0x00000000fa300000)
  to   space 18944K, 0% used [0x00000000fb380000,0x00000000fb380000,0x00000000fc600000)
 ParOldGen       total 101376K, used 36609K [0x00000000e0000000, 0x00000000e6300000, 0x00000000f5580000)
  object space 101376K, 36% used [0x00000000e0000000,0x00000000e23c0420,0x00000000e6300000)
 Metaspace       used 54050K, capacity 58854K, committed 58968K, reserved 1099776K
  class space    used 6772K, capacity 8202K, committed 8280K, reserved 1048576K
}

