# JRE version: Java(TM) SE Runtime Environment (8.0_25-b18) (build 1.8.0_25-b18)
# Java VM: Java HotSpot(TM) 64-Bit Server VM (25.25-b02 mixed mode windows-amd64 compressed oops)
Heap:
 PSYoungGen      total 71680K, used 28027K [0x00000000f5580000, 0x00000000fb480000, 0x0000000100000000)
  eden space 52736K, 53% used [0x00000000f5580000,0x00000000f70ded68,0x00000000f8900000)
  from space 18944K, 0% used [0x00000000f8900000,0x00000000f8900000,0x00000000f9b80000)
  to   space 18432K, 0% used [0x00000000fa280000,0x00000000fa280000,0x00000000fb480000)
 ParOldGen       total 106496K, used 28311K [0x00000000e0000000, 0x00000000e6800000, 0x00000000f5580000)
  object space 106496K, 26% used [0x00000000e0000000,0x00000000e1ba5f28,0x00000000e6800000)
 Metaspace       used 58649K, capacity 63560K, committed 63704K, reserved 1103872K
  class space    used 7291K, capacity 8875K, committed 8920K, reserved 1048576K
GC Heap History (10 events):
Event: 3.207 GC heap before
{Heap before GC invocations=8 (full 2):
 PSYoungGen      total 56320K, used 12619K [0x00000000f5580000, 0x00000000f9e80000, 0x0000000100000000)
  eden space 43520K, 0% used [0x00000000f5580000,0x00000000f5580000,0x00000000f8000000)
  from space 12800K, 98% used [0x00000000f8e80000,0x00000000f9ad2ee0,0x00000000f9b00000)
  to   space 14848K, 0% used [0x00000000f8000000,0x00000000f8000000,0x00000000f8e80000)
 ParOldGen       total 44032K, used 15953K [0x00000000e0000000, 0x00000000e2b00000, 0x00000000f5580000)
  object space 44032K, 36% used [0x00000000e0000000,0x00000000e0f94548,0x00000000e2b00000)
 Metaspace       used 32807K, capacity 35364K, committed 35416K, reserved 1079296K
  class space    used 4060K, capacity 4929K, committed 4952K, reserved 1048576K
Event: 3.286 GC heap after
Heap after GC invocations=8 (full 2):
 PSYoungGen      total 56320K, used 0K [0x00000000f5580000, 0x00000000f9e80000, 0x0000000100000000)
  eden space 43520K, 0% used [0x00000000f5580000,0x00000000f5580000,0x00000000f8000000)
  from space 12800K, 0% used [0x00000000f8e80000,0x00000000f8e80000,0x00000000f9b00000)
  to   space 14848K, 0% used [0x00000000f8000000,0x00000000f8000000,0x00000000f8e80000)
 ParOldGen       total 78848K, used 22409K [0x00000000e0000000, 0x00000000e4d00000, 0x00000000f5580000)
  object space 78848K, 28% used [0x00000000e0000000,0x00000000e15e26b0,0x00000000e4d00000)
 Metaspace       used 32807K, capacity 35364K, committed 35416K, reserved 1079296K
  class space    used 4060K, capacity 4929K, committed 4952K, reserved 1048576K
}
Event: 4.005 GC heap before
{Heap before GC invocations=9 (full 2):
 PSYoungGen      total 56320K, used 43520K [0x00000000f5580000, 0x00000000f9e80000, 0x0000000100000000)
  eden space 43520K, 100% used [0x00000000f5580000,0x00000000f8000000,0x00000000f8000000)
  from space 12800K, 0% used [0x00000000f8e80000,0x00000000f8e80000,0x00000000f9b00000)
  to   space 14848K, 0% used [0x00000000f8000000,0x00000000f8000000,0x00000000f8e80000)
 ParOldGen       total 78848K, used 22409K [0x00000000e0000000, 0x00000000e4d00000, 0x00000000f5580000)
  object space 78848K, 28% used [0x00000000e0000000,0x00000000e15e26b0,0x00000000e4d00000)
 Metaspace       used 41908K, capacity 45368K, committed 45656K, reserved 1089536K
  class space    used 5090K, capacity 6180K, committed 6232K, reserved 1048576K
Event: 4.013 GC heap after
Heap after GC invocations=9 (full 2):
 PSYoungGen      total 58368K, used 12555K [0x00000000f5580000, 0x00000000fab80000, 0x0000000100000000)
  eden space 43520K, 0% used [0x00000000f5580000,0x00000000f5580000,0x00000000f8000000)
  from space 14848K, 84% used [0x00000000f8000000,0x00000000f8c42c20,0x00000000f8e80000)
  to   space 16384K, 0% used [0x00000000f9b80000,0x00000000f9b80000,0x00000000fab80000)
 ParOldGen       total 78848K, used 22417K [0x00000000e0000000, 0x00000000e4d00000, 0x00000000f5580000)
  object space 78848K, 28% used [0x00000000e0000000,0x00000000e15e46b0,0x00000000e4d00000)
 Metaspace       used 41908K, capacity 45368K, committed 45656K, reserved 1089536K
  class space    used 5090K, capacity 6180K, committed 6232K, reserved 1048576K
}
Event: 5.989 GC heap before
{Heap before GC invocations=10 (full 2):
 PSYoungGen      total 58368K, used 56075K [0x00000000f5580000, 0x00000000fab80000, 0x0000000100000000)
  eden space 43520K, 100% used [0x00000000f5580000,0x00000000f8000000,0x00000000f8000000)
  from space 14848K, 84% used [0x00000000f8000000,0x00000000f8c42c20,0x00000000f8e80000)
  to   space 16384K, 0% used [0x00000000f9b80000,0x00000000f9b80000,0x00000000fab80000)
 ParOldGen       total 78848K, used 22417K [0x00000000e0000000, 0x00000000e4d00000, 0x00000000f5580000)
  object space 78848K, 28% used [0x00000000e0000000,0x00000000e15e46b0,0x00000000e4d00000)
 Metaspace       used 51987K, capacity 56374K, committed 56408K, reserved 1097728K
  class space    used 6445K, capacity 7762K, committed 7768K, reserved 1048576K
Event: 6.000 GC heap after
Heap after GC invocations=10 (full 2):
 PSYoungGen      total 69120K, used 15829K [0x00000000f5580000, 0x00000000faf80000, 0x0000000100000000)
  eden space 52736K, 0% used [0x00000000f5580000,0x00000000f5580000,0x00000000f8900000)
  from space 16384K, 96% used [0x00000000f9b80000,0x00000000faaf5668,0x00000000fab80000)
  to   space 18944K, 0% used [0x00000000f8900000,0x00000000f8900000,0x00000000f9b80000)
 ParOldGen       total 78848K, used 22425K [0x00000000e0000000, 0x00000000e4d00000, 0x00000000f5580000)
  object space 78848K, 28% used [0x00000000e0000000,0x00000000e15e66b0,0x00000000e4d00000)
 Metaspace       used 51987K, capacity 56374K, committed 56408K, reserved 1097728K
  class space    used 6445K, capacity 7762K, committed 7768K, reserved 1048576K
}
Event: 7.249 GC heap before
{Heap before GC invocations=11 (full 2):
 PSYoungGen      total 69120K, used 27370K [0x00000000f5580000, 0x00000000faf80000, 0x0000000100000000)
  eden space 52736K, 21% used [0x00000000f5580000,0x00000000f60c54a0,0x00000000f8900000)
  from space 16384K, 96% used [0x00000000f9b80000,0x00000000faaf5668,0x00000000fab80000)
  to   space 18944K, 0% used [0x00000000f8900000,0x00000000f8900000,0x00000000f9b80000)
 ParOldGen       total 78848K, used 22425K [0x00000000e0000000, 0x00000000e4d00000, 0x00000000f5580000)
  object space 78848K, 28% used [0x00000000e0000000,0x00000000e15e66b0,0x00000000e4d00000)
 Metaspace       used 54308K, capacity 58908K, committed 58968K, reserved 1099776K
  class space    used 6778K, capacity 8243K, committed 8280K, reserved 1048576K
Event: 7.261 GC heap after
Heap after GC invocations=11 (full 2):
 PSYoungGen      total 71680K, used 11611K [0x00000000f5580000, 0x00000000fb480000, 0x0000000100000000)
  eden space 52736K, 0% used [0x00000000f5580000,0x00000000f5580000,0x00000000f8900000)
  from space 18944K, 61% used [0x00000000f8900000,0x00000000f9456d20,0x00000000f9b80000)
  to   space 18432K, 0% used [0x00000000fa280000,0x00000000fa280000,0x00000000fb480000)
 ParOldGen       total 78848K, used 22433K [0x00000000e0000000, 0x00000000e4d00000, 0x00000000f5580000)
  object space 78848K, 28% used [0x00000000e0000000,0x00000000e15e86b0,0x00000000e4d00000)
 Metaspace       used 54308K, capacity 58908K, committed 58968K, reserved 1099776K
  class space    used 6778K, capacity 8243K, committed 8280K, reserved 1048576K
}
Event: 7.261 GC heap before
{Heap before GC invocations=12 (full 3):
 PSYoungGen      total 71680K, used 11611K [0x00000000f5580000, 0x00000000fb480000, 0x0000000100000000)
  eden space 52736K, 0% used [0x00000000f5580000,0x00000000f5580000,0x00000000f8900000)
  from space 18944K, 61% used [0x00000000f8900000,0x00000000f9456d20,0x00000000f9b80000)
  to   space 18432K, 0% used [0x00000000fa280000,0x00000000fa280000,0x00000000fb480000)
 ParOldGen       total 78848K, used 22433K [0x00000000e0000000, 0x00000000e4d00000, 0x00000000f5580000)
  object space 78848K, 28% used [0x00000000e0000000,0x00000000e15e86b0,0x00000000e4d00000)
 Metaspace       used 54308K, capacity 58908K, committed 58968K, reserved 1099776K
  class space    used 6778K, capacity 8243K, committed 8280K, reserved 1048576K
Event: 7.516 GC heap after
Heap after GC invocations=12 (full 3):
 PSYoungGen      total 71680K, used 0K [0x00000000f5580000, 0x00000000fb480000, 0x0000000100000000)
  eden space 52736K, 0% used [0x00000000f5580000,0x00000000f5580000,0x00000000f8900000)
  from space 18944K, 0% used [0x00000000f8900000,0x00000000f8900000,0x00000000f9b80000)
  to   space 18432K, 0% used [0x00000000fa280000,0x00000000fa280000,0x00000000fb480000)
 ParOldGen       total 106496K, used 28311K [0x00000000e0000000, 0x00000000e6800000, 0x00000000f5580000)
  object space 106496K, 26% used [0x00000000e0000000,0x00000000e1ba5f28,0x00000000e6800000)
 Metaspace       used 54308K, capacity 58908K, committed 58968K, reserved 1099776K
  class space    used 6778K, capacity 8243K, committed 8280K, reserved 1048576K
}

