# JRE version: Java(TM) SE Runtime Environment (8.0_25-b18) (build 1.8.0_25-b18)
# Java VM: Java HotSpot(TM) 64-Bit Server VM (25.25-b02 mixed mode windows-amd64 compressed oops)
Heap:
 PSYoungGen      total 99328K, used 66088K [0x00000000f5580000, 0x00000000fd300000, 0x0000000100000000)
  eden space 79360K, 77% used [0x00000000f5580000,0x00000000f915e660,0x00000000fa300000)
  from space 19968K, 23% used [0x00000000fa300000,0x00000000fa7abb18,0x00000000fb680000)
  to   space 19968K, 0% used [0x00000000fbf80000,0x00000000fbf80000,0x00000000fd300000)
 ParOldGen       total 82432K, used 40655K [0x00000000e0000000, 0x00000000e5080000, 0x00000000f5580000)
  object space 82432K, 49% used [0x00000000e0000000,0x00000000e27b3d48,0x00000000e5080000)
 Metaspace       used 78517K, capacity 84102K, committed 84312K, reserved 1122304K
  class space    used 9765K, capacity 11499K, committed 11608K, reserved 1048576K
GC Heap History (10 events):
Event: 18.255 GC heap before
{Heap before GC invocations=15 (full 3):
 PSYoungGen      total 78336K, used 58880K [0x00000000f5580000, 0x00000000fc400000, 0x0000000100000000)
  eden space 58880K, 100% used [0x00000000f5580000,0x00000000f8f00000,0x00000000f8f00000)
  from space 19456K, 0% used [0x00000000f8f00000,0x00000000f8f00000,0x00000000fa200000)
  to   space 18944K, 0% used [0x00000000fb180000,0x00000000fb180000,0x00000000fc400000)
 ParOldGen       total 82432K, used 28417K [0x00000000e0000000, 0x00000000e5080000, 0x00000000f5580000)
  object space 82432K, 34% used [0x00000000e0000000,0x00000000e1bc0560,0x00000000e5080000)
 Metaspace       used 65166K, capacity 70330K, committed 70616K, reserved 1110016K
  class space    used 8198K, capacity 9817K, committed 9944K, reserved 1048576K
Event: 18.268 GC heap after
Heap after GC invocations=15 (full 3):
 PSYoungGen      total 83968K, used 13747K [0x00000000f5580000, 0x00000000fbf80000, 0x0000000100000000)
  eden space 69632K, 0% used [0x00000000f5580000,0x00000000f5580000,0x00000000f9980000)
  from space 14336K, 95% used [0x00000000fb180000,0x00000000fbeecca0,0x00000000fbf80000)
  to   space 19456K, 0% used [0x00000000f9980000,0x00000000f9980000,0x00000000fac80000)
 ParOldGen       total 82432K, used 28425K [0x00000000e0000000, 0x00000000e5080000, 0x00000000f5580000)
  object space 82432K, 34% used [0x00000000e0000000,0x00000000e1bc2560,0x00000000e5080000)
 Metaspace       used 65166K, capacity 70330K, committed 70616K, reserved 1110016K
  class space    used 8198K, capacity 9817K, committed 9944K, reserved 1048576K
}
Event: 59.037 GC heap before
{Heap before GC invocations=16 (full 3):
 PSYoungGen      total 83968K, used 83379K [0x00000000f5580000, 0x00000000fbf80000, 0x0000000100000000)
  eden space 69632K, 100% used [0x00000000f5580000,0x00000000f9980000,0x00000000f9980000)
  from space 14336K, 95% used [0x00000000fb180000,0x00000000fbeecca0,0x00000000fbf80000)
  to   space 19456K, 0% used [0x00000000f9980000,0x00000000f9980000,0x00000000fac80000)
 ParOldGen       total 82432K, used 28425K [0x00000000e0000000, 0x00000000e5080000, 0x00000000f5580000)
  object space 82432K, 34% used [0x00000000e0000000,0x00000000e1bc2560,0x00000000e5080000)
 Metaspace       used 70066K, capacity 75422K, committed 75608K, reserved 1114112K
  class space    used 8794K, capacity 10479K, committed 10584K, reserved 1048576K
Event: 59.047 GC heap after
Heap after GC invocations=16 (full 3):
 PSYoungGen      total 89088K, used 12081K [0x00000000f5580000, 0x00000000fc980000, 0x0000000100000000)
  eden space 69632K, 0% used [0x00000000f5580000,0x00000000f5580000,0x00000000f9980000)
  from space 19456K, 62% used [0x00000000f9980000,0x00000000fa54c748,0x00000000fac80000)
  to   space 19456K, 0% used [0x00000000fb680000,0x00000000fb680000,0x00000000fc980000)
 ParOldGen       total 82432K, used 28433K [0x00000000e0000000, 0x00000000e5080000, 0x00000000f5580000)
  object space 82432K, 34% used [0x00000000e0000000,0x00000000e1bc4560,0x00000000e5080000)
 Metaspace       used 70066K, capacity 75422K, committed 75608K, reserved 1114112K
  class space    used 8794K, capacity 10479K, committed 10584K, reserved 1048576K
}
Event: 69.867 GC heap before
{Heap before GC invocations=17 (full 3):
 PSYoungGen      total 89088K, used 61542K [0x00000000f5580000, 0x00000000fc980000, 0x0000000100000000)
  eden space 69632K, 71% used [0x00000000f5580000,0x00000000f85cd168,0x00000000f9980000)
  from space 19456K, 62% used [0x00000000f9980000,0x00000000fa54c748,0x00000000fac80000)
  to   space 19456K, 0% used [0x00000000fb680000,0x00000000fb680000,0x00000000fc980000)
 ParOldGen       total 82432K, used 28433K [0x00000000e0000000, 0x00000000e5080000, 0x00000000f5580000)
  object space 82432K, 34% used [0x00000000e0000000,0x00000000e1bc4560,0x00000000e5080000)
 Metaspace       used 73702K, capacity 79170K, committed 79448K, reserved 1118208K
  class space    used 9281K, capacity 10971K, committed 11096K, reserved 1048576K
Event: 69.876 GC heap after
Heap after GC invocations=17 (full 3):
 PSYoungGen      total 98816K, used 13924K [0x00000000f5580000, 0x00000000fca80000, 0x0000000100000000)
  eden space 79360K, 0% used [0x00000000f5580000,0x00000000f5580000,0x00000000fa300000)
  from space 19456K, 71% used [0x00000000fb680000,0x00000000fc419038,0x00000000fc980000)
  to   space 19968K, 0% used [0x00000000fa300000,0x00000000fa300000,0x00000000fb680000)
 ParOldGen       total 82432K, used 28441K [0x00000000e0000000, 0x00000000e5080000, 0x00000000f5580000)
  object space 82432K, 34% used [0x00000000e0000000,0x00000000e1bc6560,0x00000000e5080000)
 Metaspace       used 73702K, capacity 79170K, committed 79448K, reserved 1118208K
  class space    used 9281K, capacity 10971K, committed 11096K, reserved 1048576K
}
Event: 69.876 GC heap before
{Heap before GC invocations=18 (full 4):
 PSYoungGen      total 98816K, used 13924K [0x00000000f5580000, 0x00000000fca80000, 0x0000000100000000)
  eden space 79360K, 0% used [0x00000000f5580000,0x00000000f5580000,0x00000000fa300000)
  from space 19456K, 71% used [0x00000000fb680000,0x00000000fc419038,0x00000000fc980000)
  to   space 19968K, 0% used [0x00000000fa300000,0x00000000fa300000,0x00000000fb680000)
 ParOldGen       total 82432K, used 28441K [0x00000000e0000000, 0x00000000e5080000, 0x00000000f5580000)
  object space 82432K, 34% used [0x00000000e0000000,0x00000000e1bc6560,0x00000000e5080000)
 Metaspace       used 73702K, capacity 79170K, committed 79448K, reserved 1118208K
  class space    used 9281K, capacity 10971K, committed 11096K, reserved 1048576K
Event: 70.200 GC heap after
Heap after GC invocations=18 (full 4):
 PSYoungGen      total 98816K, used 0K [0x00000000f5580000, 0x00000000fca80000, 0x0000000100000000)
  eden space 79360K, 0% used [0x00000000f5580000,0x00000000f5580000,0x00000000fa300000)
  from space 19456K, 0% used [0x00000000fb680000,0x00000000fb680000,0x00000000fc980000)
  to   space 19968K, 0% used [0x00000000fa300000,0x00000000fa300000,0x00000000fb680000)
 ParOldGen       total 82432K, used 40647K [0x00000000e0000000, 0x00000000e5080000, 0x00000000f5580000)
  object space 82432K, 49% used [0x00000000e0000000,0x00000000e27b1d48,0x00000000e5080000)
 Metaspace       used 73702K, capacity 79170K, committed 79448K, reserved 1118208K
  class space    used 9281K, capacity 10971K, committed 11096K, reserved 1048576K
}
Event: 118.134 GC heap before
{Heap before GC invocations=19 (full 4):
 PSYoungGen      total 98816K, used 79360K [0x00000000f5580000, 0x00000000fca80000, 0x0000000100000000)
  eden space 79360K, 100% used [0x00000000f5580000,0x00000000fa300000,0x00000000fa300000)
  from space 19456K, 0% used [0x00000000fb680000,0x00000000fb680000,0x00000000fc980000)
  to   space 19968K, 0% used [0x00000000fa300000,0x00000000fa300000,0x00000000fb680000)
 ParOldGen       total 82432K, used 40647K [0x00000000e0000000, 0x00000000e5080000, 0x00000000f5580000)
  object space 82432K, 49% used [0x00000000e0000000,0x00000000e27b1d48,0x00000000e5080000)
 Metaspace       used 77066K, capacity 82680K, committed 82904K, reserved 1120256K
  class space    used 9600K, capacity 11367K, committed 11480K, reserved 1048576K
Event: 118.139 GC heap after
Heap after GC invocations=19 (full 4):
 PSYoungGen      total 99328K, used 4782K [0x00000000f5580000, 0x00000000fd300000, 0x0000000100000000)
  eden space 79360K, 0% used [0x00000000f5580000,0x00000000f5580000,0x00000000fa300000)
  from space 19968K, 23% used [0x00000000fa300000,0x00000000fa7abb18,0x00000000fb680000)
  to   space 19968K, 0% used [0x00000000fbf80000,0x00000000fbf80000,0x00000000fd300000)
 ParOldGen       total 82432K, used 40655K [0x00000000e0000000, 0x00000000e5080000, 0x00000000f5580000)
  object space 82432K, 49% used [0x00000000e0000000,0x00000000e27b3d48,0x00000000e5080000)
 Metaspace       used 77066K, capacity 82680K, committed 82904K, reserved 1120256K
  class space    used 9600K, capacity 11367K, committed 11480K, reserved 1048576K
}

