# JRE version: Java(TM) SE Runtime Environment (8.0_25-b18) (build 1.8.0_25-b18)
# Java VM: Java HotSpot(TM) 64-Bit Server VM (25.25-b02 mixed mode windows-amd64 compressed oops)
Heap:
 PSYoungGen      total 91136K, used 36978K [0x00000000f5580000, 0x00000000fc300000, 0x0000000100000000)
  eden space 72192K, 31% used [0x00000000f5580000,0x00000000f6bfb040,0x00000000f9c00000)
  from space 18944K, 73% used [0x00000000fb080000,0x00000000fbe217f0,0x00000000fc300000)
  to   space 19968K, 0% used [0x00000000f9c00000,0x00000000f9c00000,0x00000000faf80000)
 ParOldGen       total 90112K, used 28304K [0x00000000e0000000, 0x00000000e5800000, 0x00000000f5580000)
  object space 90112K, 31% used [0x00000000e0000000,0x00000000e1ba4340,0x00000000e5800000)
 Metaspace       used 75742K, capacity 82052K, committed 82324K, reserved 1120256K
  class space    used 9387K, capacity 11319K, committed 11412K, reserved 1048576K
GC Heap History (10 events):
Event: 47.972 GC heap before
{Heap before GC invocations=17 (full 3):
 PSYoungGen      total 61952K, used 55891K [0x00000000f5580000, 0x00000000fb100000, 0x0000000100000000)
  eden space 44032K, 100% used [0x00000000f5580000,0x00000000f8080000,0x00000000f8080000)
  from space 17920K, 66% used [0x00000000f8080000,0x00000000f8c14c90,0x00000000f9200000)
  to   space 17920K, 0% used [0x00000000f9f80000,0x00000000f9f80000,0x00000000fb100000)
 ParOldGen       total 90112K, used 28264K [0x00000000e0000000, 0x00000000e5800000, 0x00000000f5580000)
  object space 90112K, 31% used [0x00000000e0000000,0x00000000e1b9a340,0x00000000e5800000)
 Metaspace       used 68561K, capacity 74372K, committed 74388K, reserved 1114112K
  class space    used 8627K, capacity 10374K, committed 10388K, reserved 1048576K
Event: 47.982 GC heap after
Heap after GC invocations=17 (full 3):
 PSYoungGen      total 72704K, used 13562K [0x00000000f5580000, 0x00000000fb000000, 0x0000000100000000)
  eden space 55808K, 0% used [0x00000000f5580000,0x00000000f5580000,0x00000000f8c00000)
  from space 16896K, 80% used [0x00000000f9f80000,0x00000000facbe950,0x00000000fb000000)
  to   space 18432K, 0% used [0x00000000f8c00000,0x00000000f8c00000,0x00000000f9e00000)
 ParOldGen       total 90112K, used 28272K [0x00000000e0000000, 0x00000000e5800000, 0x00000000f5580000)
  object space 90112K, 31% used [0x00000000e0000000,0x00000000e1b9c340,0x00000000e5800000)
 Metaspace       used 68561K, capacity 74372K, committed 74388K, reserved 1114112K
  class space    used 8627K, capacity 10374K, committed 10388K, reserved 1048576K
}
Event: 59.397 GC heap before
{Heap before GC invocations=18 (full 3):
 PSYoungGen      total 72704K, used 69370K [0x00000000f5580000, 0x00000000fb000000, 0x0000000100000000)
  eden space 55808K, 100% used [0x00000000f5580000,0x00000000f8c00000,0x00000000f8c00000)
  from space 16896K, 80% used [0x00000000f9f80000,0x00000000facbe950,0x00000000fb000000)
  to   space 18432K, 0% used [0x00000000f8c00000,0x00000000f8c00000,0x00000000f9e00000)
 ParOldGen       total 90112K, used 28272K [0x00000000e0000000, 0x00000000e5800000, 0x00000000f5580000)
  object space 90112K, 31% used [0x00000000e0000000,0x00000000e1b9c340,0x00000000e5800000)
 Metaspace       used 71722K, capacity 77546K, committed 77716K, reserved 1116160K
  class space    used 9019K, capacity 10807K, committed 10900K, reserved 1048576K
Event: 59.405 GC heap after
Heap after GC invocations=18 (full 3):
 PSYoungGen      total 74240K, used 13856K [0x00000000f5580000, 0x00000000fbd80000, 0x0000000100000000)
  eden space 55808K, 0% used [0x00000000f5580000,0x00000000f5580000,0x00000000f8c00000)
  from space 18432K, 75% used [0x00000000f8c00000,0x00000000f9988060,0x00000000f9e00000)
  to   space 18944K, 0% used [0x00000000fab00000,0x00000000fab00000,0x00000000fbd80000)
 ParOldGen       total 90112K, used 28280K [0x00000000e0000000, 0x00000000e5800000, 0x00000000f5580000)
  object space 90112K, 31% used [0x00000000e0000000,0x00000000e1b9e340,0x00000000e5800000)
 Metaspace       used 71722K, capacity 77546K, committed 77716K, reserved 1116160K
  class space    used 9019K, capacity 10807K, committed 10900K, reserved 1048576K
}
Event: 122.954 GC heap before
{Heap before GC invocations=19 (full 3):
 PSYoungGen      total 74240K, used 69664K [0x00000000f5580000, 0x00000000fbd80000, 0x0000000100000000)
  eden space 55808K, 100% used [0x00000000f5580000,0x00000000f8c00000,0x00000000f8c00000)
  from space 18432K, 75% used [0x00000000f8c00000,0x00000000f9988060,0x00000000f9e00000)
  to   space 18944K, 0% used [0x00000000fab00000,0x00000000fab00000,0x00000000fbd80000)
 ParOldGen       total 90112K, used 28280K [0x00000000e0000000, 0x00000000e5800000, 0x00000000f5580000)
  object space 90112K, 31% used [0x00000000e0000000,0x00000000e1b9e340,0x00000000e5800000)
 Metaspace       used 73511K, capacity 79754K, committed 79892K, reserved 1118208K
  class space    used 9206K, capacity 11025K, committed 11028K, reserved 1048576K
Event: 122.964 GC heap after
Heap after GC invocations=19 (full 3):
 PSYoungGen      total 84480K, used 13381K [0x00000000f5580000, 0x00000000fbc80000, 0x0000000100000000)
  eden space 66560K, 0% used [0x00000000f5580000,0x00000000f5580000,0x00000000f9680000)
  from space 17920K, 74% used [0x00000000fab00000,0x00000000fb811718,0x00000000fbc80000)
  to   space 19456K, 0% used [0x00000000f9680000,0x00000000f9680000,0x00000000fa980000)
 ParOldGen       total 90112K, used 28288K [0x00000000e0000000, 0x00000000e5800000, 0x00000000f5580000)
  object space 90112K, 31% used [0x00000000e0000000,0x00000000e1ba0340,0x00000000e5800000)
 Metaspace       used 73511K, capacity 79754K, committed 79892K, reserved 1118208K
  class space    used 9206K, capacity 11025K, committed 11028K, reserved 1048576K
}
Event: 410.485 GC heap before
{Heap before GC invocations=20 (full 3):
 PSYoungGen      total 84480K, used 79941K [0x00000000f5580000, 0x00000000fbc80000, 0x0000000100000000)
  eden space 66560K, 100% used [0x00000000f5580000,0x00000000f9680000,0x00000000f9680000)
  from space 17920K, 74% used [0x00000000fab00000,0x00000000fb811718,0x00000000fbc80000)
  to   space 19456K, 0% used [0x00000000f9680000,0x00000000f9680000,0x00000000fa980000)
 ParOldGen       total 90112K, used 28288K [0x00000000e0000000, 0x00000000e5800000, 0x00000000f5580000)
  object space 90112K, 31% used [0x00000000e0000000,0x00000000e1ba0340,0x00000000e5800000)
 Metaspace       used 74550K, capacity 80732K, committed 81044K, reserved 1120256K
  class space    used 9278K, capacity 11092K, committed 11156K, reserved 1048576K
Event: 410.495 GC heap after
Heap after GC invocations=20 (full 3):
 PSYoungGen      total 86016K, used 13941K [0x00000000f5580000, 0x00000000fc400000, 0x0000000100000000)
  eden space 66560K, 0% used [0x00000000f5580000,0x00000000f5580000,0x00000000f9680000)
  from space 19456K, 71% used [0x00000000f9680000,0x00000000fa41d790,0x00000000fa980000)
  to   space 19968K, 0% used [0x00000000fb080000,0x00000000fb080000,0x00000000fc400000)
 ParOldGen       total 90112K, used 28296K [0x00000000e0000000, 0x00000000e5800000, 0x00000000f5580000)
  object space 90112K, 31% used [0x00000000e0000000,0x00000000e1ba2340,0x00000000e5800000)
 Metaspace       used 74550K, capacity 80732K, committed 81044K, reserved 1120256K
  class space    used 9278K, capacity 11092K, committed 11156K, reserved 1048576K
}
Event: 1763.607 GC heap before
{Heap before GC invocations=21 (full 3):
 PSYoungGen      total 86016K, used 80501K [0x00000000f5580000, 0x00000000fc400000, 0x0000000100000000)
  eden space 66560K, 100% used [0x00000000f5580000,0x00000000f9680000,0x00000000f9680000)
  from space 19456K, 71% used [0x00000000f9680000,0x00000000fa41d790,0x00000000fa980000)
  to   space 19968K, 0% used [0x00000000fb080000,0x00000000fb080000,0x00000000fc400000)
 ParOldGen       total 90112K, used 28296K [0x00000000e0000000, 0x00000000e5800000, 0x00000000f5580000)
  object space 90112K, 31% used [0x00000000e0000000,0x00000000e1ba2340,0x00000000e5800000)
 Metaspace       used 74973K, capacity 81058K, committed 81300K, reserved 1120256K
  class space    used 9295K, capacity 11093K, committed 11156K, reserved 1048576K
Event: 1763.616 GC heap after
Heap after GC invocations=21 (full 3):
 PSYoungGen      total 91136K, used 13957K [0x00000000f5580000, 0x00000000fc300000, 0x0000000100000000)
  eden space 72192K, 0% used [0x00000000f5580000,0x00000000f5580000,0x00000000f9c00000)
  from space 18944K, 73% used [0x00000000fb080000,0x00000000fbe217f0,0x00000000fc300000)
  to   space 19968K, 0% used [0x00000000f9c00000,0x00000000f9c00000,0x00000000faf80000)
 ParOldGen       total 90112K, used 28304K [0x00000000e0000000, 0x00000000e5800000, 0x00000000f5580000)
  object space 90112K, 31% used [0x00000000e0000000,0x00000000e1ba4340,0x00000000e5800000)
 Metaspace       used 74973K, capacity 81058K, committed 81300K, reserved 1120256K
  class space    used 9295K, capacity 11093K, committed 11156K, reserved 1048576K
}

