# JRE version: Java(TM) SE Runtime Environment (8.0_25-b18) (build 1.8.0_25-b18)
# Java VM: Java HotSpot(TM) 64-Bit Server VM (25.25-b02 mixed mode windows-amd64 compressed oops)
Heap:
 PSYoungGen      total 114176K, used 91613K [0x00000000f5580000, 0x00000000fda80000, 0x0000000100000000)
  eden space 98304K, 85% used [0x00000000f5580000,0x00000000fa7e2be0,0x00000000fb580000)
  from space 15872K, 45% used [0x00000000fcb00000,0x00000000fd2149e8,0x00000000fda80000)
  to   space 18944K, 0% used [0x00000000fb580000,0x00000000fb580000,0x00000000fc800000)
 ParOldGen       total 80384K, used 39547K [0x00000000e0000000, 0x00000000e4e80000, 0x00000000f5580000)
  object space 80384K, 49% used [0x00000000e0000000,0x00000000e269ee68,0x00000000e4e80000)
 Metaspace       used 83680K, capacity 89638K, committed 89816K, reserved 1126400K
  class space    used 10313K, capacity 12185K, committed 12248K, reserved 1048576K
GC Heap History (10 events):
Event: 166.660 GC heap before
{Heap before GC invocations=19 (full 4):
 PSYoungGen      total 109568K, used 58686K [0x00000000f5580000, 0x00000000fd600000, 0x0000000100000000)
  eden space 89600K, 65% used [0x00000000f5580000,0x00000000f8ecf880,0x00000000fad00000)
  from space 19968K, 0% used [0x00000000fc280000,0x00000000fc280000,0x00000000fd600000)
  to   space 20992K, 0% used [0x00000000fad00000,0x00000000fad00000,0x00000000fc180000)
 ParOldGen       total 80384K, used 38087K [0x00000000e0000000, 0x00000000e4e80000, 0x00000000f5580000)
  object space 80384K, 47% used [0x00000000e0000000,0x00000000e2531ce8,0x00000000e4e80000)
 Metaspace       used 74092K, capacity 79490K, committed 79704K, reserved 1118208K
  class space    used 9316K, capacity 10987K, committed 11096K, reserved 1048576K
Event: 166.664 GC heap after
Heap after GC invocations=19 (full 4):
 PSYoungGen      total 110592K, used 2554K [0x00000000f5580000, 0x00000000fd700000, 0x0000000100000000)
  eden space 89600K, 0% used [0x00000000f5580000,0x00000000f5580000,0x00000000fad00000)
  from space 20992K, 12% used [0x00000000fad00000,0x00000000faf7e8e8,0x00000000fc180000)
  to   space 21504K, 0% used [0x00000000fc200000,0x00000000fc200000,0x00000000fd700000)
 ParOldGen       total 80384K, used 38095K [0x00000000e0000000, 0x00000000e4e80000, 0x00000000f5580000)
  object space 80384K, 47% used [0x00000000e0000000,0x00000000e2533ce8,0x00000000e4e80000)
 Metaspace       used 74092K, capacity 79490K, committed 79704K, reserved 1118208K
  class space    used 9316K, capacity 10987K, committed 11096K, reserved 1048576K
}
Event: 166.664 GC heap before
{Heap before GC invocations=20 (full 5):
 PSYoungGen      total 110592K, used 2554K [0x00000000f5580000, 0x00000000fd700000, 0x0000000100000000)
  eden space 89600K, 0% used [0x00000000f5580000,0x00000000f5580000,0x00000000fad00000)
  from space 20992K, 12% used [0x00000000fad00000,0x00000000faf7e8e8,0x00000000fc180000)
  to   space 21504K, 0% used [0x00000000fc200000,0x00000000fc200000,0x00000000fd700000)
 ParOldGen       total 80384K, used 38095K [0x00000000e0000000, 0x00000000e4e80000, 0x00000000f5580000)
  object space 80384K, 47% used [0x00000000e0000000,0x00000000e2533ce8,0x00000000e4e80000)
 Metaspace       used 74092K, capacity 79490K, committed 79704K, reserved 1118208K
  class space    used 9316K, capacity 10987K, committed 11096K, reserved 1048576K
Event: 167.046 GC heap after
Heap after GC invocations=20 (full 5):
 PSYoungGen      total 110592K, used 0K [0x00000000f5580000, 0x00000000fd700000, 0x0000000100000000)
  eden space 89600K, 0% used [0x00000000f5580000,0x00000000f5580000,0x00000000fad00000)
  from space 20992K, 0% used [0x00000000fad00000,0x00000000fad00000,0x00000000fc180000)
  to   space 21504K, 0% used [0x00000000fc200000,0x00000000fc200000,0x00000000fd700000)
 ParOldGen       total 80384K, used 39523K [0x00000000e0000000, 0x00000000e4e80000, 0x00000000f5580000)
  object space 80384K, 49% used [0x00000000e0000000,0x00000000e2698e68,0x00000000e4e80000)
 Metaspace       used 74092K, capacity 79490K, committed 79704K, reserved 1118208K
  class space    used 9316K, capacity 10987K, committed 11096K, reserved 1048576K
}
Event: 214.369 GC heap before
{Heap before GC invocations=21 (full 5):
 PSYoungGen      total 110592K, used 89600K [0x00000000f5580000, 0x00000000fd700000, 0x0000000100000000)
  eden space 89600K, 100% used [0x00000000f5580000,0x00000000fad00000,0x00000000fad00000)
  from space 20992K, 0% used [0x00000000fad00000,0x00000000fad00000,0x00000000fc180000)
  to   space 21504K, 0% used [0x00000000fc200000,0x00000000fc200000,0x00000000fd700000)
 ParOldGen       total 80384K, used 39523K [0x00000000e0000000, 0x00000000e4e80000, 0x00000000f5580000)
  object space 80384K, 49% used [0x00000000e0000000,0x00000000e2698e68,0x00000000e4e80000)
 Metaspace       used 77762K, capacity 83764K, committed 84056K, reserved 1122304K
  class space    used 9752K, capacity 11570K, committed 11608K, reserved 1048576K
Event: 214.375 GC heap after
Heap after GC invocations=21 (full 5):
 PSYoungGen      total 111616K, used 5873K [0x00000000f5580000, 0x00000000fe200000, 0x0000000100000000)
  eden space 90112K, 0% used [0x00000000f5580000,0x00000000f5580000,0x00000000fad80000)
  from space 21504K, 27% used [0x00000000fc200000,0x00000000fc7bc610,0x00000000fd700000)
  to   space 20992K, 0% used [0x00000000fad80000,0x00000000fad80000,0x00000000fc200000)
 ParOldGen       total 80384K, used 39531K [0x00000000e0000000, 0x00000000e4e80000, 0x00000000f5580000)
  object space 80384K, 49% used [0x00000000e0000000,0x00000000e269ae68,0x00000000e4e80000)
 Metaspace       used 77762K, capacity 83764K, committed 84056K, reserved 1122304K
  class space    used 9752K, capacity 11570K, committed 11608K, reserved 1048576K
}
Event: 279.694 GC heap before
{Heap before GC invocations=22 (full 5):
 PSYoungGen      total 111616K, used 95985K [0x00000000f5580000, 0x00000000fe200000, 0x0000000100000000)
  eden space 90112K, 100% used [0x00000000f5580000,0x00000000fad80000,0x00000000fad80000)
  from space 21504K, 27% used [0x00000000fc200000,0x00000000fc7bc610,0x00000000fd700000)
  to   space 20992K, 0% used [0x00000000fad80000,0x00000000fad80000,0x00000000fc200000)
 ParOldGen       total 80384K, used 39531K [0x00000000e0000000, 0x00000000e4e80000, 0x00000000f5580000)
  object space 80384K, 49% used [0x00000000e0000000,0x00000000e269ae68,0x00000000e4e80000)
 Metaspace       used 79507K, capacity 85942K, committed 86104K, reserved 1124352K
  class space    used 9931K, capacity 11842K, committed 11864K, reserved 1048576K
Event: 279.700 GC heap after
Heap after GC invocations=22 (full 5):
 PSYoungGen      total 111104K, used 5979K [0x00000000f5580000, 0x00000000fde80000, 0x0000000100000000)
  eden space 90112K, 0% used [0x00000000f5580000,0x00000000f5580000,0x00000000fad80000)
  from space 20992K, 28% used [0x00000000fad80000,0x00000000fb356da8,0x00000000fc200000)
  to   space 19968K, 0% used [0x00000000fcb00000,0x00000000fcb00000,0x00000000fde80000)
 ParOldGen       total 80384K, used 39539K [0x00000000e0000000, 0x00000000e4e80000, 0x00000000f5580000)
  object space 80384K, 49% used [0x00000000e0000000,0x00000000e269ce68,0x00000000e4e80000)
 Metaspace       used 79507K, capacity 85942K, committed 86104K, reserved 1124352K
  class space    used 9931K, capacity 11842K, committed 11864K, reserved 1048576K
}
Event: 304.163 GC heap before
{Heap before GC invocations=23 (full 5):
 PSYoungGen      total 111104K, used 96091K [0x00000000f5580000, 0x00000000fde80000, 0x0000000100000000)
  eden space 90112K, 100% used [0x00000000f5580000,0x00000000fad80000,0x00000000fad80000)
  from space 20992K, 28% used [0x00000000fad80000,0x00000000fb356da8,0x00000000fc200000)
  to   space 19968K, 0% used [0x00000000fcb00000,0x00000000fcb00000,0x00000000fde80000)
 ParOldGen       total 80384K, used 39539K [0x00000000e0000000, 0x00000000e4e80000, 0x00000000f5580000)
  object space 80384K, 49% used [0x00000000e0000000,0x00000000e269ce68,0x00000000e4e80000)
 Metaspace       used 82477K, capacity 88822K, committed 88920K, reserved 1126400K
  class space    used 10208K, capacity 12082K, committed 12120K, reserved 1048576K
Event: 304.170 GC heap after
Heap after GC invocations=23 (full 5):
 PSYoungGen      total 114176K, used 7250K [0x00000000f5580000, 0x00000000fda80000, 0x0000000100000000)
  eden space 98304K, 0% used [0x00000000f5580000,0x00000000f5580000,0x00000000fb580000)
  from space 15872K, 45% used [0x00000000fcb00000,0x00000000fd2149e8,0x00000000fda80000)
  to   space 18944K, 0% used [0x00000000fb580000,0x00000000fb580000,0x00000000fc800000)
 ParOldGen       total 80384K, used 39547K [0x00000000e0000000, 0x00000000e4e80000, 0x00000000f5580000)
  object space 80384K, 49% used [0x00000000e0000000,0x00000000e269ee68,0x00000000e4e80000)
 Metaspace       used 82477K, capacity 88822K, committed 88920K, reserved 1126400K
  class space    used 10208K, capacity 12082K, committed 12120K, reserved 1048576K
}

