# JRE version: Java(TM) SE Runtime Environment (8.0_25-b18) (build 1.8.0_25-b18)
# Java VM: Java HotSpot(TM) 64-Bit Server VM (25.25-b02 mixed mode windows-amd64 compressed oops)
Heap:
 PSYoungGen      total 60416K, used 43909K [0x00000000f5580000, 0x00000000fa500000, 0x0000000100000000)
  eden space 53760K, 70% used [0x00000000f5580000,0x00000000f7a47260,0x00000000f8a00000)
  from space 6656K, 93% used [0x00000000f8b00000,0x00000000f911a3b0,0x00000000f9180000)
  to   space 13824K, 0% used [0x00000000f9780000,0x00000000f9780000,0x00000000fa500000)
 ParOldGen       total 107520K, used 38201K [0x00000000e0000000, 0x00000000e6900000, 0x00000000f5580000)
  object space 107520K, 35% used [0x00000000e0000000,0x00000000e254e458,0x00000000e6900000)
 Metaspace       used 85526K, capacity 91386K, committed 91480K, reserved 1128448K
  class space    used 10359K, capacity 12311K, committed 12376K, reserved 1048576K
GC Heap History (10 events):
Event: 522.365 GC heap before
{Heap before GC invocations=29 (full 4):
 PSYoungGen      total 74752K, used 63909K [0x00000000f5580000, 0x00000000fb100000, 0x0000000100000000)
  eden space 58880K, 100% used [0x00000000f5580000,0x00000000f8f00000,0x00000000f8f00000)
  from space 15872K, 31% used [0x00000000fa180000,0x00000000fa669590,0x00000000fb100000)
  to   space 17408K, 0% used [0x00000000f8f00000,0x00000000f8f00000,0x00000000fa000000)
 ParOldGen       total 107520K, used 38161K [0x00000000e0000000, 0x00000000e6900000, 0x00000000f5580000)
  object space 107520K, 35% used [0x00000000e0000000,0x00000000e2544458,0x00000000e6900000)
 Metaspace       used 83885K, capacity 89880K, committed 90072K, reserved 1126400K
  class space    used 10222K, capacity 12237K, committed 12248K, reserved 1048576K
Event: 522.372 GC heap after
Heap after GC invocations=29 (full 4):
 PSYoungGen      total 64000K, used 5829K [0x00000000f5580000, 0x00000000fae00000, 0x0000000100000000)
  eden space 57856K, 0% used [0x00000000f5580000,0x00000000f5580000,0x00000000f8e00000)
  from space 6144K, 94% used [0x00000000f8f00000,0x00000000f94b1580,0x00000000f9500000)
  to   space 16384K, 0% used [0x00000000f9e00000,0x00000000f9e00000,0x00000000fae00000)
 ParOldGen       total 107520K, used 38169K [0x00000000e0000000, 0x00000000e6900000, 0x00000000f5580000)
  object space 107520K, 35% used [0x00000000e0000000,0x00000000e2546458,0x00000000e6900000)
 Metaspace       used 83885K, capacity 89880K, committed 90072K, reserved 1126400K
  class space    used 10222K, capacity 12237K, committed 12248K, reserved 1048576K
}
Event: 550.772 GC heap before
{Heap before GC invocations=30 (full 4):
 PSYoungGen      total 64000K, used 63685K [0x00000000f5580000, 0x00000000fae00000, 0x0000000100000000)
  eden space 57856K, 99% used [0x00000000f5580000,0x00000000f8dfffa8,0x00000000f8e00000)
  from space 6144K, 94% used [0x00000000f8f00000,0x00000000f94b1580,0x00000000f9500000)
  to   space 16384K, 0% used [0x00000000f9e00000,0x00000000f9e00000,0x00000000fae00000)
 ParOldGen       total 107520K, used 38169K [0x00000000e0000000, 0x00000000e6900000, 0x00000000f5580000)
  object space 107520K, 35% used [0x00000000e0000000,0x00000000e2546458,0x00000000e6900000)
 Metaspace       used 83999K, capacity 89950K, committed 90072K, reserved 1126400K
  class space    used 10223K, capacity 12238K, committed 12248K, reserved 1048576K
Event: 550.777 GC heap after
Heap after GC invocations=30 (full 4):
 PSYoungGen      total 71168K, used 4837K [0x00000000f5580000, 0x00000000fac00000, 0x0000000100000000)
  eden space 56832K, 0% used [0x00000000f5580000,0x00000000f5580000,0x00000000f8d00000)
  from space 14336K, 33% used [0x00000000f9e00000,0x00000000fa2b9580,0x00000000fac00000)
  to   space 15872K, 0% used [0x00000000f8d00000,0x00000000f8d00000,0x00000000f9c80000)
 ParOldGen       total 107520K, used 38177K [0x00000000e0000000, 0x00000000e6900000, 0x00000000f5580000)
  object space 107520K, 35% used [0x00000000e0000000,0x00000000e2548458,0x00000000e6900000)
 Metaspace       used 83999K, capacity 89950K, committed 90072K, reserved 1126400K
  class space    used 10223K, capacity 12238K, committed 12248K, reserved 1048576K
}
Event: 602.552 GC heap before
{Heap before GC invocations=31 (full 4):
 PSYoungGen      total 71168K, used 61669K [0x00000000f5580000, 0x00000000fac00000, 0x0000000100000000)
  eden space 56832K, 100% used [0x00000000f5580000,0x00000000f8d00000,0x00000000f8d00000)
  from space 14336K, 33% used [0x00000000f9e00000,0x00000000fa2b9580,0x00000000fac00000)
  to   space 15872K, 0% used [0x00000000f8d00000,0x00000000f8d00000,0x00000000f9c80000)
 ParOldGen       total 107520K, used 38177K [0x00000000e0000000, 0x00000000e6900000, 0x00000000f5580000)
  object space 107520K, 35% used [0x00000000e0000000,0x00000000e2548458,0x00000000e6900000)
 Metaspace       used 84202K, capacity 90404K, committed 90584K, reserved 1128448K
  class space    used 10234K, capacity 12239K, committed 12248K, reserved 1048576K
Event: 602.558 GC heap after
Heap after GC invocations=31 (full 4):
 PSYoungGen      total 62464K, used 6542K [0x00000000f5580000, 0x00000000faa00000, 0x0000000100000000)
  eden space 55808K, 0% used [0x00000000f5580000,0x00000000f5580000,0x00000000f8c00000)
  from space 6656K, 98% used [0x00000000f8d00000,0x00000000f9363940,0x00000000f9380000)
  to   space 15360K, 0% used [0x00000000f9b00000,0x00000000f9b00000,0x00000000faa00000)
 ParOldGen       total 107520K, used 38185K [0x00000000e0000000, 0x00000000e6900000, 0x00000000f5580000)
  object space 107520K, 35% used [0x00000000e0000000,0x00000000e254a458,0x00000000e6900000)
 Metaspace       used 84202K, capacity 90404K, committed 90584K, reserved 1128448K
  class space    used 10234K, capacity 12239K, committed 12248K, reserved 1048576K
}
Event: 653.575 GC heap before
{Heap before GC invocations=32 (full 4):
 PSYoungGen      total 62464K, used 62350K [0x00000000f5580000, 0x00000000faa00000, 0x0000000100000000)
  eden space 55808K, 100% used [0x00000000f5580000,0x00000000f8c00000,0x00000000f8c00000)
  from space 6656K, 98% used [0x00000000f8d00000,0x00000000f9363940,0x00000000f9380000)
  to   space 15360K, 0% used [0x00000000f9b00000,0x00000000f9b00000,0x00000000faa00000)
 ParOldGen       total 107520K, used 38185K [0x00000000e0000000, 0x00000000e6900000, 0x00000000f5580000)
  object space 107520K, 35% used [0x00000000e0000000,0x00000000e254a458,0x00000000e6900000)
 Metaspace       used 84698K, capacity 90924K, committed 91096K, reserved 1128448K
  class space    used 10280K, capacity 12242K, committed 12248K, reserved 1048576K
Event: 653.582 GC heap after
Heap after GC invocations=32 (full 4):
 PSYoungGen      total 68096K, used 5938K [0x00000000f5580000, 0x00000000fa800000, 0x0000000100000000)
  eden space 54784K, 0% used [0x00000000f5580000,0x00000000f5580000,0x00000000f8b00000)
  from space 13312K, 44% used [0x00000000f9b00000,0x00000000fa0cc9c0,0x00000000fa800000)
  to   space 14848K, 0% used [0x00000000f8b00000,0x00000000f8b00000,0x00000000f9980000)
 ParOldGen       total 107520K, used 38193K [0x00000000e0000000, 0x00000000e6900000, 0x00000000f5580000)
  object space 107520K, 35% used [0x00000000e0000000,0x00000000e254c458,0x00000000e6900000)
 Metaspace       used 84698K, capacity 90924K, committed 91096K, reserved 1128448K
  class space    used 10280K, capacity 12242K, committed 12248K, reserved 1048576K
}
Event: 677.118 GC heap before
{Heap before GC invocations=33 (full 4):
 PSYoungGen      total 68096K, used 60722K [0x00000000f5580000, 0x00000000fa800000, 0x0000000100000000)
  eden space 54784K, 100% used [0x00000000f5580000,0x00000000f8b00000,0x00000000f8b00000)
  from space 13312K, 44% used [0x00000000f9b00000,0x00000000fa0cc9c0,0x00000000fa800000)
  to   space 14848K, 0% used [0x00000000f8b00000,0x00000000f8b00000,0x00000000f9980000)
 ParOldGen       total 107520K, used 38193K [0x00000000e0000000, 0x00000000e6900000, 0x00000000f5580000)
  object space 107520K, 35% used [0x00000000e0000000,0x00000000e254c458,0x00000000e6900000)
 Metaspace       used 84799K, capacity 90926K, committed 91096K, reserved 1128448K
  class space    used 10283K, capacity 12244K, committed 12248K, reserved 1048576K
Event: 677.126 GC heap after
Heap after GC invocations=33 (full 4):
 PSYoungGen      total 60416K, used 6248K [0x00000000f5580000, 0x00000000fa500000, 0x0000000100000000)
  eden space 53760K, 0% used [0x00000000f5580000,0x00000000f5580000,0x00000000f8a00000)
  from space 6656K, 93% used [0x00000000f8b00000,0x00000000f911a3b0,0x00000000f9180000)
  to   space 13824K, 0% used [0x00000000f9780000,0x00000000f9780000,0x00000000fa500000)
 ParOldGen       total 107520K, used 38201K [0x00000000e0000000, 0x00000000e6900000, 0x00000000f5580000)
  object space 107520K, 35% used [0x00000000e0000000,0x00000000e254e458,0x00000000e6900000)
 Metaspace       used 84799K, capacity 90926K, committed 91096K, reserved 1128448K
  class space    used 10283K, capacity 12244K, committed 12248K, reserved 1048576K
}

