# JRE version: Java(TM) SE Runtime Environment (8.0_25-b18) (build 1.8.0_25-b18)
# Java VM: Java HotSpot(TM) 64-Bit Server VM (25.25-b02 mixed mode windows-amd64 compressed oops)
Heap:
 PSYoungGen      total 80384K, used 20568K [0x00000000f5580000, 0x00000000fb780000, 0x0000000100000000)
  eden space 61440K, 33% used [0x00000000f5580000,0x00000000f6996368,0x00000000f9180000)
  from space 18944K, 0% used [0x00000000fa500000,0x00000000fa500000,0x00000000fb780000)
  to   space 19456K, 0% used [0x00000000f9180000,0x00000000f9180000,0x00000000fa480000)
 ParOldGen       total 109056K, used 36624K [0x00000000e0000000, 0x00000000e6a80000, 0x00000000f5580000)
  object space 109056K, 33% used [0x00000000e0000000,0x00000000e23c4158,0x00000000e6a80000)
 Metaspace       used 72516K, capacity 77718K, committed 77912K, reserved 1116160K
  class space    used 9137K, capacity 10836K, committed 10840K, reserved 1048576K
GC Heap History (10 events):
Event: 5.625 GC heap before
{Heap before GC invocations=12 (full 3):
 PSYoungGen      total 70656K, used 13535K [0x00000000f5580000, 0x00000000fb780000, 0x0000000100000000)
  eden space 51712K, 0% used [0x00000000f5580000,0x00000000f5580000,0x00000000f8800000)
  from space 18944K, 71% used [0x00000000f8800000,0x00000000f9537df0,0x00000000f9a80000)
  to   space 19968K, 0% used [0x00000000fa400000,0x00000000fa400000,0x00000000fb780000)
 ParOldGen       total 78848K, used 23750K [0x00000000e0000000, 0x00000000e4d00000, 0x00000000f5580000)
  object space 78848K, 30% used [0x00000000e0000000,0x00000000e1731bf8,0x00000000e4d00000)
 Metaspace       used 54518K, capacity 58954K, committed 59028K, reserved 1099776K
  class space    used 6770K, capacity 8151K, committed 8152K, reserved 1048576K
Event: 5.837 GC heap after
Heap after GC invocations=12 (full 3):
 PSYoungGen      total 70656K, used 0K [0x00000000f5580000, 0x00000000fb780000, 0x0000000100000000)
  eden space 51712K, 0% used [0x00000000f5580000,0x00000000f5580000,0x00000000f8800000)
  from space 18944K, 0% used [0x00000000f8800000,0x00000000f8800000,0x00000000f9a80000)
  to   space 19968K, 0% used [0x00000000fa400000,0x00000000fa400000,0x00000000fb780000)
 ParOldGen       total 109056K, used 30382K [0x00000000e0000000, 0x00000000e6a80000, 0x00000000f5580000)
  object space 109056K, 27% used [0x00000000e0000000,0x00000000e1dabb28,0x00000000e6a80000)
 Metaspace       used 54518K, capacity 58954K, committed 59028K, reserved 1099776K
  class space    used 6770K, capacity 8151K, committed 8152K, reserved 1048576K
}
Event: 14.534 GC heap before
{Heap before GC invocations=13 (full 3):
 PSYoungGen      total 70656K, used 51712K [0x00000000f5580000, 0x00000000fb780000, 0x0000000100000000)
  eden space 51712K, 100% used [0x00000000f5580000,0x00000000f8800000,0x00000000f8800000)
  from space 18944K, 0% used [0x00000000f8800000,0x00000000f8800000,0x00000000f9a80000)
  to   space 19968K, 0% used [0x00000000fa400000,0x00000000fa400000,0x00000000fb780000)
 ParOldGen       total 109056K, used 30382K [0x00000000e0000000, 0x00000000e6a80000, 0x00000000f5580000)
  object space 109056K, 27% used [0x00000000e0000000,0x00000000e1dabb28,0x00000000e6a80000)
 Metaspace       used 65903K, capacity 71356K, committed 71512K, reserved 1110016K
  class space    used 8332K, capacity 10023K, committed 10072K, reserved 1048576K
Event: 14.548 GC heap after
Heap after GC invocations=13 (full 3):
 PSYoungGen      total 74240K, used 14440K [0x00000000f5580000, 0x00000000fb500000, 0x0000000100000000)
  eden space 56832K, 0% used [0x00000000f5580000,0x00000000f5580000,0x00000000f8d00000)
  from space 17408K, 82% used [0x00000000fa400000,0x00000000fb21a388,0x00000000fb500000)
  to   space 20480K, 0% used [0x00000000f8d00000,0x00000000f8d00000,0x00000000fa100000)
 ParOldGen       total 109056K, used 30390K [0x00000000e0000000, 0x00000000e6a80000, 0x00000000f5580000)
  object space 109056K, 27% used [0x00000000e0000000,0x00000000e1dadb28,0x00000000e6a80000)
 Metaspace       used 65903K, capacity 71356K, committed 71512K, reserved 1110016K
  class space    used 8332K, capacity 10023K, committed 10072K, reserved 1048576K
}
Event: 33.194 GC heap before
{Heap before GC invocations=14 (full 3):
 PSYoungGen      total 74240K, used 71272K [0x00000000f5580000, 0x00000000fb500000, 0x0000000100000000)
  eden space 56832K, 100% used [0x00000000f5580000,0x00000000f8d00000,0x00000000f8d00000)
  from space 17408K, 82% used [0x00000000fa400000,0x00000000fb21a388,0x00000000fb500000)
  to   space 20480K, 0% used [0x00000000f8d00000,0x00000000f8d00000,0x00000000fa100000)
 ParOldGen       total 109056K, used 30390K [0x00000000e0000000, 0x00000000e6a80000, 0x00000000f5580000)
  object space 109056K, 27% used [0x00000000e0000000,0x00000000e1dadb28,0x00000000e6a80000)
 Metaspace       used 70365K, capacity 75682K, committed 75864K, reserved 1114112K
  class space    used 8883K, capacity 10543K, committed 10584K, reserved 1048576K
Event: 33.202 GC heap after
Heap after GC invocations=14 (full 3):
 PSYoungGen      total 77312K, used 11524K [0x00000000f5580000, 0x00000000fb880000, 0x0000000100000000)
  eden space 56832K, 0% used [0x00000000f5580000,0x00000000f5580000,0x00000000f8d00000)
  from space 20480K, 56% used [0x00000000f8d00000,0x00000000f9841020,0x00000000fa100000)
  to   space 19968K, 0% used [0x00000000fa500000,0x00000000fa500000,0x00000000fb880000)
 ParOldGen       total 109056K, used 30398K [0x00000000e0000000, 0x00000000e6a80000, 0x00000000f5580000)
  object space 109056K, 27% used [0x00000000e0000000,0x00000000e1dafb28,0x00000000e6a80000)
 Metaspace       used 70365K, capacity 75682K, committed 75864K, reserved 1114112K
  class space    used 8883K, capacity 10543K, committed 10584K, reserved 1048576K
}
Event: 62.609 GC heap before
{Heap before GC invocations=15 (full 3):
 PSYoungGen      total 77312K, used 30861K [0x00000000f5580000, 0x00000000fb880000, 0x0000000100000000)
  eden space 56832K, 34% used [0x00000000f5580000,0x00000000f68625b8,0x00000000f8d00000)
  from space 20480K, 56% used [0x00000000f8d00000,0x00000000f9841020,0x00000000fa100000)
  to   space 19968K, 0% used [0x00000000fa500000,0x00000000fa500000,0x00000000fb880000)
 ParOldGen       total 109056K, used 30398K [0x00000000e0000000, 0x00000000e6a80000, 0x00000000f5580000)
  object space 109056K, 27% used [0x00000000e0000000,0x00000000e1dafb28,0x00000000e6a80000)
 Metaspace       used 71298K, capacity 76674K, committed 76760K, reserved 1116160K
  class space    used 9001K, capacity 10639K, committed 10712K, reserved 1048576K
Event: 62.615 GC heap after
Heap after GC invocations=15 (full 3):
 PSYoungGen      total 80384K, used 9304K [0x00000000f5580000, 0x00000000fb780000, 0x0000000100000000)
  eden space 61440K, 0% used [0x00000000f5580000,0x00000000f5580000,0x00000000f9180000)
  from space 18944K, 49% used [0x00000000fa500000,0x00000000fae16268,0x00000000fb780000)
  to   space 19456K, 0% used [0x00000000f9180000,0x00000000f9180000,0x00000000fa480000)
 ParOldGen       total 109056K, used 30406K [0x00000000e0000000, 0x00000000e6a80000, 0x00000000f5580000)
  object space 109056K, 27% used [0x00000000e0000000,0x00000000e1db1b28,0x00000000e6a80000)
 Metaspace       used 71298K, capacity 76674K, committed 76760K, reserved 1116160K
  class space    used 9001K, capacity 10639K, committed 10712K, reserved 1048576K
}
Event: 62.615 GC heap before
{Heap before GC invocations=16 (full 4):
 PSYoungGen      total 80384K, used 9304K [0x00000000f5580000, 0x00000000fb780000, 0x0000000100000000)
  eden space 61440K, 0% used [0x00000000f5580000,0x00000000f5580000,0x00000000f9180000)
  from space 18944K, 49% used [0x00000000fa500000,0x00000000fae16268,0x00000000fb780000)
  to   space 19456K, 0% used [0x00000000f9180000,0x00000000f9180000,0x00000000fa480000)
 ParOldGen       total 109056K, used 30406K [0x00000000e0000000, 0x00000000e6a80000, 0x00000000f5580000)
  object space 109056K, 27% used [0x00000000e0000000,0x00000000e1db1b28,0x00000000e6a80000)
 Metaspace       used 71298K, capacity 76674K, committed 76760K, reserved 1116160K
  class space    used 9001K, capacity 10639K, committed 10712K, reserved 1048576K
Event: 62.968 GC heap after
Heap after GC invocations=16 (full 4):
 PSYoungGen      total 80384K, used 0K [0x00000000f5580000, 0x00000000fb780000, 0x0000000100000000)
  eden space 61440K, 0% used [0x00000000f5580000,0x00000000f5580000,0x00000000f9180000)
  from space 18944K, 0% used [0x00000000fa500000,0x00000000fa500000,0x00000000fb780000)
  to   space 19456K, 0% used [0x00000000f9180000,0x00000000f9180000,0x00000000fa480000)
 ParOldGen       total 109056K, used 36624K [0x00000000e0000000, 0x00000000e6a80000, 0x00000000f5580000)
  object space 109056K, 33% used [0x00000000e0000000,0x00000000e23c4158,0x00000000e6a80000)
 Metaspace       used 71298K, capacity 76674K, committed 76760K, reserved 1116160K
  class space    used 9001K, capacity 10639K, committed 10712K, reserved 1048576K
}

