# JRE version: Java(TM) SE Runtime Environment (8.0_25-b18) (build 1.8.0_25-b18)
# Java VM: Java HotSpot(TM) 64-Bit Server VM (25.25-b02 mixed mode windows-amd64 compressed oops)
Heap:
 PSYoungGen      total 65536K, used 28499K [0x00000000f5580000, 0x00000000fb400000, 0x0000000100000000)
  eden space 56832K, 50% used [0x00000000f5580000,0x00000000f7154cb0,0x00000000f8d00000)
  from space 8704K, 0% used [0x00000000f8d00000,0x00000000f8d00000,0x00000000f9580000)
  to   space 19968K, 0% used [0x00000000fa080000,0x00000000fa080000,0x00000000fb400000)
 ParOldGen       total 108544K, used 35959K [0x00000000e0000000, 0x00000000e6a00000, 0x00000000f5580000)
  object space 108544K, 33% used [0x00000000e0000000,0x00000000e231dc38,0x00000000e6a00000)
 Metaspace       used 68876K, capacity 74276K, committed 74456K, reserved 1114112K
  class space    used 8680K, capacity 10443K, committed 10496K, reserved 1048576K
GC Heap History (10 events):
Event: 5.430 GC heap before
{Heap before GC invocations=11 (full 2):
 PSYoungGen      total 67072K, used 34924K [0x00000000f5580000, 0x00000000faf80000, 0x0000000100000000)
  eden space 50688K, 36% used [0x00000000f5580000,0x00000000f67a0aa0,0x00000000f8700000)
  from space 16384K, 99% used [0x00000000f9a00000,0x00000000fa9fa770,0x00000000faa00000)
  to   space 19456K, 0% used [0x00000000f8700000,0x00000000f8700000,0x00000000f9a00000)
 ParOldGen       total 83456K, used 27900K [0x00000000e0000000, 0x00000000e5180000, 0x00000000f5580000)
  object space 83456K, 33% used [0x00000000e0000000,0x00000000e1b3f3d8,0x00000000e5180000)
 Metaspace       used 54707K, capacity 58960K, committed 59028K, reserved 1099776K
  class space    used 6800K, capacity 8157K, committed 8192K, reserved 1048576K
Event: 5.442 GC heap after
Heap after GC invocations=11 (full 2):
 PSYoungGen      total 70144K, used 13781K [0x00000000f5580000, 0x00000000fb680000, 0x0000000100000000)
  eden space 50688K, 0% used [0x00000000f5580000,0x00000000f5580000,0x00000000f8700000)
  from space 19456K, 70% used [0x00000000f8700000,0x00000000f9475710,0x00000000f9a00000)
  to   space 19968K, 0% used [0x00000000fa300000,0x00000000fa300000,0x00000000fb680000)
 ParOldGen       total 83456K, used 27908K [0x00000000e0000000, 0x00000000e5180000, 0x00000000f5580000)
  object space 83456K, 33% used [0x00000000e0000000,0x00000000e1b413d8,0x00000000e5180000)
 Metaspace       used 54707K, capacity 58960K, committed 59028K, reserved 1099776K
  class space    used 6800K, capacity 8157K, committed 8192K, reserved 1048576K
}
Event: 5.442 GC heap before
{Heap before GC invocations=12 (full 3):
 PSYoungGen      total 70144K, used 13781K [0x00000000f5580000, 0x00000000fb680000, 0x0000000100000000)
  eden space 50688K, 0% used [0x00000000f5580000,0x00000000f5580000,0x00000000f8700000)
  from space 19456K, 70% used [0x00000000f8700000,0x00000000f9475710,0x00000000f9a00000)
  to   space 19968K, 0% used [0x00000000fa300000,0x00000000fa300000,0x00000000fb680000)
 ParOldGen       total 83456K, used 27908K [0x00000000e0000000, 0x00000000e5180000, 0x00000000f5580000)
  object space 83456K, 33% used [0x00000000e0000000,0x00000000e1b413d8,0x00000000e5180000)
 Metaspace       used 54707K, capacity 58960K, committed 59028K, reserved 1099776K
  class space    used 6800K, capacity 8157K, committed 8192K, reserved 1048576K
Event: 5.611 GC heap after
Heap after GC invocations=12 (full 3):
 PSYoungGen      total 70144K, used 0K [0x00000000f5580000, 0x00000000fb680000, 0x0000000100000000)
  eden space 50688K, 0% used [0x00000000f5580000,0x00000000f5580000,0x00000000f8700000)
  from space 19456K, 0% used [0x00000000f8700000,0x00000000f8700000,0x00000000f9a00000)
  to   space 19968K, 0% used [0x00000000fa300000,0x00000000fa300000,0x00000000fb680000)
 ParOldGen       total 108544K, used 30673K [0x00000000e0000000, 0x00000000e6a00000, 0x00000000f5580000)
  object space 108544K, 28% used [0x00000000e0000000,0x00000000e1df4498,0x00000000e6a00000)
 Metaspace       used 54707K, capacity 58960K, committed 59028K, reserved 1099776K
  class space    used 6800K, capacity 8157K, committed 8192K, reserved 1048576K
}
Event: 8.322 GC heap before
{Heap before GC invocations=13 (full 3):
 PSYoungGen      total 70144K, used 50688K [0x00000000f5580000, 0x00000000fb680000, 0x0000000100000000)
  eden space 50688K, 100% used [0x00000000f5580000,0x00000000f8700000,0x00000000f8700000)
  from space 19456K, 0% used [0x00000000f8700000,0x00000000f8700000,0x00000000f9a00000)
  to   space 19968K, 0% used [0x00000000fa300000,0x00000000fa300000,0x00000000fb680000)
 ParOldGen       total 108544K, used 30673K [0x00000000e0000000, 0x00000000e6a00000, 0x00000000f5580000)
  object space 108544K, 28% used [0x00000000e0000000,0x00000000e1df4498,0x00000000e6a00000)
 Metaspace       used 64698K, capacity 70024K, committed 70232K, reserved 1110016K
  class space    used 8134K, capacity 9821K, committed 9856K, reserved 1048576K
Event: 8.332 GC heap after
Heap after GC invocations=13 (full 3):
 PSYoungGen      total 75264K, used 13895K [0x00000000f5580000, 0x00000000fb500000, 0x0000000100000000)
  eden space 56832K, 0% used [0x00000000f5580000,0x00000000f5580000,0x00000000f8d00000)
  from space 18432K, 75% used [0x00000000fa300000,0x00000000fb091df8,0x00000000fb500000)
  to   space 20480K, 0% used [0x00000000f8d00000,0x00000000f8d00000,0x00000000fa100000)
 ParOldGen       total 108544K, used 30681K [0x00000000e0000000, 0x00000000e6a00000, 0x00000000f5580000)
  object space 108544K, 28% used [0x00000000e0000000,0x00000000e1df6498,0x00000000e6a00000)
 Metaspace       used 64698K, capacity 70024K, committed 70232K, reserved 1110016K
  class space    used 8134K, capacity 9821K, committed 9856K, reserved 1048576K
}
Event: 62.427 GC heap before
{Heap before GC invocations=14 (full 3):
 PSYoungGen      total 75264K, used 30711K [0x00000000f5580000, 0x00000000fb500000, 0x0000000100000000)
  eden space 56832K, 29% used [0x00000000f5580000,0x00000000f65ec060,0x00000000f8d00000)
  from space 18432K, 75% used [0x00000000fa300000,0x00000000fb091df8,0x00000000fb500000)
  to   space 20480K, 0% used [0x00000000f8d00000,0x00000000f8d00000,0x00000000fa100000)
 ParOldGen       total 108544K, used 30681K [0x00000000e0000000, 0x00000000e6a00000, 0x00000000f5580000)
  object space 108544K, 28% used [0x00000000e0000000,0x00000000e1df6498,0x00000000e6a00000)
 Metaspace       used 67170K, capacity 72572K, committed 72664K, reserved 1112064K
  class space    used 8495K, capacity 10216K, committed 10240K, reserved 1048576K
Event: 62.433 GC heap after
Heap after GC invocations=14 (full 3):
 PSYoungGen      total 65536K, used 8539K [0x00000000f5580000, 0x00000000fb400000, 0x0000000100000000)
  eden space 56832K, 0% used [0x00000000f5580000,0x00000000f5580000,0x00000000f8d00000)
  from space 8704K, 98% used [0x00000000f8d00000,0x00000000f9556cc0,0x00000000f9580000)
  to   space 19968K, 0% used [0x00000000fa080000,0x00000000fa080000,0x00000000fb400000)
 ParOldGen       total 108544K, used 30689K [0x00000000e0000000, 0x00000000e6a00000, 0x00000000f5580000)
  object space 108544K, 28% used [0x00000000e0000000,0x00000000e1df8498,0x00000000e6a00000)
 Metaspace       used 67170K, capacity 72572K, committed 72664K, reserved 1112064K
  class space    used 8495K, capacity 10216K, committed 10240K, reserved 1048576K
}
Event: 62.433 GC heap before
{Heap before GC invocations=15 (full 4):
 PSYoungGen      total 65536K, used 8539K [0x00000000f5580000, 0x00000000fb400000, 0x0000000100000000)
  eden space 56832K, 0% used [0x00000000f5580000,0x00000000f5580000,0x00000000f8d00000)
  from space 8704K, 98% used [0x00000000f8d00000,0x00000000f9556cc0,0x00000000f9580000)
  to   space 19968K, 0% used [0x00000000fa080000,0x00000000fa080000,0x00000000fb400000)
 ParOldGen       total 108544K, used 30689K [0x00000000e0000000, 0x00000000e6a00000, 0x00000000f5580000)
  object space 108544K, 28% used [0x00000000e0000000,0x00000000e1df8498,0x00000000e6a00000)
 Metaspace       used 67170K, capacity 72572K, committed 72664K, reserved 1112064K
  class space    used 8495K, capacity 10216K, committed 10240K, reserved 1048576K
Event: 62.748 GC heap after
Heap after GC invocations=15 (full 4):
 PSYoungGen      total 65536K, used 0K [0x00000000f5580000, 0x00000000fb400000, 0x0000000100000000)
  eden space 56832K, 0% used [0x00000000f5580000,0x00000000f5580000,0x00000000f8d00000)
  from space 8704K, 0% used [0x00000000f8d00000,0x00000000f8d00000,0x00000000f9580000)
  to   space 19968K, 0% used [0x00000000fa080000,0x00000000fa080000,0x00000000fb400000)
 ParOldGen       total 108544K, used 35959K [0x00000000e0000000, 0x00000000e6a00000, 0x00000000f5580000)
  object space 108544K, 33% used [0x00000000e0000000,0x00000000e231dc38,0x00000000e6a00000)
 Metaspace       used 67170K, capacity 72572K, committed 72664K, reserved 1112064K
  class space    used 8495K, capacity 10216K, committed 10240K, reserved 1048576K
}

