# JRE version: Java(TM) SE Runtime Environment (8.0_25-b18) (build 1.8.0_25-b18)
# Java VM: Java HotSpot(TM) 64-Bit Server VM (25.25-b02 mixed mode windows-amd64 compressed oops)
Heap:
 PSYoungGen      total 151552K, used 67785K [0x00000000f5580000, 0x00000000fff80000, 0x0000000100000000)
  eden space 131584K, 49% used [0x00000000f5580000,0x00000000f94ecfa0,0x00000000fd600000)
  from space 19968K, 14% used [0x00000000fd600000,0x00000000fd8c5828,0x00000000fe980000)
  to   space 19968K, 0% used [0x00000000fec00000,0x00000000fec00000,0x00000000fff80000)
 ParOldGen       total 78336K, used 40216K [0x00000000e0000000, 0x00000000e4c80000, 0x00000000f5580000)
  object space 78336K, 51% used [0x00000000e0000000,0x00000000e2746150,0x00000000e4c80000)
 Metaspace       used 78616K, capacity 84682K, committed 85080K, reserved 1122304K
  class space    used 9582K, capacity 11496K, committed 11608K, reserved 1048576K
GC Heap History (10 events):
Event: 75.180 GC heap before
{Heap before GC invocations=17 (full 4):
 PSYoungGen      total 121344K, used 320K [0x00000000f5580000, 0x00000000fe280000, 0x0000000100000000)
  eden space 99328K, 0% used [0x00000000f5580000,0x00000000f5580000,0x00000000fb680000)
  from space 22016K, 1% used [0x00000000fb680000,0x00000000fb6d0000,0x00000000fcc00000)
  to   space 22528K, 0% used [0x00000000fcc80000,0x00000000fcc80000,0x00000000fe280000)
 ParOldGen       total 78336K, used 41793K [0x00000000e0000000, 0x00000000e4c80000, 0x00000000f5580000)
  object space 78336K, 53% used [0x00000000e0000000,0x00000000e28d05b0,0x00000000e4c80000)
 Metaspace       used 67271K, capacity 72806K, committed 72920K, reserved 1112064K
  class space    used 8457K, capacity 10167K, committed 10200K, reserved 1048576K
Event: 75.452 GC heap after
Heap after GC invocations=17 (full 4):
 PSYoungGen      total 121344K, used 0K [0x00000000f5580000, 0x00000000fe280000, 0x0000000100000000)
  eden space 99328K, 0% used [0x00000000f5580000,0x00000000f5580000,0x00000000fb680000)
  from space 22016K, 0% used [0x00000000fb680000,0x00000000fb680000,0x00000000fcc00000)
  to   space 22528K, 0% used [0x00000000fcc80000,0x00000000fcc80000,0x00000000fe280000)
 ParOldGen       total 78336K, used 34118K [0x00000000e0000000, 0x00000000e4c80000, 0x00000000f5580000)
  object space 78336K, 43% used [0x00000000e0000000,0x00000000e2151888,0x00000000e4c80000)
 Metaspace       used 67271K, capacity 72806K, committed 72920K, reserved 1112064K
  class space    used 8457K, capacity 10167K, committed 10200K, reserved 1048576K
}
Event: 167.895 GC heap before
{Heap before GC invocations=18 (full 4):
 PSYoungGen      total 121344K, used 99328K [0x00000000f5580000, 0x00000000fe280000, 0x0000000100000000)
  eden space 99328K, 100% used [0x00000000f5580000,0x00000000fb680000,0x00000000fb680000)
  from space 22016K, 0% used [0x00000000fb680000,0x00000000fb680000,0x00000000fcc00000)
  to   space 22528K, 0% used [0x00000000fcc80000,0x00000000fcc80000,0x00000000fe280000)
 ParOldGen       total 78336K, used 34118K [0x00000000e0000000, 0x00000000e4c80000, 0x00000000f5580000)
  object space 78336K, 43% used [0x00000000e0000000,0x00000000e2151888,0x00000000e4c80000)
 Metaspace       used 72992K, capacity 78692K, committed 78808K, reserved 1118208K
  class space    used 9171K, capacity 10853K, committed 10968K, reserved 1048576K
Event: 167.907 GC heap after
Heap after GC invocations=18 (full 4):
 PSYoungGen      total 122880K, used 9162K [0x00000000f5580000, 0x00000000ffe80000, 0x0000000100000000)
  eden space 100352K, 0% used [0x00000000f5580000,0x00000000f5580000,0x00000000fb780000)
  from space 22528K, 40% used [0x00000000fcc80000,0x00000000fd572ad0,0x00000000fe280000)
  to   space 21504K, 0% used [0x00000000fb780000,0x00000000fb780000,0x00000000fcc80000)
 ParOldGen       total 78336K, used 34126K [0x00000000e0000000, 0x00000000e4c80000, 0x00000000f5580000)
  object space 78336K, 43% used [0x00000000e0000000,0x00000000e2153888,0x00000000e4c80000)
 Metaspace       used 72992K, capacity 78692K, committed 78808K, reserved 1118208K
  class space    used 9171K, capacity 10853K, committed 10968K, reserved 1048576K
}
Event: 315.523 GC heap before
{Heap before GC invocations=19 (full 4):
 PSYoungGen      total 122880K, used 109514K [0x00000000f5580000, 0x00000000ffe80000, 0x0000000100000000)
  eden space 100352K, 100% used [0x00000000f5580000,0x00000000fb780000,0x00000000fb780000)
  from space 22528K, 40% used [0x00000000fcc80000,0x00000000fd572ad0,0x00000000fe280000)
  to   space 21504K, 0% used [0x00000000fb780000,0x00000000fb780000,0x00000000fcc80000)
 ParOldGen       total 78336K, used 34126K [0x00000000e0000000, 0x00000000e4c80000, 0x00000000f5580000)
  object space 78336K, 43% used [0x00000000e0000000,0x00000000e2153888,0x00000000e4c80000)
 Metaspace       used 74546K, capacity 80128K, committed 80472K, reserved 1118208K
  class space    used 9257K, capacity 10986K, committed 11096K, reserved 1048576K
Event: 315.533 GC heap after
Heap after GC invocations=19 (full 4):
 PSYoungGen      total 121856K, used 3306K [0x00000000f5580000, 0x00000000ffe00000, 0x0000000100000000)
  eden space 100352K, 0% used [0x00000000f5580000,0x00000000f5580000,0x00000000fb780000)
  from space 21504K, 15% used [0x00000000fb780000,0x00000000fbabaa18,0x00000000fcc80000)
  to   space 20992K, 0% used [0x00000000fe980000,0x00000000fe980000,0x00000000ffe00000)
 ParOldGen       total 78336K, used 37557K [0x00000000e0000000, 0x00000000e4c80000, 0x00000000f5580000)
  object space 78336K, 47% used [0x00000000e0000000,0x00000000e24ad790,0x00000000e4c80000)
 Metaspace       used 74546K, capacity 80128K, committed 80472K, reserved 1118208K
  class space    used 9257K, capacity 10986K, committed 11096K, reserved 1048576K
}
Event: 389.330 GC heap before
{Heap before GC invocations=20 (full 4):
 PSYoungGen      total 121856K, used 103658K [0x00000000f5580000, 0x00000000ffe00000, 0x0000000100000000)
  eden space 100352K, 100% used [0x00000000f5580000,0x00000000fb780000,0x00000000fb780000)
  from space 21504K, 15% used [0x00000000fb780000,0x00000000fbabaa18,0x00000000fcc80000)
  to   space 20992K, 0% used [0x00000000fe980000,0x00000000fe980000,0x00000000ffe00000)
 ParOldGen       total 78336K, used 37557K [0x00000000e0000000, 0x00000000e4c80000, 0x00000000f5580000)
  object space 78336K, 47% used [0x00000000e0000000,0x00000000e24ad790,0x00000000e4c80000)
 Metaspace       used 76785K, capacity 82896K, committed 83032K, reserved 1120256K
  class space    used 9460K, capacity 11266K, committed 11352K, reserved 1048576K
Event: 389.339 GC heap after
Heap after GC invocations=20 (full 4):
 PSYoungGen      total 152064K, used 5027K [0x00000000f5580000, 0x00000000ffd80000, 0x0000000100000000)
  eden space 131584K, 0% used [0x00000000f5580000,0x00000000f5580000,0x00000000fd600000)
  from space 20480K, 24% used [0x00000000fe980000,0x00000000fee68f20,0x00000000ffd80000)
  to   space 19968K, 0% used [0x00000000fd600000,0x00000000fd600000,0x00000000fe980000)
 ParOldGen       total 78336K, used 38251K [0x00000000e0000000, 0x00000000e4c80000, 0x00000000f5580000)
  object space 78336K, 48% used [0x00000000e0000000,0x00000000e255ad70,0x00000000e4c80000)
 Metaspace       used 76785K, capacity 82896K, committed 83032K, reserved 1120256K
  class space    used 9460K, capacity 11266K, committed 11352K, reserved 1048576K
}
Event: 504.928 GC heap before
{Heap before GC invocations=21 (full 4):
 PSYoungGen      total 152064K, used 136611K [0x00000000f5580000, 0x00000000ffd80000, 0x0000000100000000)
  eden space 131584K, 100% used [0x00000000f5580000,0x00000000fd600000,0x00000000fd600000)
  from space 20480K, 24% used [0x00000000fe980000,0x00000000fee68f20,0x00000000ffd80000)
  to   space 19968K, 0% used [0x00000000fd600000,0x00000000fd600000,0x00000000fe980000)
 ParOldGen       total 78336K, used 38251K [0x00000000e0000000, 0x00000000e4c80000, 0x00000000f5580000)
  object space 78336K, 48% used [0x00000000e0000000,0x00000000e255ad70,0x00000000e4c80000)
 Metaspace       used 77688K, capacity 83958K, committed 84184K, reserved 1122304K
  class space    used 9492K, capacity 11363K, committed 11480K, reserved 1048576K
Event: 504.934 GC heap after
Heap after GC invocations=21 (full 4):
 PSYoungGen      total 151552K, used 2838K [0x00000000f5580000, 0x00000000fff80000, 0x0000000100000000)
  eden space 131584K, 0% used [0x00000000f5580000,0x00000000f5580000,0x00000000fd600000)
  from space 19968K, 14% used [0x00000000fd600000,0x00000000fd8c5828,0x00000000fe980000)
  to   space 19968K, 0% used [0x00000000fec00000,0x00000000fec00000,0x00000000fff80000)
 ParOldGen       total 78336K, used 40216K [0x00000000e0000000, 0x00000000e4c80000, 0x00000000f5580000)
  object space 78336K, 51% used [0x00000000e0000000,0x00000000e2746150,0x00000000e4c80000)
 Metaspace       used 77688K, capacity 83958K, committed 84184K, reserved 1122304K
  class space    used 9492K, capacity 11363K, committed 11480K, reserved 1048576K
}

